[0.076s] Invoking command in '/home/choi/robot_ws/build/image_transport': CMAKE_PREFIX_PATH=${CMAKE_PREFIX_PATH}:/home/choi/gcamp_ros2_ws/install/py_topic_pkg:/home/choi/gcamp_ros2_ws/install/py_service_pkg:/home/choi/gcamp_ros2_ws/install/py_first_pkg:/home/choi/gcamp_ros2_ws/install/py_action_pkg:/opt/ros/foxy:/home/choi/colcon_ws/install/stella_teleop_bluetooth:/home/choi/colcon_ws/install/stella_teleop:/home/choi/colcon_ws/install/stella_camera /usr/bin/cmake /home/choi/robot_ws/src/image_common/image_transport -DAMENT_CMAKE_SYMLINK_INSTALL=1 -DCMAKE_INSTALL_PREFIX=/home/choi/robot_ws/install/image_transport
[0.505s] -- The C compiler identification is GNU 9.4.0
[0.837s] -- The CXX compiler identification is GNU 9.4.0
[0.908s] -- Check for working C compiler: /usr/bin/cc
[1.035s] -- Check for working C compiler: /usr/bin/cc -- works
[1.038s] -- Detecting C compiler ABI info
[1.144s] -- Detecting C compiler ABI info - done
[1.169s] -- Detecting C compile features
[1.169s] -- Detecting C compile features - done
[1.173s] -- Check for working CXX compiler: /usr/bin/c++
[1.261s] -- Check for working CXX compiler: /usr/bin/c++ -- works
[1.262s] -- Detecting CXX compiler ABI info
[1.355s] -- Detecting CXX compiler ABI info - done
[1.371s] -- Detecting CXX compile features
[1.371s] -- Detecting CXX compile features - done
[1.427s] -- Found ament_cmake_ros: 0.9.2 (/opt/ros/foxy/share/ament_cmake_ros/cmake)
[1.576s] -- Found PythonInterp: /usr/bin/python3 (found suitable version "3.8.10", minimum required is "3") 
[1.577s] -- Using PYTHON_EXECUTABLE: /usr/bin/python3
[1.831s] -- Override CMake install command with custom implementation using symlinks instead of copying resources
[1.966s] -- Found message_filters: 3.2.5 (/opt/ros/foxy/share/message_filters/cmake)
[2.029s] -- Found pluginlib: 2.5.4 (/opt/ros/foxy/share/pluginlib/cmake)
[2.420s] -- Found rclcpp: 2.4.1 (/opt/ros/foxy/share/rclcpp/cmake)
[2.479s] -- Using all available rosidl_typesupport_c: rosidl_typesupport_fastrtps_c;rosidl_typesupport_introspection_c
[2.497s] -- Found rosidl_adapter: 1.2.1 (/opt/ros/foxy/share/rosidl_adapter/cmake)
[2.747s] -- Found OpenSSL: /usr/lib/x86_64-linux-gnu/libcrypto.so (found version "1.1.1f")  
[2.808s] -- Found FastRTPS: /opt/ros/foxy/include  
[3.441s] -- Using all available rosidl_typesupport_cpp: rosidl_typesupport_fastrtps_cpp;rosidl_typesupport_introspection_cpp
[4.015s] -- Found rmw_implementation_cmake: 1.0.3 (/opt/ros/foxy/share/rmw_implementation_cmake/cmake)
[4.029s] -- Using RMW implementation 'rmw_fastrtps_cpp' as default
[4.049s] -- Looking for pthread.h
[4.578s] -- Looking for pthread.h - found
[4.578s] -- Performing Test CMAKE_HAVE_LIBC_PTHREAD
[4.713s] -- Performing Test CMAKE_HAVE_LIBC_PTHREAD - Failed
[4.713s] -- Looking for pthread_create in pthreads
[4.830s] -- Looking for pthread_create in pthreads - not found
[4.830s] -- Looking for pthread_create in pthread
[4.907s] -- Looking for pthread_create in pthread - found
[4.908s] -- Found Threads: TRUE  
[5.854s] -- Found sensor_msgs: 2.0.5 (/opt/ros/foxy/share/sensor_msgs/cmake)
[5.992s] -- Found gtest sources under '/opt/ros/foxy/src/gtest_vendor': C++ tests using 'Google Test' will be built
[5.994s] -- Check if compiler accepts -pthread
[6.076s] -- Check if compiler accepts -pthread - yes
[6.214s] -- Configuring done
[6.298s] -- Generating done
[6.302s] -- Build files have been written to: /home/choi/robot_ws/build/image_transport
[6.316s] Invoked command in '/home/choi/robot_ws/build/image_transport' returned '0': CMAKE_PREFIX_PATH=${CMAKE_PREFIX_PATH}:/home/choi/gcamp_ros2_ws/install/py_topic_pkg:/home/choi/gcamp_ros2_ws/install/py_service_pkg:/home/choi/gcamp_ros2_ws/install/py_first_pkg:/home/choi/gcamp_ros2_ws/install/py_action_pkg:/opt/ros/foxy:/home/choi/colcon_ws/install/stella_teleop_bluetooth:/home/choi/colcon_ws/install/stella_teleop:/home/choi/colcon_ws/install/stella_camera /usr/bin/cmake /home/choi/robot_ws/src/image_common/image_transport -DAMENT_CMAKE_SYMLINK_INSTALL=1 -DCMAKE_INSTALL_PREFIX=/home/choi/robot_ws/install/image_transport
[6.319s] Invoking command in '/home/choi/robot_ws/build/image_transport': CMAKE_PREFIX_PATH=${CMAKE_PREFIX_PATH}:/home/choi/gcamp_ros2_ws/install/py_topic_pkg:/home/choi/gcamp_ros2_ws/install/py_service_pkg:/home/choi/gcamp_ros2_ws/install/py_first_pkg:/home/choi/gcamp_ros2_ws/install/py_action_pkg:/opt/ros/foxy:/home/choi/colcon_ws/install/stella_teleop_bluetooth:/home/choi/colcon_ws/install/stella_teleop:/home/choi/colcon_ws/install/stella_camera /usr/bin/cmake --build /home/choi/robot_ws/build/image_transport -- -j12 -l12
[6.362s] [35m[1mScanning dependencies of target gtest_main[0m
[6.363s] [35m[1mScanning dependencies of target gtest[0m
[6.364s] [35m[1mScanning dependencies of target image_transport[0m
[6.378s] [  3%] [32mBuilding CXX object gtest/CMakeFiles/gtest_main.dir/src/gtest_main.cc.o[0m
[6.381s] [  6%] [32mBuilding CXX object gtest/CMakeFiles/gtest.dir/src/gtest-all.cc.o[0m
[8.624s] [ 10%] [32mBuilding CXX object CMakeFiles/image_transport.dir/src/camera_common.cpp.o[0m
[8.724s] [ 16%] [32mBuilding CXX object CMakeFiles/image_transport.dir/src/publisher.cpp.o[0m
[8.724s] [ 16%] [32mBuilding CXX object CMakeFiles/image_transport.dir/src/single_subscriber_publisher.cpp.o[0m
[8.724s] [ 20%] [32mBuilding CXX object CMakeFiles/image_transport.dir/src/subscriber.cpp.o[0m
[8.729s] [ 23%] [32mBuilding CXX object CMakeFiles/image_transport.dir/src/camera_subscriber.cpp.o[0m
[8.732s] [ 26%] [32mBuilding CXX object CMakeFiles/image_transport.dir/src/camera_publisher.cpp.o[0m
[8.736s] [ 30%] [32mBuilding CXX object CMakeFiles/image_transport.dir/src/image_transport.cpp.o[0m
[12.751s] [ 33%] [32m[1mLinking CXX static library libgtest_main.a[0m
[12.931s] [ 33%] Built target gtest_main
[17.352s] [ 36%] [32m[1mLinking CXX static library libgtest.a[0m
[17.457s] [ 36%] Built target gtest
[21.793s] [ 40%] [32m[1mLinking CXX shared library libimage_transport.so[0m
[22.727s] [ 40%] Built target image_transport
[22.741s] [35m[1mScanning dependencies of target image_transport_plugins[0m
[22.753s] [35m[1mScanning dependencies of target image_transport-remapping[0m
[22.787s] [35m[1mScanning dependencies of target list_transports[0m
[22.803s] [35m[1mScanning dependencies of target republish[0m
[22.819s] [35m[1mScanning dependencies of target image_transport-camera_common[0m
[22.821s] [35m[1mScanning dependencies of target image_transport-subscriber[0m
[22.843s] [35m[1mScanning dependencies of target image_transport-message_passing[0m
[22.845s] [35m[1mScanning dependencies of target image_transport-publisher[0m
[22.878s] [35m[1mScanning dependencies of target image_transport-single_subscriber_publisher[0m
[22.895s] [ 43%] [32mBuilding CXX object CMakeFiles/image_transport_plugins.dir/src/manifest.cpp.o[0m
[22.910s] [ 46%] [32mBuilding CXX object CMakeFiles/image_transport-camera_common.dir/test/test_camera_common.cpp.o[0m
[22.922s] [ 50%] [32mBuilding CXX object CMakeFiles/image_transport-remapping.dir/test/test_remapping.cpp.o[0m
[22.939s] [ 53%] [32mBuilding CXX object CMakeFiles/republish.dir/src/republish.cpp.o[0m
[22.970s] [ 56%] [32mBuilding CXX object CMakeFiles/list_transports.dir/src/list_transports.cpp.o[0m
[22.972s] [ 60%] [32mBuilding CXX object CMakeFiles/image_transport-publisher.dir/test/test_publisher.cpp.o[0m
[23.006s] [ 63%] [32mBuilding CXX object CMakeFiles/image_transport-subscriber.dir/test/test_subscriber.cpp.o[0m
[23.035s] [ 66%] [32mBuilding CXX object CMakeFiles/image_transport-single_subscriber_publisher.dir/test/test_single_subscriber_publisher.cpp.o[0m
[23.059s] [ 70%] [32mBuilding CXX object CMakeFiles/image_transport-message_passing.dir/test/test_message_passing.cpp.o[0m
[25.742s] [ 73%] [32m[1mLinking CXX executable image_transport-camera_common[0m
[26.423s] [ 73%] Built target image_transport-camera_common
[28.185s] [ 76%] [32m[1mLinking CXX executable image_transport-remapping[0m
[28.594s] [ 80%] [32m[1mLinking CXX executable image_transport-single_subscriber_publisher[0m
[28.845s] [ 83%] [32m[1mLinking CXX executable image_transport-message_passing[0m
[28.858s] [ 83%] Built target image_transport-remapping
[29.390s] [ 86%] [32m[1mLinking CXX executable image_transport-subscriber[0m
[29.515s] [ 86%] Built target image_transport-single_subscriber_publisher
[29.884s] [ 86%] Built target image_transport-message_passing
[30.047s] [ 90%] [32m[1mLinking CXX executable image_transport-publisher[0m
[30.427s] [ 90%] Built target image_transport-subscriber
[30.786s] [ 90%] Built target image_transport-publisher
[33.237s] [ 93%] [32m[1mLinking CXX executable list_transports[0m
[33.634s] [ 96%] [32m[1mLinking CXX executable republish[0m
[33.824s] [ 96%] Built target list_transports
[33.894s] [100%] [32m[1mLinking CXX shared library libimage_transport_plugins.so[0m
[34.322s] [100%] Built target republish
[34.413s] [100%] Built target image_transport_plugins
[34.965s] Invoked command in '/home/choi/robot_ws/build/image_transport' returned '0': CMAKE_PREFIX_PATH=${CMAKE_PREFIX_PATH}:/home/choi/gcamp_ros2_ws/install/py_topic_pkg:/home/choi/gcamp_ros2_ws/install/py_service_pkg:/home/choi/gcamp_ros2_ws/install/py_first_pkg:/home/choi/gcamp_ros2_ws/install/py_action_pkg:/opt/ros/foxy:/home/choi/colcon_ws/install/stella_teleop_bluetooth:/home/choi/colcon_ws/install/stella_teleop:/home/choi/colcon_ws/install/stella_camera /usr/bin/cmake --build /home/choi/robot_ws/build/image_transport -- -j12 -l12
[35.421s] Invoking command in '/home/choi/robot_ws/build/image_transport': CMAKE_PREFIX_PATH=${CMAKE_PREFIX_PATH}:/home/choi/gcamp_ros2_ws/install/py_topic_pkg:/home/choi/gcamp_ros2_ws/install/py_service_pkg:/home/choi/gcamp_ros2_ws/install/py_first_pkg:/home/choi/gcamp_ros2_ws/install/py_action_pkg:/opt/ros/foxy:/home/choi/colcon_ws/install/stella_teleop_bluetooth:/home/choi/colcon_ws/install/stella_teleop:/home/choi/colcon_ws/install/stella_camera /usr/bin/cmake --install /home/choi/robot_ws/build/image_transport
[35.437s] -- Install configuration: ""
[35.438s] -- Execute custom install script
[35.439s] -- Symlinking: /home/choi/robot_ws/install/image_transport/share/image_transport//default_plugins.xml
[35.454s] -- Symlinking: /home/choi/robot_ws/install/image_transport/lib/libimage_transport.so
[35.473s] -- Symlinking: /home/choi/robot_ws/install/image_transport/lib/libimage_transport_plugins.so
[35.497s] -- Symlinking: /home/choi/robot_ws/install/image_transport/lib/image_transport/list_transports
[35.524s] -- Symlinking: /home/choi/robot_ws/install/image_transport/lib/image_transport/republish
[35.539s] -- Symlinking: /home/choi/robot_ws/install/image_transport/include/image_transport/camera_common.h
[35.585s] -- Symlinking: /home/choi/robot_ws/install/image_transport/include/image_transport/camera_common.hpp
[35.604s] -- Symlinking: /home/choi/robot_ws/install/image_transport/include/image_transport/camera_publisher.h
[35.620s] -- Symlinking: /home/choi/robot_ws/install/image_transport/include/image_transport/camera_publisher.hpp
[35.634s] -- Symlinking: /home/choi/robot_ws/install/image_transport/include/image_transport/camera_subscriber.h
[35.648s] -- Symlinking: /home/choi/robot_ws/install/image_transport/include/image_transport/camera_subscriber.hpp
[35.667s] -- Symlinking: /home/choi/robot_ws/install/image_transport/include/image_transport/exception.h
[35.694s] -- Symlinking: /home/choi/robot_ws/install/image_transport/include/image_transport/exception.hpp
[35.731s] -- Symlinking: /home/choi/robot_ws/install/image_transport/include/image_transport/image_transport.h
[35.751s] -- Symlinking: /home/choi/robot_ws/install/image_transport/include/image_transport/image_transport.hpp
[35.776s] -- Symlinking: /home/choi/robot_ws/install/image_transport/include/image_transport/loader_fwds.h
[35.792s] -- Symlinking: /home/choi/robot_ws/install/image_transport/include/image_transport/loader_fwds.hpp
[35.807s] -- Symlinking: /home/choi/robot_ws/install/image_transport/include/image_transport/publisher.h
[35.822s] -- Symlinking: /home/choi/robot_ws/install/image_transport/include/image_transport/publisher.hpp
[35.842s] -- Symlinking: /home/choi/robot_ws/install/image_transport/include/image_transport/publisher_plugin.h
[35.882s] -- Symlinking: /home/choi/robot_ws/install/image_transport/include/image_transport/publisher_plugin.hpp
[35.920s] -- Symlinking: /home/choi/robot_ws/install/image_transport/include/image_transport/raw_publisher.h
[35.936s] -- Symlinking: /home/choi/robot_ws/install/image_transport/include/image_transport/raw_publisher.hpp
[35.953s] -- Symlinking: /home/choi/robot_ws/install/image_transport/include/image_transport/raw_subscriber.h
[35.975s] -- Symlinking: /home/choi/robot_ws/install/image_transport/include/image_transport/raw_subscriber.hpp
[35.990s] -- Symlinking: /home/choi/robot_ws/install/image_transport/include/image_transport/simple_publisher_plugin.h
[36.028s] -- Symlinking: /home/choi/robot_ws/install/image_transport/include/image_transport/simple_publisher_plugin.hpp
[36.044s] -- Symlinking: /home/choi/robot_ws/install/image_transport/include/image_transport/simple_subscriber_plugin.h
[36.060s] -- Symlinking: /home/choi/robot_ws/install/image_transport/include/image_transport/simple_subscriber_plugin.hpp
[36.097s] -- Symlinking: /home/choi/robot_ws/install/image_transport/include/image_transport/single_subscriber_publisher.h
[36.118s] -- Symlinking: /home/choi/robot_ws/install/image_transport/include/image_transport/single_subscriber_publisher.hpp
[36.133s] -- Symlinking: /home/choi/robot_ws/install/image_transport/include/image_transport/subscriber.h
[36.148s] -- Symlinking: /home/choi/robot_ws/install/image_transport/include/image_transport/subscriber.hpp
[36.163s] -- Symlinking: /home/choi/robot_ws/install/image_transport/include/image_transport/subscriber_filter.h
[36.178s] -- Symlinking: /home/choi/robot_ws/install/image_transport/include/image_transport/subscriber_filter.hpp
[36.192s] -- Symlinking: /home/choi/robot_ws/install/image_transport/include/image_transport/subscriber_plugin.h
[36.208s] -- Symlinking: /home/choi/robot_ws/install/image_transport/include/image_transport/subscriber_plugin.hpp
[36.223s] -- Symlinking: /home/choi/robot_ws/install/image_transport/include/image_transport/transport_hints.h
[36.237s] -- Symlinking: /home/choi/robot_ws/install/image_transport/include/image_transport/transport_hints.hpp
[36.253s] -- Symlinking: /home/choi/robot_ws/install/image_transport/include/image_transport/visibility_control.hpp
[36.268s] -- Symlinking: /home/choi/robot_ws/install/image_transport/share/image_transport/environment/library_path.sh
[36.288s] -- Symlinking: /home/choi/robot_ws/install/image_transport/share/image_transport/environment/library_path.dsv
[36.321s] -- Symlinking: /home/choi/robot_ws/install/image_transport/share/ament_index/resource_index/package_run_dependencies/image_transport
[36.348s] -- Symlinking: /home/choi/robot_ws/install/image_transport/share/ament_index/resource_index/parent_prefix_path/image_transport
[36.377s] -- Symlinking: /home/choi/robot_ws/install/image_transport/share/image_transport/environment/ament_prefix_path.sh
[36.390s] -- Symlinking: /home/choi/robot_ws/install/image_transport/share/image_transport/environment/ament_prefix_path.dsv
[36.414s] -- Symlinking: /home/choi/robot_ws/install/image_transport/share/image_transport/environment/path.sh
[36.445s] -- Symlinking: /home/choi/robot_ws/install/image_transport/share/image_transport/environment/path.dsv
[36.463s] -- Symlinking: /home/choi/robot_ws/install/image_transport/share/image_transport/local_setup.bash
[36.500s] -- Symlinking: /home/choi/robot_ws/install/image_transport/share/image_transport/local_setup.sh
[36.515s] -- Symlinking: /home/choi/robot_ws/install/image_transport/share/image_transport/local_setup.zsh
[36.530s] -- Symlinking: /home/choi/robot_ws/install/image_transport/share/image_transport/local_setup.dsv
[36.550s] -- Symlinking: /home/choi/robot_ws/install/image_transport/share/image_transport/package.dsv
[36.567s] -- Symlinking: /home/choi/robot_ws/install/image_transport/share/ament_index/resource_index/packages/image_transport
[36.595s] -- Symlinking: /home/choi/robot_ws/install/image_transport/share/ament_index/resource_index/image_transport__pluginlib__plugin/image_transport
[36.641s] -- Symlinking: /home/choi/robot_ws/install/image_transport/share/image_transport/cmake/ament_cmake_export_include_directories-extras.cmake
[36.673s] -- Symlinking: /home/choi/robot_ws/install/image_transport/share/image_transport/cmake/ament_cmake_export_libraries-extras.cmake
[36.717s] -- Symlinking: /home/choi/robot_ws/install/image_transport/share/image_transport/cmake/ament_cmake_export_dependencies-extras.cmake
[36.769s] -- Symlinking: /home/choi/robot_ws/install/image_transport/share/image_transport/cmake/image_transportConfig.cmake
[36.800s] -- Symlinking: /home/choi/robot_ws/install/image_transport/share/image_transport/cmake/image_transportConfig-version.cmake
[36.843s] -- Symlinking: /home/choi/robot_ws/install/image_transport/share/image_transport/package.xml
[36.895s] Invoked command in '/home/choi/robot_ws/build/image_transport' returned '0': CMAKE_PREFIX_PATH=${CMAKE_PREFIX_PATH}:/home/choi/gcamp_ros2_ws/install/py_topic_pkg:/home/choi/gcamp_ros2_ws/install/py_service_pkg:/home/choi/gcamp_ros2_ws/install/py_first_pkg:/home/choi/gcamp_ros2_ws/install/py_action_pkg:/opt/ros/foxy:/home/choi/colcon_ws/install/stella_teleop_bluetooth:/home/choi/colcon_ws/install/stella_teleop:/home/choi/colcon_ws/install/stella_camera /usr/bin/cmake --install /home/choi/robot_ws/build/image_transport
