[0.026s] Invoking command in '/home/choi/robot_ws/build/choi_stella_cartographer': CMAKE_PREFIX_PATH=${CMAKE_PREFIX_PATH}:/home/choi/gcamp_ros2_ws/install/py_topic_pkg:/home/choi/gcamp_ros2_ws/install/py_service_pkg:/home/choi/gcamp_ros2_ws/install/py_first_pkg:/home/choi/gcamp_ros2_ws/install/py_action_pkg:/opt/ros/foxy:/home/choi/robot_ws/install/opencv_tests:/home/choi/colcon_ws/install/stella_teleop_bluetooth:/home/choi/colcon_ws/install/stella_teleop:/home/choi/colcon_ws/install/stella_camera /usr/bin/cmake --build /home/choi/robot_ws/build/choi_stella_cartographer -- -j12 -l12
[0.071s] -- Found ament_cmake: 0.9.9 (/opt/ros/foxy/share/ament_cmake/cmake)
[0.124s] -- Using PYTHON_EXECUTABLE: /usr/bin/python3
[0.333s] -- Override CMake install command with custom implementation using symlinks instead of copying resources
[0.343s] -- Found rclcpp: 2.4.1 (/opt/ros/foxy/share/rclcpp/cmake)
[0.387s] -- Using all available rosidl_typesupport_c: rosidl_typesupport_fastrtps_c;rosidl_typesupport_introspection_c
[0.390s] -- Found rosidl_adapter: 1.2.1 (/opt/ros/foxy/share/rosidl_adapter/cmake)
[0.547s] -- Using all available rosidl_typesupport_cpp: rosidl_typesupport_fastrtps_cpp;rosidl_typesupport_introspection_cpp
[0.595s] -- Found rmw_implementation_cmake: 1.0.3 (/opt/ros/foxy/share/rmw_implementation_cmake/cmake)
[0.597s] -- Using RMW implementation 'rmw_fastrtps_cpp' as default
[0.738s] -- Found ament_lint_auto: 0.9.6 (/opt/ros/foxy/share/ament_lint_auto/cmake)
[0.816s] -- Added test 'copyright' to check source files copyright and LICENSE
[0.819s] -- Added test 'flake8' to check Python code syntax and style conventions
[0.819s] -- Added test 'lint_cmake' to check CMake code style
[0.820s] -- Added test 'pep257' to check Python code against some of the style conventions in PEP 257
[0.821s] -- Added test 'xmllint' to check XML markup files
[0.824s] -- Configuring done
[0.826s] -- Generating done
[0.827s] -- Build files have been written to: /home/choi/robot_ws/build/choi_stella_cartographer
[0.869s] Invoked command in '/home/choi/robot_ws/build/choi_stella_cartographer' returned '0': CMAKE_PREFIX_PATH=${CMAKE_PREFIX_PATH}:/home/choi/gcamp_ros2_ws/install/py_topic_pkg:/home/choi/gcamp_ros2_ws/install/py_service_pkg:/home/choi/gcamp_ros2_ws/install/py_first_pkg:/home/choi/gcamp_ros2_ws/install/py_action_pkg:/opt/ros/foxy:/home/choi/robot_ws/install/opencv_tests:/home/choi/colcon_ws/install/stella_teleop_bluetooth:/home/choi/colcon_ws/install/stella_teleop:/home/choi/colcon_ws/install/stella_camera /usr/bin/cmake --build /home/choi/robot_ws/build/choi_stella_cartographer -- -j12 -l12
[0.928s] Invoking command in '/home/choi/robot_ws/build/choi_stella_cartographer': CMAKE_PREFIX_PATH=${CMAKE_PREFIX_PATH}:/home/choi/gcamp_ros2_ws/install/py_topic_pkg:/home/choi/gcamp_ros2_ws/install/py_service_pkg:/home/choi/gcamp_ros2_ws/install/py_first_pkg:/home/choi/gcamp_ros2_ws/install/py_action_pkg:/opt/ros/foxy:/home/choi/robot_ws/install/opencv_tests:/home/choi/colcon_ws/install/stella_teleop_bluetooth:/home/choi/colcon_ws/install/stella_teleop:/home/choi/colcon_ws/install/stella_camera /usr/bin/cmake --install /home/choi/robot_ws/build/choi_stella_cartographer
[0.944s] -- Install configuration: ""
[0.944s] -- Execute custom install script
[0.945s] -- Up-to-date symlink: /home/choi/robot_ws/install/choi_stella_cartographer/share/choi_stella_cartographer/launch/ST_cartographer.launch.py
[0.945s] -- Up-to-date symlink: /home/choi/robot_ws/install/choi_stella_cartographer/share/choi_stella_cartographer/launch/cartographer_stella.launch.py
[0.945s] -- Up-to-date symlink: /home/choi/robot_ws/install/choi_stella_cartographer/share/choi_stella_cartographer/launch/occupancy_grid2.launch.py
[0.946s] -- Up-to-date symlink: /home/choi/robot_ws/install/choi_stella_cartographer/share/choi_stella_cartographer/launch/stella_cartographer.launch.py
[0.947s] -- Up-to-date symlink: /home/choi/robot_ws/install/choi_stella_cartographer/share/choi_stella_cartographer/worlds/empty.world
[0.948s] -- Up-to-date symlink: /home/choi/robot_ws/install/choi_stella_cartographer/share/choi_stella_cartographer/models/CMakeLists.txt
[0.948s] -- Up-to-date symlink: /home/choi/robot_ws/install/choi_stella_cartographer/share/choi_stella_cartographer/models/ground_plane/model.config
[0.949s] -- Up-to-date symlink: /home/choi/robot_ws/install/choi_stella_cartographer/share/choi_stella_cartographer/models/ground_plane/model.sdf
[0.949s] -- Up-to-date symlink: /home/choi/robot_ws/install/choi_stella_cartographer/share/choi_stella_cartographer/models/sun/model.config
[0.949s] -- Up-to-date symlink: /home/choi/robot_ws/install/choi_stella_cartographer/share/choi_stella_cartographer/models/sun/model.sdf
[0.950s] -- Up-to-date symlink: /home/choi/robot_ws/install/choi_stella_cartographer/share/choi_stella_cartographer/meshes/hokuyo.dae
[0.951s] -- Up-to-date symlink: /home/choi/robot_ws/install/choi_stella_cartographer/share/choi_stella_cartographer/urdf/stella_bot.gazebo
[0.951s] -- Up-to-date symlink: /home/choi/robot_ws/install/choi_stella_cartographer/share/choi_stella_cartographer/urdf/stella_bot.urdf
[0.952s] -- Up-to-date symlink: /home/choi/robot_ws/install/choi_stella_cartographer/share/choi_stella_cartographer/urdf/stella_bot.xacro
[0.953s] -- Up-to-date symlink: /home/choi/robot_ws/install/choi_stella_cartographer/share/choi_stella_cartographer/config/stella2.lua
[0.953s] -- Up-to-date symlink: /home/choi/robot_ws/install/choi_stella_cartographer/share/ament_index/resource_index/package_run_dependencies/choi_stella_cartographer
[0.954s] -- Up-to-date symlink: /home/choi/robot_ws/install/choi_stella_cartographer/share/ament_index/resource_index/parent_prefix_path/choi_stella_cartographer
[0.955s] -- Up-to-date symlink: /home/choi/robot_ws/install/choi_stella_cartographer/share/choi_stella_cartographer/environment/ament_prefix_path.sh
[0.955s] -- Up-to-date symlink: /home/choi/robot_ws/install/choi_stella_cartographer/share/choi_stella_cartographer/environment/ament_prefix_path.dsv
[0.956s] -- Up-to-date symlink: /home/choi/robot_ws/install/choi_stella_cartographer/share/choi_stella_cartographer/environment/path.sh
[0.957s] -- Up-to-date symlink: /home/choi/robot_ws/install/choi_stella_cartographer/share/choi_stella_cartographer/environment/path.dsv
[0.958s] -- Up-to-date symlink: /home/choi/robot_ws/install/choi_stella_cartographer/share/choi_stella_cartographer/local_setup.bash
[0.958s] -- Up-to-date symlink: /home/choi/robot_ws/install/choi_stella_cartographer/share/choi_stella_cartographer/local_setup.sh
[0.958s] -- Up-to-date symlink: /home/choi/robot_ws/install/choi_stella_cartographer/share/choi_stella_cartographer/local_setup.zsh
[0.958s] -- Up-to-date symlink: /home/choi/robot_ws/install/choi_stella_cartographer/share/choi_stella_cartographer/local_setup.dsv
[0.958s] -- Symlinking: /home/choi/robot_ws/install/choi_stella_cartographer/share/choi_stella_cartographer/package.dsv
[0.973s] -- Up-to-date symlink: /home/choi/robot_ws/install/choi_stella_cartographer/share/ament_index/resource_index/packages/choi_stella_cartographer
[0.974s] -- Up-to-date symlink: /home/choi/robot_ws/install/choi_stella_cartographer/share/choi_stella_cartographer/cmake/choi_stella_cartographerConfig.cmake
[0.974s] -- Up-to-date symlink: /home/choi/robot_ws/install/choi_stella_cartographer/share/choi_stella_cartographer/cmake/choi_stella_cartographerConfig-version.cmake
[0.975s] -- Up-to-date symlink: /home/choi/robot_ws/install/choi_stella_cartographer/share/choi_stella_cartographer/package.xml
[0.979s] Invoked command in '/home/choi/robot_ws/build/choi_stella_cartographer' returned '0': CMAKE_PREFIX_PATH=${CMAKE_PREFIX_PATH}:/home/choi/gcamp_ros2_ws/install/py_topic_pkg:/home/choi/gcamp_ros2_ws/install/py_service_pkg:/home/choi/gcamp_ros2_ws/install/py_first_pkg:/home/choi/gcamp_ros2_ws/install/py_action_pkg:/opt/ros/foxy:/home/choi/robot_ws/install/opencv_tests:/home/choi/colcon_ws/install/stella_teleop_bluetooth:/home/choi/colcon_ws/install/stella_teleop:/home/choi/colcon_ws/install/stella_camera /usr/bin/cmake --install /home/choi/robot_ws/build/choi_stella_cartographer
