[0.022s] Invoking command in '/home/choi/robot_ws/build/camera_info_manager': AMENT_PREFIX_PATH=/home/choi/robot_ws/install/camera_calibration_parsers:${AMENT_PREFIX_PATH} CMAKE_PREFIX_PATH=/home/choi/robot_ws/install/camera_calibration_parsers:/home/choi/gcamp_ros2_ws/install/stella_action_pkg:/home/choi/gcamp_ros2_ws/install/gcamp_gazebo:/home/choi/gcamp_ros2_ws/install/cpp_service_pkg:/home/choi/gcamp_ros2_ws/install/cpp_action_pkg:/home/choi/gcamp_ros2_ws/install/custom_interfaces:/home/choi/gcamp_ros2_ws/install/cpp_topic_pkg:/home/choi/gcamp_ros2_ws/install/cpp_service_tutorial:/home/choi/gcamp_ros2_ws/install/cpp_first_pkg:/home/choi/robot_ws/install/choi_stella_cartographer:/home/choi/colcon_ws/install/stella_navigation2:/home/choi/colcon_ws/install/stella_include__pkg:/home/choi/colcon_ws/install/stella_bringup:/home/choi/colcon_ws/install/stella_description:/home/choi/colcon_ws/install/stella_cartographer:/home/choi/colcon_ws/install/stella_action_pkg:/home/choi/gcamp_ros2_ws/install/py_topic_pkg:/home/choi/gcamp_ros2_ws/install/py_service_pkg:/home/choi/gcamp_ros2_ws/install/py_first_pkg:/home/choi/gcamp_ros2_ws/install/py_action_pkg:/opt/ros/foxy:/home/choi/colcon_ws/install/stella_teleop_bluetooth:/home/choi/colcon_ws/install/stella_teleop:/home/choi/colcon_ws/install/stella_camera LD_LIBRARY_PATH=/home/choi/robot_ws/install/camera_calibration_parsers/lib:${LD_LIBRARY_PATH} /usr/bin/cmake /home/choi/robot_ws/src/image_common/camera_info_manager -DAMENT_CMAKE_SYMLINK_INSTALL=1 -DCMAKE_INSTALL_PREFIX=/home/choi/robot_ws/install/camera_info_manager
[0.102s] -- The C compiler identification is GNU 9.4.0
[0.190s] -- The CXX compiler identification is GNU 9.4.0
[0.200s] -- Check for working C compiler: /usr/bin/cc
[0.300s] -- Check for working C compiler: /usr/bin/cc -- works
[0.302s] -- Detecting C compiler ABI info
[0.374s] -- Detecting C compiler ABI info - done
[0.395s] -- Detecting C compile features
[0.396s] -- Detecting C compile features - done
[0.400s] -- Check for working CXX compiler: /usr/bin/c++
[0.519s] -- Check for working CXX compiler: /usr/bin/c++ -- works
[0.521s] -- Detecting CXX compiler ABI info
[0.638s] -- Detecting CXX compiler ABI info - done
[0.660s] -- Detecting CXX compile features
[0.661s] -- Detecting CXX compile features - done
[0.666s] -- Found ament_cmake_ros: 0.9.2 (/opt/ros/foxy/share/ament_cmake_ros/cmake)
[0.738s] -- Found PythonInterp: /usr/bin/python3 (found suitable version "3.8.10", minimum required is "3") 
[0.738s] -- Using PYTHON_EXECUTABLE: /usr/bin/python3
[0.945s] -- Override CMake install command with custom implementation using symlinks instead of copying resources
[0.996s] -- Found ament_index_cpp: 1.1.0 (/opt/ros/foxy/share/ament_index_cpp/cmake)
[0.998s] -- Found camera_calibration_parsers: 2.3.0 (/home/choi/robot_ws/install/camera_calibration_parsers/share/camera_calibration_parsers/cmake)
[1.070s] -- Using all available rosidl_typesupport_c: rosidl_typesupport_fastrtps_c;rosidl_typesupport_introspection_c
[1.084s] -- Found rosidl_adapter: 1.2.1 (/opt/ros/foxy/share/rosidl_adapter/cmake)
[1.214s] -- Found OpenSSL: /usr/lib/x86_64-linux-gnu/libcrypto.so (found version "1.1.1f")  
[1.252s] -- Found FastRTPS: /opt/ros/foxy/include  
[1.351s] -- Using all available rosidl_typesupport_cpp: rosidl_typesupport_fastrtps_cpp;rosidl_typesupport_introspection_cpp
[1.422s] -- Found rmw_implementation_cmake: 1.0.3 (/opt/ros/foxy/share/rmw_implementation_cmake/cmake)
[1.424s] -- Using RMW implementation 'rmw_fastrtps_cpp' as default
[1.425s] -- Looking for pthread.h
[1.502s] -- Looking for pthread.h - found
[1.502s] -- Performing Test CMAKE_HAVE_LIBC_PTHREAD
[1.581s] -- Performing Test CMAKE_HAVE_LIBC_PTHREAD - Failed
[1.581s] -- Looking for pthread_create in pthreads
[1.643s] -- Looking for pthread_create in pthreads - not found
[1.643s] -- Looking for pthread_create in pthread
[1.739s] -- Looking for pthread_create in pthread - found
[1.740s] -- Found Threads: TRUE  
[2.301s] -- Setting yaml-cpp_DIR to: '/opt/ros/foxy/share/yaml_cpp_vendor/cmake/../../../opt/yaml_cpp_vendor/lib/cmake/yaml-cpp'
[2.363s] -- Found ament_cmake_cpplint: 0.9.6 (/opt/ros/foxy/share/ament_cmake_cpplint/cmake)
[2.368s] -- Found ament_cmake_lint_cmake: 0.9.6 (/opt/ros/foxy/share/ament_cmake_lint_cmake/cmake)
[2.373s] -- Found ament_cmake_uncrustify: 0.9.6 (/opt/ros/foxy/share/ament_cmake_uncrustify/cmake)
[2.504s] -- Configuring done
[2.534s] -- Generating done
[2.537s] -- Build files have been written to: /home/choi/robot_ws/build/camera_info_manager
[2.556s] Invoked command in '/home/choi/robot_ws/build/camera_info_manager' returned '0': AMENT_PREFIX_PATH=/home/choi/robot_ws/install/camera_calibration_parsers:${AMENT_PREFIX_PATH} CMAKE_PREFIX_PATH=/home/choi/robot_ws/install/camera_calibration_parsers:/home/choi/gcamp_ros2_ws/install/stella_action_pkg:/home/choi/gcamp_ros2_ws/install/gcamp_gazebo:/home/choi/gcamp_ros2_ws/install/cpp_service_pkg:/home/choi/gcamp_ros2_ws/install/cpp_action_pkg:/home/choi/gcamp_ros2_ws/install/custom_interfaces:/home/choi/gcamp_ros2_ws/install/cpp_topic_pkg:/home/choi/gcamp_ros2_ws/install/cpp_service_tutorial:/home/choi/gcamp_ros2_ws/install/cpp_first_pkg:/home/choi/robot_ws/install/choi_stella_cartographer:/home/choi/colcon_ws/install/stella_navigation2:/home/choi/colcon_ws/install/stella_include__pkg:/home/choi/colcon_ws/install/stella_bringup:/home/choi/colcon_ws/install/stella_description:/home/choi/colcon_ws/install/stella_cartographer:/home/choi/colcon_ws/install/stella_action_pkg:/home/choi/gcamp_ros2_ws/install/py_topic_pkg:/home/choi/gcamp_ros2_ws/install/py_service_pkg:/home/choi/gcamp_ros2_ws/install/py_first_pkg:/home/choi/gcamp_ros2_ws/install/py_action_pkg:/opt/ros/foxy:/home/choi/colcon_ws/install/stella_teleop_bluetooth:/home/choi/colcon_ws/install/stella_teleop:/home/choi/colcon_ws/install/stella_camera LD_LIBRARY_PATH=/home/choi/robot_ws/install/camera_calibration_parsers/lib:${LD_LIBRARY_PATH} /usr/bin/cmake /home/choi/robot_ws/src/image_common/camera_info_manager -DAMENT_CMAKE_SYMLINK_INSTALL=1 -DCMAKE_INSTALL_PREFIX=/home/choi/robot_ws/install/camera_info_manager
[2.558s] Invoking command in '/home/choi/robot_ws/build/camera_info_manager': AMENT_PREFIX_PATH=/home/choi/robot_ws/install/camera_calibration_parsers:${AMENT_PREFIX_PATH} CMAKE_PREFIX_PATH=/home/choi/robot_ws/install/camera_calibration_parsers:/home/choi/gcamp_ros2_ws/install/stella_action_pkg:/home/choi/gcamp_ros2_ws/install/gcamp_gazebo:/home/choi/gcamp_ros2_ws/install/cpp_service_pkg:/home/choi/gcamp_ros2_ws/install/cpp_action_pkg:/home/choi/gcamp_ros2_ws/install/custom_interfaces:/home/choi/gcamp_ros2_ws/install/cpp_topic_pkg:/home/choi/gcamp_ros2_ws/install/cpp_service_tutorial:/home/choi/gcamp_ros2_ws/install/cpp_first_pkg:/home/choi/robot_ws/install/choi_stella_cartographer:/home/choi/colcon_ws/install/stella_navigation2:/home/choi/colcon_ws/install/stella_include__pkg:/home/choi/colcon_ws/install/stella_bringup:/home/choi/colcon_ws/install/stella_description:/home/choi/colcon_ws/install/stella_cartographer:/home/choi/colcon_ws/install/stella_action_pkg:/home/choi/gcamp_ros2_ws/install/py_topic_pkg:/home/choi/gcamp_ros2_ws/install/py_service_pkg:/home/choi/gcamp_ros2_ws/install/py_first_pkg:/home/choi/gcamp_ros2_ws/install/py_action_pkg:/opt/ros/foxy:/home/choi/colcon_ws/install/stella_teleop_bluetooth:/home/choi/colcon_ws/install/stella_teleop:/home/choi/colcon_ws/install/stella_camera LD_LIBRARY_PATH=/home/choi/robot_ws/install/camera_calibration_parsers/lib:${LD_LIBRARY_PATH} /usr/bin/cmake --build /home/choi/robot_ws/build/camera_info_manager -- -j12 -l12
[2.665s] [35m[1mScanning dependencies of target camera_info_manager[0m
[2.846s] [ 50%] [32mBuilding CXX object CMakeFiles/camera_info_manager.dir/src/camera_info_manager.cpp.o[0m
[8.388s] [100%] [32m[1mLinking CXX shared library libcamera_info_manager.so[0m
[8.810s] [100%] Built target camera_info_manager
[8.842s] Invoked command in '/home/choi/robot_ws/build/camera_info_manager' returned '0': AMENT_PREFIX_PATH=/home/choi/robot_ws/install/camera_calibration_parsers:${AMENT_PREFIX_PATH} CMAKE_PREFIX_PATH=/home/choi/robot_ws/install/camera_calibration_parsers:/home/choi/gcamp_ros2_ws/install/stella_action_pkg:/home/choi/gcamp_ros2_ws/install/gcamp_gazebo:/home/choi/gcamp_ros2_ws/install/cpp_service_pkg:/home/choi/gcamp_ros2_ws/install/cpp_action_pkg:/home/choi/gcamp_ros2_ws/install/custom_interfaces:/home/choi/gcamp_ros2_ws/install/cpp_topic_pkg:/home/choi/gcamp_ros2_ws/install/cpp_service_tutorial:/home/choi/gcamp_ros2_ws/install/cpp_first_pkg:/home/choi/robot_ws/install/choi_stella_cartographer:/home/choi/colcon_ws/install/stella_navigation2:/home/choi/colcon_ws/install/stella_include__pkg:/home/choi/colcon_ws/install/stella_bringup:/home/choi/colcon_ws/install/stella_description:/home/choi/colcon_ws/install/stella_cartographer:/home/choi/colcon_ws/install/stella_action_pkg:/home/choi/gcamp_ros2_ws/install/py_topic_pkg:/home/choi/gcamp_ros2_ws/install/py_service_pkg:/home/choi/gcamp_ros2_ws/install/py_first_pkg:/home/choi/gcamp_ros2_ws/install/py_action_pkg:/opt/ros/foxy:/home/choi/colcon_ws/install/stella_teleop_bluetooth:/home/choi/colcon_ws/install/stella_teleop:/home/choi/colcon_ws/install/stella_camera LD_LIBRARY_PATH=/home/choi/robot_ws/install/camera_calibration_parsers/lib:${LD_LIBRARY_PATH} /usr/bin/cmake --build /home/choi/robot_ws/build/camera_info_manager -- -j12 -l12
[9.160s] Invoking command in '/home/choi/robot_ws/build/camera_info_manager': AMENT_PREFIX_PATH=/home/choi/robot_ws/install/camera_calibration_parsers:${AMENT_PREFIX_PATH} CMAKE_PREFIX_PATH=/home/choi/robot_ws/install/camera_calibration_parsers:/home/choi/gcamp_ros2_ws/install/stella_action_pkg:/home/choi/gcamp_ros2_ws/install/gcamp_gazebo:/home/choi/gcamp_ros2_ws/install/cpp_service_pkg:/home/choi/gcamp_ros2_ws/install/cpp_action_pkg:/home/choi/gcamp_ros2_ws/install/custom_interfaces:/home/choi/gcamp_ros2_ws/install/cpp_topic_pkg:/home/choi/gcamp_ros2_ws/install/cpp_service_tutorial:/home/choi/gcamp_ros2_ws/install/cpp_first_pkg:/home/choi/robot_ws/install/choi_stella_cartographer:/home/choi/colcon_ws/install/stella_navigation2:/home/choi/colcon_ws/install/stella_include__pkg:/home/choi/colcon_ws/install/stella_bringup:/home/choi/colcon_ws/install/stella_description:/home/choi/colcon_ws/install/stella_cartographer:/home/choi/colcon_ws/install/stella_action_pkg:/home/choi/gcamp_ros2_ws/install/py_topic_pkg:/home/choi/gcamp_ros2_ws/install/py_service_pkg:/home/choi/gcamp_ros2_ws/install/py_first_pkg:/home/choi/gcamp_ros2_ws/install/py_action_pkg:/opt/ros/foxy:/home/choi/colcon_ws/install/stella_teleop_bluetooth:/home/choi/colcon_ws/install/stella_teleop:/home/choi/colcon_ws/install/stella_camera LD_LIBRARY_PATH=/home/choi/robot_ws/install/camera_calibration_parsers/lib:${LD_LIBRARY_PATH} /usr/bin/cmake --install /home/choi/robot_ws/build/camera_info_manager
[9.196s] -- Install configuration: ""
[9.197s] -- Execute custom install script
[9.198s] -- Symlinking: /home/choi/robot_ws/install/camera_info_manager/lib/libcamera_info_manager.so
[9.221s] -- Symlinking: /home/choi/robot_ws/install/camera_info_manager/include/camera_info_manager/camera_info_manager.h
[9.252s] -- Symlinking: /home/choi/robot_ws/install/camera_info_manager/include/camera_info_manager/camera_info_manager.hpp
[9.297s] -- Symlinking: /home/choi/robot_ws/install/camera_info_manager/include/camera_info_manager/visibility_control.h
[9.348s] -- Symlinking: /home/choi/robot_ws/install/camera_info_manager/share/camera_info_manager/environment/library_path.sh
[9.384s] -- Symlinking: /home/choi/robot_ws/install/camera_info_manager/share/camera_info_manager/environment/library_path.dsv
[9.426s] -- Symlinking: /home/choi/robot_ws/install/camera_info_manager/share/ament_index/resource_index/package_run_dependencies/camera_info_manager
[9.476s] -- Symlinking: /home/choi/robot_ws/install/camera_info_manager/share/ament_index/resource_index/parent_prefix_path/camera_info_manager
[9.512s] -- Symlinking: /home/choi/robot_ws/install/camera_info_manager/share/camera_info_manager/environment/ament_prefix_path.sh
[9.548s] -- Symlinking: /home/choi/robot_ws/install/camera_info_manager/share/camera_info_manager/environment/ament_prefix_path.dsv
[9.575s] -- Symlinking: /home/choi/robot_ws/install/camera_info_manager/share/camera_info_manager/environment/path.sh
[9.615s] -- Symlinking: /home/choi/robot_ws/install/camera_info_manager/share/camera_info_manager/environment/path.dsv
[9.646s] -- Symlinking: /home/choi/robot_ws/install/camera_info_manager/share/camera_info_manager/local_setup.bash
[9.675s] -- Symlinking: /home/choi/robot_ws/install/camera_info_manager/share/camera_info_manager/local_setup.sh
[9.697s] -- Symlinking: /home/choi/robot_ws/install/camera_info_manager/share/camera_info_manager/local_setup.zsh
[9.739s] -- Symlinking: /home/choi/robot_ws/install/camera_info_manager/share/camera_info_manager/local_setup.dsv
[9.775s] -- Symlinking: /home/choi/robot_ws/install/camera_info_manager/share/camera_info_manager/package.dsv
[9.792s] -- Symlinking: /home/choi/robot_ws/install/camera_info_manager/share/ament_index/resource_index/packages/camera_info_manager
[9.807s] -- Symlinking: /home/choi/robot_ws/install/camera_info_manager/share/camera_info_manager/cmake/ament_cmake_export_include_directories-extras.cmake
[9.846s] -- Symlinking: /home/choi/robot_ws/install/camera_info_manager/share/camera_info_manager/cmake/ament_cmake_export_dependencies-extras.cmake
[9.880s] -- Symlinking: /home/choi/robot_ws/install/camera_info_manager/share/camera_info_manager/cmake/ament_cmake_export_libraries-extras.cmake
[9.930s] -- Symlinking: /home/choi/robot_ws/install/camera_info_manager/share/camera_info_manager/cmake/camera_info_managerConfig.cmake
[9.968s] -- Symlinking: /home/choi/robot_ws/install/camera_info_manager/share/camera_info_manager/cmake/camera_info_managerConfig-version.cmake
[10.011s] -- Symlinking: /home/choi/robot_ws/install/camera_info_manager/share/camera_info_manager/package.xml
[10.060s] Invoked command in '/home/choi/robot_ws/build/camera_info_manager' returned '0': AMENT_PREFIX_PATH=/home/choi/robot_ws/install/camera_calibration_parsers:${AMENT_PREFIX_PATH} CMAKE_PREFIX_PATH=/home/choi/robot_ws/install/camera_calibration_parsers:/home/choi/gcamp_ros2_ws/install/stella_action_pkg:/home/choi/gcamp_ros2_ws/install/gcamp_gazebo:/home/choi/gcamp_ros2_ws/install/cpp_service_pkg:/home/choi/gcamp_ros2_ws/install/cpp_action_pkg:/home/choi/gcamp_ros2_ws/install/custom_interfaces:/home/choi/gcamp_ros2_ws/install/cpp_topic_pkg:/home/choi/gcamp_ros2_ws/install/cpp_service_tutorial:/home/choi/gcamp_ros2_ws/install/cpp_first_pkg:/home/choi/robot_ws/install/choi_stella_cartographer:/home/choi/colcon_ws/install/stella_navigation2:/home/choi/colcon_ws/install/stella_include__pkg:/home/choi/colcon_ws/install/stella_bringup:/home/choi/colcon_ws/install/stella_description:/home/choi/colcon_ws/install/stella_cartographer:/home/choi/colcon_ws/install/stella_action_pkg:/home/choi/gcamp_ros2_ws/install/py_topic_pkg:/home/choi/gcamp_ros2_ws/install/py_service_pkg:/home/choi/gcamp_ros2_ws/install/py_first_pkg:/home/choi/gcamp_ros2_ws/install/py_action_pkg:/opt/ros/foxy:/home/choi/colcon_ws/install/stella_teleop_bluetooth:/home/choi/colcon_ws/install/stella_teleop:/home/choi/colcon_ws/install/stella_camera LD_LIBRARY_PATH=/home/choi/robot_ws/install/camera_calibration_parsers/lib:${LD_LIBRARY_PATH} /usr/bin/cmake --install /home/choi/robot_ws/build/camera_info_manager
