[0.024s] Invoking command in '/home/choi/robot_ws/build/gazebo_ros': AMENT_PREFIX_PATH=/home/choi/robot_ws/install/gazebo_msgs:/home/choi/robot_ws/install/gazebo_dev:${AMENT_PREFIX_PATH} CMAKE_PREFIX_PATH=/home/choi/robot_ws/install/gazebo_msgs:/home/choi/robot_ws/install/gazebo_dev:/home/choi/gcamp_ros2_ws/install/stella_action_pkg:/home/choi/gcamp_ros2_ws/install/gcamp_gazebo:/home/choi/gcamp_ros2_ws/install/cpp_service_pkg:/home/choi/gcamp_ros2_ws/install/cpp_action_pkg:/home/choi/gcamp_ros2_ws/install/custom_interfaces:/home/choi/gcamp_ros2_ws/install/cpp_topic_pkg:/home/choi/gcamp_ros2_ws/install/cpp_service_tutorial:/home/choi/gcamp_ros2_ws/install/cpp_first_pkg:/home/choi/robot_ws/install/choi_stella_cartographer:/home/choi/colcon_ws/install/stella_navigation2:/home/choi/colcon_ws/install/stella_include__pkg:/home/choi/colcon_ws/install/stella_bringup:/home/choi/colcon_ws/install/stella_description:/home/choi/colcon_ws/install/stella_cartographer:/home/choi/colcon_ws/install/stella_action_pkg:/home/choi/gcamp_ros2_ws/install/py_topic_pkg:/home/choi/gcamp_ros2_ws/install/py_service_pkg:/home/choi/gcamp_ros2_ws/install/py_first_pkg:/home/choi/gcamp_ros2_ws/install/py_action_pkg:/opt/ros/foxy:/home/choi/colcon_ws/install/stella_teleop_bluetooth:/home/choi/colcon_ws/install/stella_teleop:/home/choi/colcon_ws/install/stella_camera LD_LIBRARY_PATH=/home/choi/robot_ws/install/gazebo_msgs/lib:${LD_LIBRARY_PATH} PYTHONPATH=/home/choi/robot_ws/install/gazebo_msgs/lib/python3.8/site-packages:${PYTHONPATH} /usr/bin/cmake /home/choi/robot_ws/src/gazebo_ros_pkgs/gazebo_ros -DAMENT_CMAKE_SYMLINK_INSTALL=1 -DCMAKE_INSTALL_PREFIX=/home/choi/robot_ws/install/gazebo_ros
[0.108s] -- The C compiler identification is GNU 9.4.0
[0.184s] -- The CXX compiler identification is GNU 9.4.0
[0.190s] -- Check for working C compiler: /usr/bin/cc
[0.290s] -- Check for working C compiler: /usr/bin/cc -- works
[0.292s] -- Detecting C compiler ABI info
[0.414s] -- Detecting C compiler ABI info - done
[0.432s] -- Detecting C compile features
[0.433s] -- Detecting C compile features - done
[0.439s] -- Check for working CXX compiler: /usr/bin/c++
[0.576s] -- Check for working CXX compiler: /usr/bin/c++ -- works
[0.577s] -- Detecting CXX compiler ABI info
[0.692s] -- Detecting CXX compiler ABI info - done
[0.705s] -- Detecting CXX compile features
[0.705s] -- Detecting CXX compile features - done
[0.709s] -- Found ament_cmake: 0.9.9 (/opt/ros/foxy/share/ament_cmake/cmake)
[0.760s] -- Found PythonInterp: /usr/bin/python3 (found suitable version "3.8.10", minimum required is "3") 
[0.760s] -- Using PYTHON_EXECUTABLE: /usr/bin/python3
[0.996s] -- Override CMake install command with custom implementation using symlinks instead of copying resources
[1.061s] -- Found builtin_interfaces: 1.0.0 (/opt/ros/foxy/share/builtin_interfaces/cmake)
[1.102s] -- Using all available rosidl_typesupport_c: rosidl_typesupport_fastrtps_c;rosidl_typesupport_introspection_c
[1.113s] -- Found rosidl_adapter: 1.2.1 (/opt/ros/foxy/share/rosidl_adapter/cmake)
[1.243s] -- Found OpenSSL: /usr/lib/x86_64-linux-gnu/libcrypto.so (found version "1.1.1f")  
[1.290s] -- Found FastRTPS: /opt/ros/foxy/include  
[1.404s] -- Using all available rosidl_typesupport_cpp: rosidl_typesupport_fastrtps_cpp;rosidl_typesupport_introspection_cpp
[1.435s] -- Found gazebo_dev: 3.5.3 (/home/choi/robot_ws/install/gazebo_dev/share/gazebo_dev/cmake)
[1.511s] -- Found PkgConfig: /usr/bin/pkg-config (found version "0.29.1") 
[1.513s] -- Checking for module 'bullet>=2.82'
[1.549s] --   Found bullet, version 2.88
[1.872s] -- Found ccd: /usr/include (found suitable version "2.0", minimum required is "2.0") 
[1.989s] -- Found fcl: /usr/include (found suitable version "0.5.0", minimum required is "0.3.2") 
[2.101s] -- Found assimp: /usr/include (found version "5.0.0") 
[2.250s] -- Found DART: /usr/include (Required is at least version "6.6") found components: dart 
[2.841s] -- Found Boost: /usr/lib/x86_64-linux-gnu/cmake/Boost-1.71.0/BoostConfig.cmake (found suitable version "1.71.0", minimum required is "1.40.0") found components: thread system filesystem program_options regex iostreams date_time 
[2.951s] -- Found Protobuf: /usr/lib/x86_64-linux-gnu/libprotobuf.so;-lpthread (found version "3.6.1") 
[3.032s] -- Looking for ignition-math6 -- found version 6.10.0
[3.115s] -- Searching for dependencies of ignition-math6
[3.140s] -- Looking for OGRE...
[3.141s] -- OGRE_PREFIX_WATCH changed.
[3.147s] -- Checking for module 'OGRE'
[3.171s] --   Found OGRE, version 1.9.0
[3.248s] -- Found Ogre Ghadamon (1.9.0)
[3.268s] -- Found OGRE: optimized;/usr/lib/x86_64-linux-gnu/libOgreMain.so;debug;/usr/lib/x86_64-linux-gnu/libOgreMain.so
[3.280s] -- Looking for OGRE_Paging...
[3.290s] -- Found OGRE_Paging: optimized;/usr/lib/x86_64-linux-gnu/libOgrePaging.so;debug;/usr/lib/x86_64-linux-gnu/libOgrePaging.so
[3.290s] -- Looking for OGRE_Terrain...
[3.301s] -- Found OGRE_Terrain: optimized;/usr/lib/x86_64-linux-gnu/libOgreTerrain.so;debug;/usr/lib/x86_64-linux-gnu/libOgreTerrain.so
[3.301s] -- Looking for OGRE_Property...
[3.311s] -- Found OGRE_Property: optimized;/usr/lib/x86_64-linux-gnu/libOgreProperty.so;debug;/usr/lib/x86_64-linux-gnu/libOgreProperty.so
[3.311s] -- Looking for OGRE_RTShaderSystem...
[3.321s] -- Found OGRE_RTShaderSystem: optimized;/usr/lib/x86_64-linux-gnu/libOgreRTShaderSystem.so;debug;/usr/lib/x86_64-linux-gnu/libOgreRTShaderSystem.so
[3.321s] -- Looking for OGRE_Volume...
[3.330s] -- Found OGRE_Volume: optimized;/usr/lib/x86_64-linux-gnu/libOgreVolume.so;debug;/usr/lib/x86_64-linux-gnu/libOgreVolume.so
[3.330s] -- Looking for OGRE_Overlay...
[3.340s] -- Found OGRE_Overlay: optimized;/usr/lib/x86_64-linux-gnu/libOgreOverlay.so;debug;/usr/lib/x86_64-linux-gnu/libOgreOverlay.so
[3.552s] -- Looking for ignition-math6 -- found version 6.10.0
[3.603s] -- Looking for ignition-transport8 -- found version 8.2.1
[3.604s] -- Searching for dependencies of ignition-transport8
[3.648s] -- Found Protobuf: /usr/lib/x86_64-linux-gnu/libprotobuf.so;-lpthread (found suitable version "3.6.1", minimum required is "3") 
[3.667s] -- Config-file not installed for ZeroMQ -- checking for pkg-config
[3.677s] -- Checking for module 'libzmq >= 4'
[3.734s] --   Found libzmq , version 4.2.2
[3.795s] -- Found ZeroMQ: TRUE (Required is at least version "4") 
[3.826s] -- Checking for module 'uuid'
[3.870s] --   Found uuid, version 2.34.0
[3.942s] -- Found UUID: TRUE  
[3.975s] -- Looking for ignition-msgs5 -- found version 5.9.0
[3.976s] -- Searching for dependencies of ignition-msgs5
[4.009s] -- Looking for ignition-math6 -- found version 6.10.0
[4.016s] -- Checking for module 'tinyxml2'
[4.060s] --   Found tinyxml2, version 6.2.0
[4.130s] -- Looking for ignition-msgs5 -- found version 5.9.0
[4.156s] -- Looking for ignition-common3 -- found version 3.14.0
[4.157s] -- Searching for dependencies of ignition-common3
[4.158s] -- Looking for dlfcn.h - found
[4.160s] -- Looking for libdl - found
[4.162s] -- Found DL: TRUE  
[4.172s] -- Searching for <ignition-common3> component [graphics]
[4.202s] -- Looking for ignition-common3-graphics -- found version 3.14.0
[4.203s] -- Searching for dependencies of ignition-common3-graphics
[4.204s] -- Looking for ignition-math6 -- found version 6.10.0
[4.261s] -- Looking for ignition-fuel_tools4 -- found version 4.4.0
[4.262s] -- Searching for dependencies of ignition-fuel_tools4
[4.420s] -- Found CURL: /usr/lib/x86_64-linux-gnu/libcurl.so (found version "7.68.0")  
[4.455s] -- Checking for module 'jsoncpp'
[4.485s] --   Found jsoncpp, version 1.7.4
[4.550s] -- Found JSONCPP: TRUE  
[4.561s] -- Checking for module 'libzip'
[4.592s] --   Found libzip, version 1.5.1
[4.668s] -- Found ZIP: TRUE  
[4.668s] -- Looking for ignition-common3 -- found version 3.14.0
[4.669s] -- Looking for ignition-math6 -- found version 6.10.0
[4.670s] -- Looking for ignition-msgs5 -- found version 5.9.0
[4.672s] -- Gazebo version: 11.10
[4.673s] -- Found gazebo_msgs: 3.5.3 (/home/choi/robot_ws/install/gazebo_msgs/share/gazebo_msgs/cmake)
[4.964s] -- Found rcl: 1.1.13 (/opt/ros/foxy/share/rcl/cmake)
[5.004s] -- Found rmw_implementation_cmake: 1.0.3 (/opt/ros/foxy/share/rmw_implementation_cmake/cmake)
[5.006s] -- Using RMW implementation 'rmw_fastrtps_cpp' as default
[5.008s] -- Found Threads: TRUE  
[5.036s] -- Found rclcpp: 2.4.1 (/opt/ros/foxy/share/rclcpp/cmake)
[5.201s] -- Found std_srvs: 2.0.5 (/opt/ros/foxy/share/std_srvs/cmake)
[5.229s] -- Found tinyxml_vendor: 0.8.2 (/opt/ros/foxy/share/tinyxml_vendor/cmake)
[5.377s] -- Found ament_cmake_gtest: 0.9.9 (/opt/ros/foxy/share/ament_cmake_gtest/cmake)
[5.400s] -- Found launch_testing_ament_cmake: 0.10.8 (/opt/ros/foxy/share/launch_testing_ament_cmake/cmake)
[5.403s] -- Found python_cmake_module: 0.8.1 (/opt/ros/foxy/share/python_cmake_module/cmake)
[5.451s] -- Found PythonInterp: /usr/bin/python3 (found suitable version "3.8.10", minimum required is "3.5") 
[5.465s] -- Found PythonLibs: /usr/lib/x86_64-linux-gnu/libpython3.8.so (found suitable version "3.8.10", minimum required is "3.5") 
[5.465s] -- Using PYTHON_EXECUTABLE: /usr/bin/python3
[5.465s] -- Using PYTHON_INCLUDE_DIRS: /usr/include/python3.8
[5.465s] -- Using PYTHON_LIBRARIES: /usr/lib/x86_64-linux-gnu/libpython3.8.so
[5.517s] -- Found PythonExtra: .so  
[5.523s] -- Found sensor_msgs: 2.0.5 (/opt/ros/foxy/share/sensor_msgs/cmake)
[5.674s] -- Found gtest sources under '/opt/ros/foxy/src/gtest_vendor': C++ tests using 'Google Test' will be built
[5.677s] -- Check if compiler accepts -pthread
[5.794s] -- Check if compiler accepts -pthread - yes
[5.990s] -- Found ament_lint_auto: 0.9.6 (/opt/ros/foxy/share/ament_lint_auto/cmake)
[6.103s] -- Found python_cmake_module: 0.8.1 (/opt/ros/foxy/share/python_cmake_module/cmake)
[6.149s] -- Using PYTHON_EXECUTABLE: /usr/bin/python3
[6.149s] -- Using PYTHON_INCLUDE_DIRS: /usr/include/python3.8
[6.149s] -- Using PYTHON_LIBRARIES: /usr/lib/x86_64-linux-gnu/libpython3.8.so
[6.248s] -- Added test 'copyright' to check source files copyright and LICENSE
[6.251s] -- Added test 'cppcheck' to perform static code analysis on C / C++ code
[6.253s] -- Configured cppcheck include dirs: $<BUILD_INTERFACE:/home/choi/robot_ws/src/gazebo_ros_pkgs/gazebo_ros/include>
[6.253s] -- Configured cppcheck exclude dirs and/or files: 
[6.256s] -- Added test 'cpplint' to check C / C++ code against the Google style
[6.256s] -- Configured cpplint exclude dirs and/or files: 
[6.257s] -- Added test 'flake8' to check Python code syntax and style conventions
[6.258s] -- Added test 'lint_cmake' to check CMake code style
[6.259s] -- Added test 'pep257' to check Python code against some of the style conventions in PEP 257
[6.262s] -- Added test 'uncrustify' to check C / C++ code style
[6.263s] -- Configured uncrustify additional arguments: 
[6.264s] -- Added test 'xmllint' to check XML markup files
[6.272s] -- Configuring done
[6.804s] -- Generating done
[6.809s] -- Build files have been written to: /home/choi/robot_ws/build/gazebo_ros
[6.825s] Invoked command in '/home/choi/robot_ws/build/gazebo_ros' returned '0': AMENT_PREFIX_PATH=/home/choi/robot_ws/install/gazebo_msgs:/home/choi/robot_ws/install/gazebo_dev:${AMENT_PREFIX_PATH} CMAKE_PREFIX_PATH=/home/choi/robot_ws/install/gazebo_msgs:/home/choi/robot_ws/install/gazebo_dev:/home/choi/gcamp_ros2_ws/install/stella_action_pkg:/home/choi/gcamp_ros2_ws/install/gcamp_gazebo:/home/choi/gcamp_ros2_ws/install/cpp_service_pkg:/home/choi/gcamp_ros2_ws/install/cpp_action_pkg:/home/choi/gcamp_ros2_ws/install/custom_interfaces:/home/choi/gcamp_ros2_ws/install/cpp_topic_pkg:/home/choi/gcamp_ros2_ws/install/cpp_service_tutorial:/home/choi/gcamp_ros2_ws/install/cpp_first_pkg:/home/choi/robot_ws/install/choi_stella_cartographer:/home/choi/colcon_ws/install/stella_navigation2:/home/choi/colcon_ws/install/stella_include__pkg:/home/choi/colcon_ws/install/stella_bringup:/home/choi/colcon_ws/install/stella_description:/home/choi/colcon_ws/install/stella_cartographer:/home/choi/colcon_ws/install/stella_action_pkg:/home/choi/gcamp_ros2_ws/install/py_topic_pkg:/home/choi/gcamp_ros2_ws/install/py_service_pkg:/home/choi/gcamp_ros2_ws/install/py_first_pkg:/home/choi/gcamp_ros2_ws/install/py_action_pkg:/opt/ros/foxy:/home/choi/colcon_ws/install/stella_teleop_bluetooth:/home/choi/colcon_ws/install/stella_teleop:/home/choi/colcon_ws/install/stella_camera LD_LIBRARY_PATH=/home/choi/robot_ws/install/gazebo_msgs/lib:${LD_LIBRARY_PATH} PYTHONPATH=/home/choi/robot_ws/install/gazebo_msgs/lib/python3.8/site-packages:${PYTHONPATH} /usr/bin/cmake /home/choi/robot_ws/src/gazebo_ros_pkgs/gazebo_ros -DAMENT_CMAKE_SYMLINK_INSTALL=1 -DCMAKE_INSTALL_PREFIX=/home/choi/robot_ws/install/gazebo_ros
[6.829s] Invoking command in '/home/choi/robot_ws/build/gazebo_ros': AMENT_PREFIX_PATH=/home/choi/robot_ws/install/gazebo_msgs:/home/choi/robot_ws/install/gazebo_dev:${AMENT_PREFIX_PATH} CMAKE_PREFIX_PATH=/home/choi/robot_ws/install/gazebo_msgs:/home/choi/robot_ws/install/gazebo_dev:/home/choi/gcamp_ros2_ws/install/stella_action_pkg:/home/choi/gcamp_ros2_ws/install/gcamp_gazebo:/home/choi/gcamp_ros2_ws/install/cpp_service_pkg:/home/choi/gcamp_ros2_ws/install/cpp_action_pkg:/home/choi/gcamp_ros2_ws/install/custom_interfaces:/home/choi/gcamp_ros2_ws/install/cpp_topic_pkg:/home/choi/gcamp_ros2_ws/install/cpp_service_tutorial:/home/choi/gcamp_ros2_ws/install/cpp_first_pkg:/home/choi/robot_ws/install/choi_stella_cartographer:/home/choi/colcon_ws/install/stella_navigation2:/home/choi/colcon_ws/install/stella_include__pkg:/home/choi/colcon_ws/install/stella_bringup:/home/choi/colcon_ws/install/stella_description:/home/choi/colcon_ws/install/stella_cartographer:/home/choi/colcon_ws/install/stella_action_pkg:/home/choi/gcamp_ros2_ws/install/py_topic_pkg:/home/choi/gcamp_ros2_ws/install/py_service_pkg:/home/choi/gcamp_ros2_ws/install/py_first_pkg:/home/choi/gcamp_ros2_ws/install/py_action_pkg:/opt/ros/foxy:/home/choi/colcon_ws/install/stella_teleop_bluetooth:/home/choi/colcon_ws/install/stella_teleop:/home/choi/colcon_ws/install/stella_camera LD_LIBRARY_PATH=/home/choi/robot_ws/install/gazebo_msgs/lib:${LD_LIBRARY_PATH} PYTHONPATH=/home/choi/robot_ws/install/gazebo_msgs/lib/python3.8/site-packages:${PYTHONPATH} /usr/bin/cmake --build /home/choi/robot_ws/build/gazebo_ros -- -j12 -l12
[6.892s] [35m[1mScanning dependencies of target gazebo_ros_node[0m
[6.896s] [35m[1mScanning dependencies of target gtest[0m
[6.897s] [35m[1mScanning dependencies of target gazebo_ros_utils[0m
[6.897s] [35m[1mScanning dependencies of target gtest_main[0m
[6.898s] [35m[1mScanning dependencies of target mock_robot_state_publisher[0m
[6.913s] [  1%] [32mBuilding CXX object gtest/CMakeFiles/gtest_main.dir/src/gtest_main.cc.o[0m
[6.914s] [  3%] [32mBuilding CXX object gtest/CMakeFiles/gtest.dir/src/gtest-all.cc.o[0m
[6.956s] [  5%] [32mBuilding CXX object test/CMakeFiles/mock_robot_state_publisher.dir/mock_robot_state_publisher/robot_state_publisher.cpp.o[0m
[7.663s] [  7%] [32m[1mLinking CXX static library libgtest_main.a[0m
[7.694s] [  8%] [32mBuilding CXX object CMakeFiles/gazebo_ros_node.dir/src/node.cpp.o[0m
[7.695s] [ 10%] [32mBuilding CXX object CMakeFiles/gazebo_ros_node.dir/src/executor.cpp.o[0m
[7.698s] [ 12%] [32mBuilding CXX object CMakeFiles/gazebo_ros_node.dir/src/qos.cpp.o[0m
[7.702s] [ 12%] Built target gtest_main
[8.295s] [ 14%] [32mBuilding CXX object CMakeFiles/gazebo_ros_utils.dir/src/utils.cpp.o[0m
[9.902s] [ 16%] [32m[1mLinking CXX executable mock_robot_state_publisher[0m
[10.081s] [ 16%] Built target mock_robot_state_publisher
[10.132s] [ 17%] [32m[1mLinking CXX static library libgtest.a[0m
[10.465s] [ 17%] Built target gtest
[16.237s] [ 19%] [32m[1mLinking CXX shared library libgazebo_ros_node.so[0m
[16.740s] [ 19%] Built target gazebo_ros_node
[16.753s] [35m[1mScanning dependencies of target multiple_nodes[0m
[16.756s] [35m[1mScanning dependencies of target create_node_without_init[0m
[16.756s] [35m[1mScanning dependencies of target gazebo_ros_state[0m
[16.757s] [35m[1mScanning dependencies of target sdf_node[0m
[16.758s] [35m[1mScanning dependencies of target args_init[0m
[16.758s] [35m[1mScanning dependencies of target gazebo_ros_properties[0m
[16.759s] [35m[1mScanning dependencies of target ros_world_plugin[0m
[16.760s] [35m[1mScanning dependencies of target gazebo_ros_force_system[0m
[16.820s] [ 21%] [32m[1mLinking CXX shared library libgazebo_ros_utils.so[0m
[16.857s] [ 23%] [32mBuilding CXX object test/CMakeFiles/multiple_nodes.dir/plugins/multiple_nodes.cpp.o[0m
[16.857s] [ 25%] [32mBuilding CXX object test/CMakeFiles/create_node_without_init.dir/plugins/create_node_without_init.cpp.o[0m
[16.863s] [ 26%] [32mBuilding CXX object test/CMakeFiles/ros_world_plugin.dir/plugins/ros_world_plugin.cpp.o[0m
[16.866s] [ 28%] [32mBuilding CXX object test/CMakeFiles/args_init.dir/plugins/args_init.cpp.o[0m
[16.866s] [ 30%] [32mBuilding CXX object test/CMakeFiles/sdf_node.dir/plugins/sdf_node.cpp.o[0m
[17.020s] [ 32%] [32mBuilding CXX object CMakeFiles/gazebo_ros_force_system.dir/src/gazebo_ros_force_system.cpp.o[0m
[17.069s] [ 33%] [32mBuilding CXX object CMakeFiles/gazebo_ros_state.dir/src/gazebo_ros_state.cpp.o[0m
[17.077s] [ 35%] [32mBuilding CXX object CMakeFiles/gazebo_ros_properties.dir/src/gazebo_ros_properties.cpp.o[0m
[17.135s] [ 35%] Built target gazebo_ros_utils
[17.150s] [35m[1mScanning dependencies of target gazebo_ros_init[0m
[17.151s] [35m[1mScanning dependencies of target gazebo_ros_factory[0m
[17.151s] [35m[1mScanning dependencies of target test_sim_time[0m
[17.151s] [35m[1mScanning dependencies of target test_utils[0m
[17.291s] [ 37%] [32mBuilding CXX object test/CMakeFiles/test_sim_time.dir/test_sim_time.cpp.o[0m
[17.349s] [ 39%] [32mBuilding CXX object CMakeFiles/gazebo_ros_factory.dir/src/gazebo_ros_factory.cpp.o[0m
[17.528s] [ 41%] [32mBuilding CXX object CMakeFiles/gazebo_ros_init.dir/src/gazebo_ros_init.cpp.o[0m
[17.564s] [ 42%] [32mBuilding CXX object test/CMakeFiles/test_utils.dir/test_utils.cpp.o[0m
[27.343s] [ 44%] [32m[1mLinking CXX executable test_sim_time[0m
[28.354s] [ 44%] Built target test_sim_time
[28.376s] [35m[1mScanning dependencies of target test_qos[0m
[28.452s] [ 46%] [32mBuilding CXX object test/CMakeFiles/test_qos.dir/test_qos.cpp.o[0m
[29.069s] [ 48%] [32m[1mLinking CXX shared library libmultiple_nodes.so[0m
[29.139s] [ 50%] [32m[1mLinking CXX shared library libros_world_plugin.so[0m
[29.272s] [ 51%] [32m[1mLinking CXX shared library libsdf_node.so[0m
[29.284s] [ 53%] [32m[1mLinking CXX shared library libargs_init.so[0m
[29.505s] [ 55%] [32m[1mLinking CXX shared library libcreate_node_without_init.so[0m
[30.003s] [ 55%] Built target multiple_nodes
[30.010s] [ 55%] Built target ros_world_plugin
[30.026s] [35m[1mScanning dependencies of target test_plugins[0m
[30.037s] [35m[1mScanning dependencies of target test_gazebo_ros_properties[0m
[30.129s] [ 55%] Built target args_init
[30.136s] [ 57%] [32mBuilding CXX object test/CMakeFiles/test_plugins.dir/test_plugins.cpp.o[0m
[30.146s] [35m[1mScanning dependencies of target test_gazebo_ros_init[0m
[30.155s] [ 57%] Built target sdf_node
[30.173s] [35m[1mScanning dependencies of target test_gazebo_ros_state[0m
[30.289s] [ 57%] Built target create_node_without_init
[30.305s] [35m[1mScanning dependencies of target test_conversions[0m
[30.365s] [ 58%] [32mBuilding CXX object test/CMakeFiles/test_conversions.dir/test_conversions.cpp.o[0m
[30.399s] [ 60%] [32mBuilding CXX object test/CMakeFiles/test_gazebo_ros_init.dir/test_gazebo_ros_init.cpp.o[0m
[30.406s] [ 62%] [32mBuilding CXX object test/CMakeFiles/test_gazebo_ros_properties.dir/test_gazebo_ros_properties.cpp.o[0m
[30.444s] [ 64%] [32mBuilding CXX object test/CMakeFiles/test_gazebo_ros_state.dir/test_gazebo_ros_state.cpp.o[0m
[32.045s] [ 66%] [32m[1mLinking CXX executable test_utils[0m
[33.991s] [ 66%] Built target test_utils
[34.008s] [35m[1mScanning dependencies of target test_gazebo_ros_factory[0m
[34.249s] [ 67%] [32mBuilding CXX object test/CMakeFiles/test_gazebo_ros_factory.dir/test_gazebo_ros_factory.cpp.o[0m
[34.782s] [ 69%] [32m[1mLinking CXX executable test_qos[0m
[36.239s] [ 69%] Built target test_qos
[36.255s] [35m[1mScanning dependencies of target test_gazebo_ros_joint_effort[0m
[36.295s] [ 71%] [32m[1mLinking CXX executable test_conversions[0m
[36.470s] [ 73%] [32m[1mLinking CXX shared library libgazebo_ros_force_system.so[0m
[36.501s] [ 75%] [32mBuilding CXX object test/CMakeFiles/test_gazebo_ros_joint_effort.dir/test_gazebo_ros_joint_effort.cpp.o[0m
[37.425s] [ 76%] [32m[1mLinking CXX shared library libgazebo_ros_state.so[0m
[37.677s] [ 76%] Built target gazebo_ros_force_system
[37.695s] [35m[1mScanning dependencies of target test_gazebo_ros_link_wrench[0m
[37.943s] [ 78%] [32mBuilding CXX object test/CMakeFiles/test_gazebo_ros_link_wrench.dir/test_gazebo_ros_link_wrench.cpp.o[0m
[37.962s] [ 78%] Built target test_conversions
[37.979s] [35m[1mScanning dependencies of target test_node[0m
[38.082s] [ 80%] [32mBuilding CXX object test/CMakeFiles/test_node.dir/test_node.cpp.o[0m
[38.779s] [ 80%] Built target gazebo_ros_state
[39.401s] [ 82%] [32m[1mLinking CXX shared library libgazebo_ros_factory.so[0m
[40.242s] [ 83%] [32m[1mLinking CXX shared library libgazebo_ros_init.so[0m
[40.479s] [ 85%] [32m[1mLinking CXX shared library libgazebo_ros_properties.so[0m
[40.939s] [ 85%] Built target gazebo_ros_factory
[40.952s] [ 87%] [32m[1mLinking CXX executable test_plugins[0m
[41.842s] [ 87%] Built target test_plugins
[42.055s] [ 87%] Built target gazebo_ros_init
[42.101s] [ 87%] Built target gazebo_ros_properties
[47.094s] [ 89%] [32m[1mLinking CXX executable test_node[0m
[48.007s] [ 89%] Built target test_node
[56.670s] [ 91%] [32m[1mLinking CXX executable test_gazebo_ros_init[0m
[58.731s] [ 91%] Built target test_gazebo_ros_init
[59.626s] [ 92%] [32m[1mLinking CXX executable test_gazebo_ros_factory[0m
[60.940s] [ 94%] [32m[1mLinking CXX executable test_gazebo_ros_link_wrench[0m
[61.143s] [ 96%] [32m[1mLinking CXX executable test_gazebo_ros_joint_effort[0m
[61.237s] [ 96%] Built target test_gazebo_ros_factory
[61.835s] [ 98%] [32m[1mLinking CXX executable test_gazebo_ros_properties[0m
[62.208s] [100%] [32m[1mLinking CXX executable test_gazebo_ros_state[0m
[62.573s] [100%] Built target test_gazebo_ros_link_wrench
[62.884s] [100%] Built target test_gazebo_ros_joint_effort
[63.669s] [100%] Built target test_gazebo_ros_properties
[64.045s] [100%] Built target test_gazebo_ros_state
[64.060s] Invoked command in '/home/choi/robot_ws/build/gazebo_ros' returned '0': AMENT_PREFIX_PATH=/home/choi/robot_ws/install/gazebo_msgs:/home/choi/robot_ws/install/gazebo_dev:${AMENT_PREFIX_PATH} CMAKE_PREFIX_PATH=/home/choi/robot_ws/install/gazebo_msgs:/home/choi/robot_ws/install/gazebo_dev:/home/choi/gcamp_ros2_ws/install/stella_action_pkg:/home/choi/gcamp_ros2_ws/install/gcamp_gazebo:/home/choi/gcamp_ros2_ws/install/cpp_service_pkg:/home/choi/gcamp_ros2_ws/install/cpp_action_pkg:/home/choi/gcamp_ros2_ws/install/custom_interfaces:/home/choi/gcamp_ros2_ws/install/cpp_topic_pkg:/home/choi/gcamp_ros2_ws/install/cpp_service_tutorial:/home/choi/gcamp_ros2_ws/install/cpp_first_pkg:/home/choi/robot_ws/install/choi_stella_cartographer:/home/choi/colcon_ws/install/stella_navigation2:/home/choi/colcon_ws/install/stella_include__pkg:/home/choi/colcon_ws/install/stella_bringup:/home/choi/colcon_ws/install/stella_description:/home/choi/colcon_ws/install/stella_cartographer:/home/choi/colcon_ws/install/stella_action_pkg:/home/choi/gcamp_ros2_ws/install/py_topic_pkg:/home/choi/gcamp_ros2_ws/install/py_service_pkg:/home/choi/gcamp_ros2_ws/install/py_first_pkg:/home/choi/gcamp_ros2_ws/install/py_action_pkg:/opt/ros/foxy:/home/choi/colcon_ws/install/stella_teleop_bluetooth:/home/choi/colcon_ws/install/stella_teleop:/home/choi/colcon_ws/install/stella_camera LD_LIBRARY_PATH=/home/choi/robot_ws/install/gazebo_msgs/lib:${LD_LIBRARY_PATH} PYTHONPATH=/home/choi/robot_ws/install/gazebo_msgs/lib/python3.8/site-packages:${PYTHONPATH} /usr/bin/cmake --build /home/choi/robot_ws/build/gazebo_ros -- -j12 -l12
[64.130s] Invoking command in '/home/choi/robot_ws/build/gazebo_ros': AMENT_PREFIX_PATH=/home/choi/robot_ws/install/gazebo_msgs:/home/choi/robot_ws/install/gazebo_dev:${AMENT_PREFIX_PATH} CMAKE_PREFIX_PATH=/home/choi/robot_ws/install/gazebo_msgs:/home/choi/robot_ws/install/gazebo_dev:/home/choi/gcamp_ros2_ws/install/stella_action_pkg:/home/choi/gcamp_ros2_ws/install/gcamp_gazebo:/home/choi/gcamp_ros2_ws/install/cpp_service_pkg:/home/choi/gcamp_ros2_ws/install/cpp_action_pkg:/home/choi/gcamp_ros2_ws/install/custom_interfaces:/home/choi/gcamp_ros2_ws/install/cpp_topic_pkg:/home/choi/gcamp_ros2_ws/install/cpp_service_tutorial:/home/choi/gcamp_ros2_ws/install/cpp_first_pkg:/home/choi/robot_ws/install/choi_stella_cartographer:/home/choi/colcon_ws/install/stella_navigation2:/home/choi/colcon_ws/install/stella_include__pkg:/home/choi/colcon_ws/install/stella_bringup:/home/choi/colcon_ws/install/stella_description:/home/choi/colcon_ws/install/stella_cartographer:/home/choi/colcon_ws/install/stella_action_pkg:/home/choi/gcamp_ros2_ws/install/py_topic_pkg:/home/choi/gcamp_ros2_ws/install/py_service_pkg:/home/choi/gcamp_ros2_ws/install/py_first_pkg:/home/choi/gcamp_ros2_ws/install/py_action_pkg:/opt/ros/foxy:/home/choi/colcon_ws/install/stella_teleop_bluetooth:/home/choi/colcon_ws/install/stella_teleop:/home/choi/colcon_ws/install/stella_camera LD_LIBRARY_PATH=/home/choi/robot_ws/install/gazebo_msgs/lib:${LD_LIBRARY_PATH} PYTHONPATH=/home/choi/robot_ws/install/gazebo_msgs/lib/python3.8/site-packages:${PYTHONPATH} /usr/bin/cmake --install /home/choi/robot_ws/build/gazebo_ros
[64.141s] -- Install configuration: ""
[64.142s] -- Execute custom install script
[64.142s] -- Symlinking: /home/choi/robot_ws/install/gazebo_ros/share/gazebo_ros/environment/pythonpath.sh
[64.157s] -- Symlinking: /home/choi/robot_ws/install/gazebo_ros/share/gazebo_ros/environment/pythonpath.dsv
[64.171s] -- Symlinking: /home/choi/robot_ws/install/gazebo_ros/lib/python3.8/site-packages/scripts//__init__.py
[64.186s] -- Symlinking: /home/choi/robot_ws/install/gazebo_ros/lib/python3.8/site-packages/scripts//gazebo_ros_paths.py
[64.196s] -- Symlinking: /home/choi/robot_ws/install/gazebo_ros/lib/python3.8/site-packages/scripts//spawn_entity.py
[64.208s] -- Symlinking: /home/choi/robot_ws/install/gazebo_ros/share/gazebo_ros/environment/library_path.sh
[64.219s] -- Symlinking: /home/choi/robot_ws/install/gazebo_ros/share/gazebo_ros/environment/library_path.dsv
[64.229s] -- Symlinking: /home/choi/robot_ws/install/gazebo_ros/share/ament_index/resource_index/package_run_dependencies/gazebo_ros
[64.240s] -- Symlinking: /home/choi/robot_ws/install/gazebo_ros/share/ament_index/resource_index/parent_prefix_path/gazebo_ros
[64.255s] -- Symlinking: /home/choi/robot_ws/install/gazebo_ros/share/gazebo_ros/environment/ament_prefix_path.sh
[64.269s] -- Symlinking: /home/choi/robot_ws/install/gazebo_ros/share/gazebo_ros/environment/ament_prefix_path.dsv
[64.284s] -- Symlinking: /home/choi/robot_ws/install/gazebo_ros/share/gazebo_ros/environment/path.sh
[64.294s] -- Symlinking: /home/choi/robot_ws/install/gazebo_ros/share/gazebo_ros/environment/path.dsv
[64.307s] -- Symlinking: /home/choi/robot_ws/install/gazebo_ros/share/gazebo_ros/local_setup.bash
[64.323s] -- Symlinking: /home/choi/robot_ws/install/gazebo_ros/share/gazebo_ros/local_setup.sh
[64.334s] -- Symlinking: /home/choi/robot_ws/install/gazebo_ros/share/gazebo_ros/local_setup.zsh
[64.347s] -- Symlinking: /home/choi/robot_ws/install/gazebo_ros/share/gazebo_ros/local_setup.dsv
[64.362s] -- Symlinking: /home/choi/robot_ws/install/gazebo_ros/share/gazebo_ros/package.dsv
[64.375s] -- Symlinking: /home/choi/robot_ws/install/gazebo_ros/share/ament_index/resource_index/packages/gazebo_ros
[64.388s] -- Symlinking: /home/choi/robot_ws/install/gazebo_ros/share/gazebo_ros/cmake/ament_cmake_export_libraries-extras.cmake
[64.399s] -- Symlinking: /home/choi/robot_ws/install/gazebo_ros/share/gazebo_ros/cmake/ament_cmake_export_include_directories-extras.cmake
[64.412s] -- Symlinking: /home/choi/robot_ws/install/gazebo_ros/share/gazebo_ros/cmake/ament_cmake_export_dependencies-extras.cmake
[64.428s] -- Symlinking: /home/choi/robot_ws/install/gazebo_ros/share/gazebo_ros/cmake/gazebo_rosConfig.cmake
[64.441s] -- Symlinking: /home/choi/robot_ws/install/gazebo_ros/share/gazebo_ros/cmake/gazebo_rosConfig-version.cmake
[64.457s] -- Symlinking: /home/choi/robot_ws/install/gazebo_ros/share/gazebo_ros/package.xml
[64.472s] -- Symlinking: /home/choi/robot_ws/install/gazebo_ros/include/gazebo_ros/conversions/builtin_interfaces.hpp
[64.492s] -- Symlinking: /home/choi/robot_ws/install/gazebo_ros/include/gazebo_ros/conversions/gazebo_msgs.hpp
[64.507s] -- Symlinking: /home/choi/robot_ws/install/gazebo_ros/include/gazebo_ros/conversions/generic.hpp
[64.521s] -- Symlinking: /home/choi/robot_ws/install/gazebo_ros/include/gazebo_ros/conversions/geometry_msgs.hpp
[64.531s] -- Symlinking: /home/choi/robot_ws/install/gazebo_ros/include/gazebo_ros/conversions/sensor_msgs.hpp
[64.540s] -- Symlinking: /home/choi/robot_ws/install/gazebo_ros/include/gazebo_ros/executor.hpp
[64.552s] -- Symlinking: /home/choi/robot_ws/install/gazebo_ros/include/gazebo_ros/gazebo_ros_factory.hpp
[64.568s] -- Symlinking: /home/choi/robot_ws/install/gazebo_ros/include/gazebo_ros/gazebo_ros_force_system.hpp
[64.587s] -- Symlinking: /home/choi/robot_ws/install/gazebo_ros/include/gazebo_ros/gazebo_ros_init.hpp
[64.598s] -- Symlinking: /home/choi/robot_ws/install/gazebo_ros/include/gazebo_ros/gazebo_ros_properties.hpp
[64.617s] -- Symlinking: /home/choi/robot_ws/install/gazebo_ros/include/gazebo_ros/gazebo_ros_state.hpp
[64.628s] -- Symlinking: /home/choi/robot_ws/install/gazebo_ros/include/gazebo_ros/node.hpp
[64.640s] -- Symlinking: /home/choi/robot_ws/install/gazebo_ros/include/gazebo_ros/node_visibility_control.h
[64.651s] -- Symlinking: /home/choi/robot_ws/install/gazebo_ros/include/gazebo_ros/qos.hpp
[64.661s] -- Symlinking: /home/choi/robot_ws/install/gazebo_ros/include/gazebo_ros/testing_utils.hpp
[64.672s] -- Symlinking: /home/choi/robot_ws/install/gazebo_ros/include/gazebo_ros/utils.hpp
[64.681s] -- Symlinking: /home/choi/robot_ws/install/gazebo_ros/include/gazebo_ros/utils_visibility_control.h
[64.692s] -- Symlinking: /home/choi/robot_ws/install/gazebo_ros/lib/gazebo_ros//gazebo_ros_paths.py
[64.706s] -- Symlinking: /home/choi/robot_ws/install/gazebo_ros/lib/libgazebo_ros_factory.so
[64.718s] -- Symlinking: /home/choi/robot_ws/install/gazebo_ros/lib/libgazebo_ros_force_system.so
[64.738s] -- Symlinking: /home/choi/robot_ws/install/gazebo_ros/lib/libgazebo_ros_init.so
[64.752s] -- Symlinking: /home/choi/robot_ws/install/gazebo_ros/lib/libgazebo_ros_node.so
[64.764s] -- Symlinking: /home/choi/robot_ws/install/gazebo_ros/lib/libgazebo_ros_properties.so
[64.775s] -- Symlinking: /home/choi/robot_ws/install/gazebo_ros/lib/libgazebo_ros_state.so
[64.784s] -- Symlinking: /home/choi/robot_ws/install/gazebo_ros/lib/libgazebo_ros_utils.so
[64.794s] -- Symlinking: /home/choi/robot_ws/install/gazebo_ros/lib/gazebo_ros//spawn_entity.py
[64.805s] -- Symlinking: /home/choi/robot_ws/install/gazebo_ros/share/gazebo_ros//launch/gazebo.launch.py
[64.815s] -- Symlinking: /home/choi/robot_ws/install/gazebo_ros/share/gazebo_ros//launch/gzclient.launch.py
[64.833s] -- Symlinking: /home/choi/robot_ws/install/gazebo_ros/share/gazebo_ros//launch/gzserver.launch.py
[64.844s] -- Symlinking: /home/choi/robot_ws/install/gazebo_ros/share/gazebo_ros//launch/spawn_entity_demo.launch.py
[64.905s] Listing '/home/choi/robot_ws/install/gazebo_ros/lib/python3.8/site-packages/scripts/'...
[64.905s] Compiling '/home/choi/robot_ws/install/gazebo_ros/lib/python3.8/site-packages/scripts/__init__.py'...
[64.905s] Compiling '/home/choi/robot_ws/install/gazebo_ros/lib/python3.8/site-packages/scripts/gazebo_ros_paths.py'...
[64.905s] Compiling '/home/choi/robot_ws/install/gazebo_ros/lib/python3.8/site-packages/scripts/spawn_entity.py'...
[64.916s] Invoked command in '/home/choi/robot_ws/build/gazebo_ros' returned '0': AMENT_PREFIX_PATH=/home/choi/robot_ws/install/gazebo_msgs:/home/choi/robot_ws/install/gazebo_dev:${AMENT_PREFIX_PATH} CMAKE_PREFIX_PATH=/home/choi/robot_ws/install/gazebo_msgs:/home/choi/robot_ws/install/gazebo_dev:/home/choi/gcamp_ros2_ws/install/stella_action_pkg:/home/choi/gcamp_ros2_ws/install/gcamp_gazebo:/home/choi/gcamp_ros2_ws/install/cpp_service_pkg:/home/choi/gcamp_ros2_ws/install/cpp_action_pkg:/home/choi/gcamp_ros2_ws/install/custom_interfaces:/home/choi/gcamp_ros2_ws/install/cpp_topic_pkg:/home/choi/gcamp_ros2_ws/install/cpp_service_tutorial:/home/choi/gcamp_ros2_ws/install/cpp_first_pkg:/home/choi/robot_ws/install/choi_stella_cartographer:/home/choi/colcon_ws/install/stella_navigation2:/home/choi/colcon_ws/install/stella_include__pkg:/home/choi/colcon_ws/install/stella_bringup:/home/choi/colcon_ws/install/stella_description:/home/choi/colcon_ws/install/stella_cartographer:/home/choi/colcon_ws/install/stella_action_pkg:/home/choi/gcamp_ros2_ws/install/py_topic_pkg:/home/choi/gcamp_ros2_ws/install/py_service_pkg:/home/choi/gcamp_ros2_ws/install/py_first_pkg:/home/choi/gcamp_ros2_ws/install/py_action_pkg:/opt/ros/foxy:/home/choi/colcon_ws/install/stella_teleop_bluetooth:/home/choi/colcon_ws/install/stella_teleop:/home/choi/colcon_ws/install/stella_camera LD_LIBRARY_PATH=/home/choi/robot_ws/install/gazebo_msgs/lib:${LD_LIBRARY_PATH} PYTHONPATH=/home/choi/robot_ws/install/gazebo_msgs/lib/python3.8/site-packages:${PYTHONPATH} /usr/bin/cmake --install /home/choi/robot_ws/build/gazebo_ros
