[0.096s] Invoking command in '/home/choi/robot_ws/build/image_common': AMENT_PREFIX_PATH=/home/choi/robot_ws/install/camera_info_manager:/home/choi/robot_ws/install/image_transport:/home/choi/robot_ws/install/camera_calibration_parsers:${AMENT_PREFIX_PATH} CMAKE_PREFIX_PATH=/home/choi/robot_ws/install/camera_info_manager:/home/choi/robot_ws/install/image_transport:/home/choi/robot_ws/install/camera_calibration_parsers:/home/choi/gcamp_ros2_ws/install/stella_action_pkg:/home/choi/gcamp_ros2_ws/install/gcamp_gazebo:/home/choi/gcamp_ros2_ws/install/cpp_service_pkg:/home/choi/gcamp_ros2_ws/install/cpp_action_pkg:/home/choi/gcamp_ros2_ws/install/custom_interfaces:/home/choi/gcamp_ros2_ws/install/cpp_topic_pkg:/home/choi/gcamp_ros2_ws/install/cpp_service_tutorial:/home/choi/gcamp_ros2_ws/install/cpp_first_pkg:/home/choi/robot_ws/install/choi_stella_cartographer:/home/choi/colcon_ws/install/stella_navigation2:/home/choi/colcon_ws/install/stella_include__pkg:/home/choi/colcon_ws/install/stella_bringup:/home/choi/colcon_ws/install/stella_description:/home/choi/colcon_ws/install/stella_cartographer:/home/choi/colcon_ws/install/stella_action_pkg:/home/choi/gcamp_ros2_ws/install/py_topic_pkg:/home/choi/gcamp_ros2_ws/install/py_service_pkg:/home/choi/gcamp_ros2_ws/install/py_first_pkg:/home/choi/gcamp_ros2_ws/install/py_action_pkg:/opt/ros/foxy:/home/choi/colcon_ws/install/stella_teleop_bluetooth:/home/choi/colcon_ws/install/stella_teleop:/home/choi/colcon_ws/install/stella_camera LD_LIBRARY_PATH=/home/choi/robot_ws/install/camera_info_manager/lib:/home/choi/robot_ws/install/image_transport/lib:/home/choi/robot_ws/install/camera_calibration_parsers/lib:${LD_LIBRARY_PATH} /usr/bin/cmake /home/choi/robot_ws/src/image_common/image_common -DAMENT_CMAKE_SYMLINK_INSTALL=1 -DCMAKE_INSTALL_PREFIX=/home/choi/robot_ws/install/image_common
[0.233s] -- The C compiler identification is GNU 9.4.0
[0.423s] -- The CXX compiler identification is GNU 9.4.0
[0.443s] -- Check for working C compiler: /usr/bin/cc
[0.550s] -- Check for working C compiler: /usr/bin/cc -- works
[0.551s] -- Detecting C compiler ABI info
[0.627s] -- Detecting C compiler ABI info - done
[0.640s] -- Detecting C compile features
[0.640s] -- Detecting C compile features - done
[0.643s] -- Check for working CXX compiler: /usr/bin/c++
[0.732s] -- Check for working CXX compiler: /usr/bin/c++ -- works
[0.733s] -- Detecting CXX compiler ABI info
[0.843s] -- Detecting CXX compiler ABI info - done
[0.859s] -- Detecting CXX compile features
[0.860s] -- Detecting CXX compile features - done
[0.863s] -- Found ament_cmake: 0.9.9 (/opt/ros/foxy/share/ament_cmake/cmake)
[0.907s] -- Found PythonInterp: /usr/bin/python3 (found suitable version "3.8.10", minimum required is "3") 
[0.907s] -- Using PYTHON_EXECUTABLE: /usr/bin/python3
[1.118s] -- Override CMake install command with custom implementation using symlinks instead of copying resources
[1.171s] -- Found ament_lint_auto: 0.9.6 (/opt/ros/foxy/share/ament_lint_auto/cmake)
[1.315s] -- Added test 'copyright' to check source files copyright and LICENSE
[1.317s] -- Added test 'lint_cmake' to check CMake code style
[1.326s] -- Added test 'xmllint' to check XML markup files
[1.329s] -- Configuring done
[1.331s] -- Generating done
[1.332s] -- Build files have been written to: /home/choi/robot_ws/build/image_common
[1.336s] Invoked command in '/home/choi/robot_ws/build/image_common' returned '0': AMENT_PREFIX_PATH=/home/choi/robot_ws/install/camera_info_manager:/home/choi/robot_ws/install/image_transport:/home/choi/robot_ws/install/camera_calibration_parsers:${AMENT_PREFIX_PATH} CMAKE_PREFIX_PATH=/home/choi/robot_ws/install/camera_info_manager:/home/choi/robot_ws/install/image_transport:/home/choi/robot_ws/install/camera_calibration_parsers:/home/choi/gcamp_ros2_ws/install/stella_action_pkg:/home/choi/gcamp_ros2_ws/install/gcamp_gazebo:/home/choi/gcamp_ros2_ws/install/cpp_service_pkg:/home/choi/gcamp_ros2_ws/install/cpp_action_pkg:/home/choi/gcamp_ros2_ws/install/custom_interfaces:/home/choi/gcamp_ros2_ws/install/cpp_topic_pkg:/home/choi/gcamp_ros2_ws/install/cpp_service_tutorial:/home/choi/gcamp_ros2_ws/install/cpp_first_pkg:/home/choi/robot_ws/install/choi_stella_cartographer:/home/choi/colcon_ws/install/stella_navigation2:/home/choi/colcon_ws/install/stella_include__pkg:/home/choi/colcon_ws/install/stella_bringup:/home/choi/colcon_ws/install/stella_description:/home/choi/colcon_ws/install/stella_cartographer:/home/choi/colcon_ws/install/stella_action_pkg:/home/choi/gcamp_ros2_ws/install/py_topic_pkg:/home/choi/gcamp_ros2_ws/install/py_service_pkg:/home/choi/gcamp_ros2_ws/install/py_first_pkg:/home/choi/gcamp_ros2_ws/install/py_action_pkg:/opt/ros/foxy:/home/choi/colcon_ws/install/stella_teleop_bluetooth:/home/choi/colcon_ws/install/stella_teleop:/home/choi/colcon_ws/install/stella_camera LD_LIBRARY_PATH=/home/choi/robot_ws/install/camera_info_manager/lib:/home/choi/robot_ws/install/image_transport/lib:/home/choi/robot_ws/install/camera_calibration_parsers/lib:${LD_LIBRARY_PATH} /usr/bin/cmake /home/choi/robot_ws/src/image_common/image_common -DAMENT_CMAKE_SYMLINK_INSTALL=1 -DCMAKE_INSTALL_PREFIX=/home/choi/robot_ws/install/image_common
[1.341s] Invoking command in '/home/choi/robot_ws/build/image_common': AMENT_PREFIX_PATH=/home/choi/robot_ws/install/camera_info_manager:/home/choi/robot_ws/install/image_transport:/home/choi/robot_ws/install/camera_calibration_parsers:${AMENT_PREFIX_PATH} CMAKE_PREFIX_PATH=/home/choi/robot_ws/install/camera_info_manager:/home/choi/robot_ws/install/image_transport:/home/choi/robot_ws/install/camera_calibration_parsers:/home/choi/gcamp_ros2_ws/install/stella_action_pkg:/home/choi/gcamp_ros2_ws/install/gcamp_gazebo:/home/choi/gcamp_ros2_ws/install/cpp_service_pkg:/home/choi/gcamp_ros2_ws/install/cpp_action_pkg:/home/choi/gcamp_ros2_ws/install/custom_interfaces:/home/choi/gcamp_ros2_ws/install/cpp_topic_pkg:/home/choi/gcamp_ros2_ws/install/cpp_service_tutorial:/home/choi/gcamp_ros2_ws/install/cpp_first_pkg:/home/choi/robot_ws/install/choi_stella_cartographer:/home/choi/colcon_ws/install/stella_navigation2:/home/choi/colcon_ws/install/stella_include__pkg:/home/choi/colcon_ws/install/stella_bringup:/home/choi/colcon_ws/install/stella_description:/home/choi/colcon_ws/install/stella_cartographer:/home/choi/colcon_ws/install/stella_action_pkg:/home/choi/gcamp_ros2_ws/install/py_topic_pkg:/home/choi/gcamp_ros2_ws/install/py_service_pkg:/home/choi/gcamp_ros2_ws/install/py_first_pkg:/home/choi/gcamp_ros2_ws/install/py_action_pkg:/opt/ros/foxy:/home/choi/colcon_ws/install/stella_teleop_bluetooth:/home/choi/colcon_ws/install/stella_teleop:/home/choi/colcon_ws/install/stella_camera LD_LIBRARY_PATH=/home/choi/robot_ws/install/camera_info_manager/lib:/home/choi/robot_ws/install/image_transport/lib:/home/choi/robot_ws/install/camera_calibration_parsers/lib:${LD_LIBRARY_PATH} /usr/bin/cmake --build /home/choi/robot_ws/build/image_common -- -j12 -l12
[1.390s] Invoked command in '/home/choi/robot_ws/build/image_common' returned '0': AMENT_PREFIX_PATH=/home/choi/robot_ws/install/camera_info_manager:/home/choi/robot_ws/install/image_transport:/home/choi/robot_ws/install/camera_calibration_parsers:${AMENT_PREFIX_PATH} CMAKE_PREFIX_PATH=/home/choi/robot_ws/install/camera_info_manager:/home/choi/robot_ws/install/image_transport:/home/choi/robot_ws/install/camera_calibration_parsers:/home/choi/gcamp_ros2_ws/install/stella_action_pkg:/home/choi/gcamp_ros2_ws/install/gcamp_gazebo:/home/choi/gcamp_ros2_ws/install/cpp_service_pkg:/home/choi/gcamp_ros2_ws/install/cpp_action_pkg:/home/choi/gcamp_ros2_ws/install/custom_interfaces:/home/choi/gcamp_ros2_ws/install/cpp_topic_pkg:/home/choi/gcamp_ros2_ws/install/cpp_service_tutorial:/home/choi/gcamp_ros2_ws/install/cpp_first_pkg:/home/choi/robot_ws/install/choi_stella_cartographer:/home/choi/colcon_ws/install/stella_navigation2:/home/choi/colcon_ws/install/stella_include__pkg:/home/choi/colcon_ws/install/stella_bringup:/home/choi/colcon_ws/install/stella_description:/home/choi/colcon_ws/install/stella_cartographer:/home/choi/colcon_ws/install/stella_action_pkg:/home/choi/gcamp_ros2_ws/install/py_topic_pkg:/home/choi/gcamp_ros2_ws/install/py_service_pkg:/home/choi/gcamp_ros2_ws/install/py_first_pkg:/home/choi/gcamp_ros2_ws/install/py_action_pkg:/opt/ros/foxy:/home/choi/colcon_ws/install/stella_teleop_bluetooth:/home/choi/colcon_ws/install/stella_teleop:/home/choi/colcon_ws/install/stella_camera LD_LIBRARY_PATH=/home/choi/robot_ws/install/camera_info_manager/lib:/home/choi/robot_ws/install/image_transport/lib:/home/choi/robot_ws/install/camera_calibration_parsers/lib:${LD_LIBRARY_PATH} /usr/bin/cmake --build /home/choi/robot_ws/build/image_common -- -j12 -l12
[1.427s] Invoking command in '/home/choi/robot_ws/build/image_common': AMENT_PREFIX_PATH=/home/choi/robot_ws/install/camera_info_manager:/home/choi/robot_ws/install/image_transport:/home/choi/robot_ws/install/camera_calibration_parsers:${AMENT_PREFIX_PATH} CMAKE_PREFIX_PATH=/home/choi/robot_ws/install/camera_info_manager:/home/choi/robot_ws/install/image_transport:/home/choi/robot_ws/install/camera_calibration_parsers:/home/choi/gcamp_ros2_ws/install/stella_action_pkg:/home/choi/gcamp_ros2_ws/install/gcamp_gazebo:/home/choi/gcamp_ros2_ws/install/cpp_service_pkg:/home/choi/gcamp_ros2_ws/install/cpp_action_pkg:/home/choi/gcamp_ros2_ws/install/custom_interfaces:/home/choi/gcamp_ros2_ws/install/cpp_topic_pkg:/home/choi/gcamp_ros2_ws/install/cpp_service_tutorial:/home/choi/gcamp_ros2_ws/install/cpp_first_pkg:/home/choi/robot_ws/install/choi_stella_cartographer:/home/choi/colcon_ws/install/stella_navigation2:/home/choi/colcon_ws/install/stella_include__pkg:/home/choi/colcon_ws/install/stella_bringup:/home/choi/colcon_ws/install/stella_description:/home/choi/colcon_ws/install/stella_cartographer:/home/choi/colcon_ws/install/stella_action_pkg:/home/choi/gcamp_ros2_ws/install/py_topic_pkg:/home/choi/gcamp_ros2_ws/install/py_service_pkg:/home/choi/gcamp_ros2_ws/install/py_first_pkg:/home/choi/gcamp_ros2_ws/install/py_action_pkg:/opt/ros/foxy:/home/choi/colcon_ws/install/stella_teleop_bluetooth:/home/choi/colcon_ws/install/stella_teleop:/home/choi/colcon_ws/install/stella_camera LD_LIBRARY_PATH=/home/choi/robot_ws/install/camera_info_manager/lib:/home/choi/robot_ws/install/image_transport/lib:/home/choi/robot_ws/install/camera_calibration_parsers/lib:${LD_LIBRARY_PATH} /usr/bin/cmake --install /home/choi/robot_ws/build/image_common
[1.441s] -- Install configuration: ""
[1.441s] -- Execute custom install script
[1.441s] -- Symlinking: /home/choi/robot_ws/install/image_common/share/ament_index/resource_index/package_run_dependencies/image_common
[1.458s] -- Symlinking: /home/choi/robot_ws/install/image_common/share/ament_index/resource_index/parent_prefix_path/image_common
[1.468s] -- Symlinking: /home/choi/robot_ws/install/image_common/share/image_common/environment/ament_prefix_path.sh
[1.478s] -- Symlinking: /home/choi/robot_ws/install/image_common/share/image_common/environment/ament_prefix_path.dsv
[1.492s] -- Symlinking: /home/choi/robot_ws/install/image_common/share/image_common/environment/path.sh
[1.503s] -- Symlinking: /home/choi/robot_ws/install/image_common/share/image_common/environment/path.dsv
[1.517s] -- Symlinking: /home/choi/robot_ws/install/image_common/share/image_common/local_setup.bash
[1.527s] -- Symlinking: /home/choi/robot_ws/install/image_common/share/image_common/local_setup.sh
[1.539s] -- Symlinking: /home/choi/robot_ws/install/image_common/share/image_common/local_setup.zsh
[1.550s] -- Symlinking: /home/choi/robot_ws/install/image_common/share/image_common/local_setup.dsv
[1.563s] -- Symlinking: /home/choi/robot_ws/install/image_common/share/image_common/package.dsv
[1.576s] -- Symlinking: /home/choi/robot_ws/install/image_common/share/ament_index/resource_index/packages/image_common
[1.591s] -- Symlinking: /home/choi/robot_ws/install/image_common/share/image_common/cmake/image_commonConfig.cmake
[1.606s] -- Symlinking: /home/choi/robot_ws/install/image_common/share/image_common/cmake/image_commonConfig-version.cmake
[1.618s] -- Symlinking: /home/choi/robot_ws/install/image_common/share/image_common/package.xml
[1.642s] Invoked command in '/home/choi/robot_ws/build/image_common' returned '0': AMENT_PREFIX_PATH=/home/choi/robot_ws/install/camera_info_manager:/home/choi/robot_ws/install/image_transport:/home/choi/robot_ws/install/camera_calibration_parsers:${AMENT_PREFIX_PATH} CMAKE_PREFIX_PATH=/home/choi/robot_ws/install/camera_info_manager:/home/choi/robot_ws/install/image_transport:/home/choi/robot_ws/install/camera_calibration_parsers:/home/choi/gcamp_ros2_ws/install/stella_action_pkg:/home/choi/gcamp_ros2_ws/install/gcamp_gazebo:/home/choi/gcamp_ros2_ws/install/cpp_service_pkg:/home/choi/gcamp_ros2_ws/install/cpp_action_pkg:/home/choi/gcamp_ros2_ws/install/custom_interfaces:/home/choi/gcamp_ros2_ws/install/cpp_topic_pkg:/home/choi/gcamp_ros2_ws/install/cpp_service_tutorial:/home/choi/gcamp_ros2_ws/install/cpp_first_pkg:/home/choi/robot_ws/install/choi_stella_cartographer:/home/choi/colcon_ws/install/stella_navigation2:/home/choi/colcon_ws/install/stella_include__pkg:/home/choi/colcon_ws/install/stella_bringup:/home/choi/colcon_ws/install/stella_description:/home/choi/colcon_ws/install/stella_cartographer:/home/choi/colcon_ws/install/stella_action_pkg:/home/choi/gcamp_ros2_ws/install/py_topic_pkg:/home/choi/gcamp_ros2_ws/install/py_service_pkg:/home/choi/gcamp_ros2_ws/install/py_first_pkg:/home/choi/gcamp_ros2_ws/install/py_action_pkg:/opt/ros/foxy:/home/choi/colcon_ws/install/stella_teleop_bluetooth:/home/choi/colcon_ws/install/stella_teleop:/home/choi/colcon_ws/install/stella_camera LD_LIBRARY_PATH=/home/choi/robot_ws/install/camera_info_manager/lib:/home/choi/robot_ws/install/image_transport/lib:/home/choi/robot_ws/install/camera_calibration_parsers/lib:${LD_LIBRARY_PATH} /usr/bin/cmake --install /home/choi/robot_ws/build/image_common
