[0.090s] Invoking command in '/home/choi/robot_ws/build/camera_calibration_parsers': CMAKE_PREFIX_PATH=${CMAKE_PREFIX_PATH}:/home/choi/gcamp_ros2_ws/install/py_topic_pkg:/home/choi/gcamp_ros2_ws/install/py_service_pkg:/home/choi/gcamp_ros2_ws/install/py_first_pkg:/home/choi/gcamp_ros2_ws/install/py_action_pkg:/opt/ros/foxy:/home/choi/colcon_ws/install/stella_teleop_bluetooth:/home/choi/colcon_ws/install/stella_teleop:/home/choi/colcon_ws/install/stella_camera /usr/bin/cmake /home/choi/robot_ws/src/image_common/camera_calibration_parsers -DAMENT_CMAKE_SYMLINK_INSTALL=1 -DCMAKE_INSTALL_PREFIX=/home/choi/robot_ws/install/camera_calibration_parsers
[0.549s] -- The C compiler identification is GNU 9.4.0
[0.877s] -- The CXX compiler identification is GNU 9.4.0
[0.948s] -- Check for working C compiler: /usr/bin/cc
[1.075s] -- Check for working C compiler: /usr/bin/cc -- works
[1.078s] -- Detecting C compiler ABI info
[1.183s] -- Detecting C compiler ABI info - done
[1.205s] -- Detecting C compile features
[1.205s] -- Detecting C compile features - done
[1.208s] -- Check for working CXX compiler: /usr/bin/c++
[1.296s] -- Check for working CXX compiler: /usr/bin/c++ -- works
[1.298s] -- Detecting CXX compiler ABI info
[1.396s] -- Detecting CXX compiler ABI info - done
[1.413s] -- Detecting CXX compile features
[1.413s] -- Detecting CXX compile features - done
[1.466s] -- Found ament_cmake_ros: 0.9.2 (/opt/ros/foxy/share/ament_cmake_ros/cmake)
[1.615s] -- Found PythonInterp: /usr/bin/python3 (found suitable version "3.8.10", minimum required is "3") 
[1.615s] -- Using PYTHON_EXECUTABLE: /usr/bin/python3
[1.884s] -- Override CMake install command with custom implementation using symlinks instead of copying resources
[2.033s] -- Found rclcpp: 2.4.1 (/opt/ros/foxy/share/rclcpp/cmake)
[2.426s] -- Using all available rosidl_typesupport_c: rosidl_typesupport_fastrtps_c;rosidl_typesupport_introspection_c
[2.462s] -- Found rosidl_adapter: 1.2.1 (/opt/ros/foxy/share/rosidl_adapter/cmake)
[2.788s] -- Found OpenSSL: /usr/lib/x86_64-linux-gnu/libcrypto.so (found version "1.1.1f")  
[2.857s] -- Found FastRTPS: /opt/ros/foxy/include  
[3.481s] -- Using all available rosidl_typesupport_cpp: rosidl_typesupport_fastrtps_cpp;rosidl_typesupport_introspection_cpp
[4.056s] -- Found rmw_implementation_cmake: 1.0.3 (/opt/ros/foxy/share/rmw_implementation_cmake/cmake)
[4.070s] -- Using RMW implementation 'rmw_fastrtps_cpp' as default
[4.090s] -- Looking for pthread.h
[4.617s] -- Looking for pthread.h - found
[4.617s] -- Performing Test CMAKE_HAVE_LIBC_PTHREAD
[4.746s] -- Performing Test CMAKE_HAVE_LIBC_PTHREAD - Failed
[4.746s] -- Looking for pthread_create in pthreads
[4.879s] -- Looking for pthread_create in pthreads - not found
[4.879s] -- Looking for pthread_create in pthread
[5.066s] -- Looking for pthread_create in pthread - found
[5.067s] -- Found Threads: TRUE  
[5.894s] -- Found sensor_msgs: 2.0.5 (/opt/ros/foxy/share/sensor_msgs/cmake)
[6.041s] -- Found yaml_cpp_vendor: 7.0.2 (/opt/ros/foxy/share/yaml_cpp_vendor/cmake)
[6.042s] -- Setting yaml-cpp_DIR to: '/opt/ros/foxy/share/yaml_cpp_vendor/cmake/../../../opt/yaml_cpp_vendor/lib/cmake/yaml-cpp'
[6.143s] -- Found ament_cmake_cppcheck: 0.9.6 (/opt/ros/foxy/share/ament_cmake_cppcheck/cmake)
[6.146s] -- Found ament_cmake_cpplint: 0.9.6 (/opt/ros/foxy/share/ament_cmake_cpplint/cmake)
[6.150s] -- Found ament_cmake_lint_cmake: 0.9.6 (/opt/ros/foxy/share/ament_cmake_lint_cmake/cmake)
[6.154s] -- Found ament_cmake_uncrustify: 0.9.6 (/opt/ros/foxy/share/ament_cmake_uncrustify/cmake)
[6.159s] -- Found gtest sources under '/opt/ros/foxy/src/gtest_vendor': C++ tests using 'Google Test' will be built
[6.161s] -- Check if compiler accepts -pthread
[6.240s] -- Check if compiler accepts -pthread - yes
[6.332s] -- Configuring done
[6.355s] -- Generating done
[6.361s] -- Build files have been written to: /home/choi/robot_ws/build/camera_calibration_parsers
[6.369s] Invoked command in '/home/choi/robot_ws/build/camera_calibration_parsers' returned '0': CMAKE_PREFIX_PATH=${CMAKE_PREFIX_PATH}:/home/choi/gcamp_ros2_ws/install/py_topic_pkg:/home/choi/gcamp_ros2_ws/install/py_service_pkg:/home/choi/gcamp_ros2_ws/install/py_first_pkg:/home/choi/gcamp_ros2_ws/install/py_action_pkg:/opt/ros/foxy:/home/choi/colcon_ws/install/stella_teleop_bluetooth:/home/choi/colcon_ws/install/stella_teleop:/home/choi/colcon_ws/install/stella_camera /usr/bin/cmake /home/choi/robot_ws/src/image_common/camera_calibration_parsers -DAMENT_CMAKE_SYMLINK_INSTALL=1 -DCMAKE_INSTALL_PREFIX=/home/choi/robot_ws/install/camera_calibration_parsers
[6.372s] Invoking command in '/home/choi/robot_ws/build/camera_calibration_parsers': CMAKE_PREFIX_PATH=${CMAKE_PREFIX_PATH}:/home/choi/gcamp_ros2_ws/install/py_topic_pkg:/home/choi/gcamp_ros2_ws/install/py_service_pkg:/home/choi/gcamp_ros2_ws/install/py_first_pkg:/home/choi/gcamp_ros2_ws/install/py_action_pkg:/opt/ros/foxy:/home/choi/colcon_ws/install/stella_teleop_bluetooth:/home/choi/colcon_ws/install/stella_teleop:/home/choi/colcon_ws/install/stella_camera /usr/bin/cmake --build /home/choi/robot_ws/build/camera_calibration_parsers -- -j12 -l12
[6.418s] [35m[1mScanning dependencies of target gtest[0m
[6.423s] [35m[1mScanning dependencies of target camera_calibration_parsers[0m
[6.423s] [35m[1mScanning dependencies of target gtest_main[0m
[6.436s] [  7%] [32mBuilding CXX object gtest/CMakeFiles/gtest.dir/src/gtest-all.cc.o[0m
[6.445s] [ 14%] [32mBuilding CXX object gtest/CMakeFiles/gtest_main.dir/src/gtest_main.cc.o[0m
[8.764s] [ 21%] [32mBuilding CXX object CMakeFiles/camera_calibration_parsers.dir/src/parse.cpp.o[0m
[8.764s] [ 28%] [32mBuilding CXX object CMakeFiles/camera_calibration_parsers.dir/src/parse_ini.cpp.o[0m
[8.776s] [ 35%] [32mBuilding CXX object CMakeFiles/camera_calibration_parsers.dir/src/parse_yml.cpp.o[0m
[12.415s] [ 42%] [32m[1mLinking CXX static library libgtest_main.a[0m
[12.647s] [ 42%] Built target gtest_main
[14.991s] [ 50%] [32m[1mLinking CXX shared library libcamera_calibration_parsers.so[0m
[15.550s] [ 50%] Built target camera_calibration_parsers
[15.584s] [35m[1mScanning dependencies of target convert[0m
[15.622s] [ 57%] [32mBuilding CXX object CMakeFiles/convert.dir/src/convert.cpp.o[0m
[16.506s] [ 64%] [32m[1mLinking CXX executable convert[0m
[16.706s] [ 64%] Built target convert
[17.281s] [ 71%] [32m[1mLinking CXX static library libgtest.a[0m
[17.366s] [ 71%] Built target gtest
[17.381s] [35m[1mScanning dependencies of target camera_calibration_parsers-parse_ini[0m
[17.382s] [35m[1mScanning dependencies of target camera_calibration_parsers-parse_yml[0m
[17.411s] [ 78%] [32mBuilding CXX object CMakeFiles/camera_calibration_parsers-parse_yml.dir/test/test_parse_yml.cpp.o[0m
[17.419s] [ 85%] [32mBuilding CXX object CMakeFiles/camera_calibration_parsers-parse_ini.dir/test/test_parse_ini.cpp.o[0m
[18.987s] [ 92%] [32m[1mLinking CXX executable camera_calibration_parsers-parse_yml[0m
[19.123s] [100%] [32m[1mLinking CXX executable camera_calibration_parsers-parse_ini[0m
[19.333s] [100%] Built target camera_calibration_parsers-parse_yml
[19.453s] [100%] Built target camera_calibration_parsers-parse_ini
[19.471s] Invoked command in '/home/choi/robot_ws/build/camera_calibration_parsers' returned '0': CMAKE_PREFIX_PATH=${CMAKE_PREFIX_PATH}:/home/choi/gcamp_ros2_ws/install/py_topic_pkg:/home/choi/gcamp_ros2_ws/install/py_service_pkg:/home/choi/gcamp_ros2_ws/install/py_first_pkg:/home/choi/gcamp_ros2_ws/install/py_action_pkg:/opt/ros/foxy:/home/choi/colcon_ws/install/stella_teleop_bluetooth:/home/choi/colcon_ws/install/stella_teleop:/home/choi/colcon_ws/install/stella_camera /usr/bin/cmake --build /home/choi/robot_ws/build/camera_calibration_parsers -- -j12 -l12
[19.648s] Invoking command in '/home/choi/robot_ws/build/camera_calibration_parsers': CMAKE_PREFIX_PATH=${CMAKE_PREFIX_PATH}:/home/choi/gcamp_ros2_ws/install/py_topic_pkg:/home/choi/gcamp_ros2_ws/install/py_service_pkg:/home/choi/gcamp_ros2_ws/install/py_first_pkg:/home/choi/gcamp_ros2_ws/install/py_action_pkg:/opt/ros/foxy:/home/choi/colcon_ws/install/stella_teleop_bluetooth:/home/choi/colcon_ws/install/stella_teleop:/home/choi/colcon_ws/install/stella_camera /usr/bin/cmake --install /home/choi/robot_ws/build/camera_calibration_parsers
[19.666s] -- Install configuration: ""
[19.667s] -- Execute custom install script
[19.667s] -- Symlinking: /home/choi/robot_ws/install/camera_calibration_parsers/lib/libcamera_calibration_parsers.so
[19.682s] -- Symlinking: /home/choi/robot_ws/install/camera_calibration_parsers/lib/camera_calibration_parsers/convert
[19.694s] -- Symlinking: /home/choi/robot_ws/install/camera_calibration_parsers/include/camera_calibration_parsers/parse.h
[19.703s] -- Symlinking: /home/choi/robot_ws/install/camera_calibration_parsers/include/camera_calibration_parsers/parse.hpp
[19.714s] -- Symlinking: /home/choi/robot_ws/install/camera_calibration_parsers/include/camera_calibration_parsers/parse_ini.h
[19.723s] -- Symlinking: /home/choi/robot_ws/install/camera_calibration_parsers/include/camera_calibration_parsers/parse_ini.hpp
[19.733s] -- Symlinking: /home/choi/robot_ws/install/camera_calibration_parsers/include/camera_calibration_parsers/parse_yml.h
[19.743s] -- Symlinking: /home/choi/robot_ws/install/camera_calibration_parsers/include/camera_calibration_parsers/parse_yml.hpp
[19.753s] -- Symlinking: /home/choi/robot_ws/install/camera_calibration_parsers/include/camera_calibration_parsers/visibility_control.hpp
[19.763s] -- Symlinking: /home/choi/robot_ws/install/camera_calibration_parsers/share/camera_calibration_parsers/environment/library_path.sh
[19.779s] -- Symlinking: /home/choi/robot_ws/install/camera_calibration_parsers/share/camera_calibration_parsers/environment/library_path.dsv
[19.792s] -- Symlinking: /home/choi/robot_ws/install/camera_calibration_parsers/share/ament_index/resource_index/package_run_dependencies/camera_calibration_parsers
[19.804s] -- Symlinking: /home/choi/robot_ws/install/camera_calibration_parsers/share/ament_index/resource_index/parent_prefix_path/camera_calibration_parsers
[19.815s] -- Symlinking: /home/choi/robot_ws/install/camera_calibration_parsers/share/camera_calibration_parsers/environment/ament_prefix_path.sh
[19.827s] -- Symlinking: /home/choi/robot_ws/install/camera_calibration_parsers/share/camera_calibration_parsers/environment/ament_prefix_path.dsv
[19.837s] -- Symlinking: /home/choi/robot_ws/install/camera_calibration_parsers/share/camera_calibration_parsers/environment/path.sh
[19.847s] -- Symlinking: /home/choi/robot_ws/install/camera_calibration_parsers/share/camera_calibration_parsers/environment/path.dsv
[19.858s] -- Symlinking: /home/choi/robot_ws/install/camera_calibration_parsers/share/camera_calibration_parsers/local_setup.bash
[19.868s] -- Symlinking: /home/choi/robot_ws/install/camera_calibration_parsers/share/camera_calibration_parsers/local_setup.sh
[19.878s] -- Symlinking: /home/choi/robot_ws/install/camera_calibration_parsers/share/camera_calibration_parsers/local_setup.zsh
[19.890s] -- Symlinking: /home/choi/robot_ws/install/camera_calibration_parsers/share/camera_calibration_parsers/local_setup.dsv
[19.900s] -- Symlinking: /home/choi/robot_ws/install/camera_calibration_parsers/share/camera_calibration_parsers/package.dsv
[19.912s] -- Symlinking: /home/choi/robot_ws/install/camera_calibration_parsers/share/ament_index/resource_index/packages/camera_calibration_parsers
[19.924s] -- Symlinking: /home/choi/robot_ws/install/camera_calibration_parsers/share/camera_calibration_parsers/cmake/ament_cmake_export_include_directories-extras.cmake
[19.934s] -- Symlinking: /home/choi/robot_ws/install/camera_calibration_parsers/share/camera_calibration_parsers/cmake/ament_cmake_export_libraries-extras.cmake
[19.947s] -- Symlinking: /home/choi/robot_ws/install/camera_calibration_parsers/share/camera_calibration_parsers/cmake/ament_cmake_export_dependencies-extras.cmake
[19.961s] -- Symlinking: /home/choi/robot_ws/install/camera_calibration_parsers/share/camera_calibration_parsers/cmake/camera_calibration_parsersConfig.cmake
[19.975s] -- Symlinking: /home/choi/robot_ws/install/camera_calibration_parsers/share/camera_calibration_parsers/cmake/camera_calibration_parsersConfig-version.cmake
[19.989s] -- Symlinking: /home/choi/robot_ws/install/camera_calibration_parsers/share/camera_calibration_parsers/package.xml
[20.002s] Invoked command in '/home/choi/robot_ws/build/camera_calibration_parsers' returned '0': CMAKE_PREFIX_PATH=${CMAKE_PREFIX_PATH}:/home/choi/gcamp_ros2_ws/install/py_topic_pkg:/home/choi/gcamp_ros2_ws/install/py_service_pkg:/home/choi/gcamp_ros2_ws/install/py_first_pkg:/home/choi/gcamp_ros2_ws/install/py_action_pkg:/opt/ros/foxy:/home/choi/colcon_ws/install/stella_teleop_bluetooth:/home/choi/colcon_ws/install/stella_teleop:/home/choi/colcon_ws/install/stella_camera /usr/bin/cmake --install /home/choi/robot_ws/build/camera_calibration_parsers
