[0.085s] Invoking command in '/home/choi/robot_ws/build/cv_bridge': CMAKE_PREFIX_PATH=${CMAKE_PREFIX_PATH}:/home/choi/gcamp_ros2_ws/install/py_topic_pkg:/home/choi/gcamp_ros2_ws/install/py_service_pkg:/home/choi/gcamp_ros2_ws/install/py_first_pkg:/home/choi/gcamp_ros2_ws/install/py_action_pkg:/opt/ros/foxy:/home/choi/colcon_ws/install/stella_teleop_bluetooth:/home/choi/colcon_ws/install/stella_teleop:/home/choi/colcon_ws/install/stella_camera /usr/bin/cmake /home/choi/robot_ws/src/vision_opencv/cv_bridge -DAMENT_CMAKE_SYMLINK_INSTALL=1 -DCMAKE_INSTALL_PREFIX=/home/choi/robot_ws/install/cv_bridge
[0.538s] -- The C compiler identification is GNU 9.4.0
[0.860s] -- The CXX compiler identification is GNU 9.4.0
[0.938s] -- Check for working C compiler: /usr/bin/cc
[1.065s] -- Check for working C compiler: /usr/bin/cc -- works
[1.067s] -- Detecting C compiler ABI info
[1.174s] -- Detecting C compiler ABI info - done
[1.200s] -- Detecting C compile features
[1.201s] -- Detecting C compile features - done
[1.205s] -- Check for working CXX compiler: /usr/bin/c++
[1.291s] -- Check for working CXX compiler: /usr/bin/c++ -- works
[1.292s] -- Detecting CXX compiler ABI info
[1.383s] -- Detecting CXX compiler ABI info - done
[1.396s] -- Detecting CXX compile features
[1.397s] -- Detecting CXX compile features - done
[1.456s] -- Found ament_cmake_ros: 0.9.2 (/opt/ros/foxy/share/ament_cmake_ros/cmake)
[1.605s] -- Found PythonInterp: /usr/bin/python3 (found suitable version "3.8.10", minimum required is "3") 
[1.605s] -- Using PYTHON_EXECUTABLE: /usr/bin/python3
[1.860s] -- Override CMake install command with custom implementation using symlinks instead of copying resources
[5.344s] -- Found Python3: /usr/lib/x86_64-linux-gnu/libpython3.8.so (found version "3.8.10") found components: Development NumPy Interpreter 
[6.082s] -- Found Boost: /usr/lib/x86_64-linux-gnu/cmake/Boost-1.71.0/BoostConfig.cmake (found version "1.71.0") found components: python38 
[6.085s] -- Found rcpputils: 1.3.2 (/opt/ros/foxy/share/rcpputils/cmake)
[6.107s] -- Found sensor_msgs: 2.0.5 (/opt/ros/foxy/share/sensor_msgs/cmake)
[6.133s] -- Using all available rosidl_typesupport_c: rosidl_typesupport_fastrtps_c;rosidl_typesupport_introspection_c
[6.143s] -- Found rosidl_adapter: 1.2.1 (/opt/ros/foxy/share/rosidl_adapter/cmake)
[6.251s] -- Found OpenSSL: /usr/lib/x86_64-linux-gnu/libcrypto.so (found version "1.1.1f")  
[6.306s] -- Found FastRTPS: /opt/ros/foxy/include  
[6.418s] -- Using all available rosidl_typesupport_cpp: rosidl_typesupport_fastrtps_cpp;rosidl_typesupport_introspection_cpp
[6.694s] -- Performing Test COMPILER_HAS_HIDDEN_VISIBILITY
[6.782s] -- Performing Test COMPILER_HAS_HIDDEN_VISIBILITY - Success
[6.783s] -- Performing Test COMPILER_HAS_HIDDEN_INLINE_VISIBILITY
[6.864s] -- Performing Test COMPILER_HAS_HIDDEN_INLINE_VISIBILITY - Success
[6.865s] -- Performing Test COMPILER_HAS_DEPRECATED_ATTR
[6.947s] -- Performing Test COMPILER_HAS_DEPRECATED_ATTR - Success
[7.014s] -- Found ament_lint_auto: 0.9.6 (/opt/ros/foxy/share/ament_lint_auto/cmake)
[7.234s] -- Found gtest sources under '/opt/ros/foxy/src/gtest_vendor': C++ tests using 'Google Test' will be built
[7.237s] -- Looking for pthread.h
[7.317s] -- Looking for pthread.h - found
[7.317s] -- Performing Test CMAKE_HAVE_LIBC_PTHREAD
[7.393s] -- Performing Test CMAKE_HAVE_LIBC_PTHREAD - Failed
[7.394s] -- Check if compiler accepts -pthread
[7.484s] -- Check if compiler accepts -pthread - yes
[7.486s] -- Found Threads: TRUE  
[14.405s] -- Configuring done
[14.464s] -- Generating done
[14.467s] -- Build files have been written to: /home/choi/robot_ws/build/cv_bridge
[14.494s] Invoked command in '/home/choi/robot_ws/build/cv_bridge' returned '0': CMAKE_PREFIX_PATH=${CMAKE_PREFIX_PATH}:/home/choi/gcamp_ros2_ws/install/py_topic_pkg:/home/choi/gcamp_ros2_ws/install/py_service_pkg:/home/choi/gcamp_ros2_ws/install/py_first_pkg:/home/choi/gcamp_ros2_ws/install/py_action_pkg:/opt/ros/foxy:/home/choi/colcon_ws/install/stella_teleop_bluetooth:/home/choi/colcon_ws/install/stella_teleop:/home/choi/colcon_ws/install/stella_camera /usr/bin/cmake /home/choi/robot_ws/src/vision_opencv/cv_bridge -DAMENT_CMAKE_SYMLINK_INSTALL=1 -DCMAKE_INSTALL_PREFIX=/home/choi/robot_ws/install/cv_bridge
[14.495s] Invoking command in '/home/choi/robot_ws/build/cv_bridge': CMAKE_PREFIX_PATH=${CMAKE_PREFIX_PATH}:/home/choi/gcamp_ros2_ws/install/py_topic_pkg:/home/choi/gcamp_ros2_ws/install/py_service_pkg:/home/choi/gcamp_ros2_ws/install/py_first_pkg:/home/choi/gcamp_ros2_ws/install/py_action_pkg:/opt/ros/foxy:/home/choi/colcon_ws/install/stella_teleop_bluetooth:/home/choi/colcon_ws/install/stella_teleop:/home/choi/colcon_ws/install/stella_camera /usr/bin/cmake --build /home/choi/robot_ws/build/cv_bridge -- -j12 -l12
[14.593s] [35m[1mScanning dependencies of target gtest_main[0m
[14.616s] [  6%] [32mBuilding CXX object gtest/CMakeFiles/gtest_main.dir/src/gtest_main.cc.o[0m
[14.630s] [35m[1mScanning dependencies of target cv_bridge[0m
[14.646s] [35m[1mScanning dependencies of target gtest[0m
[14.728s] [ 12%] [32mBuilding CXX object gtest/CMakeFiles/gtest.dir/src/gtest-all.cc.o[0m
[14.842s] [ 18%] [32mBuilding CXX object src/CMakeFiles/cv_bridge.dir/cv_bridge.cpp.o[0m
[14.849s] [ 25%] [32mBuilding CXX object src/CMakeFiles/cv_bridge.dir/rgb_colors.cpp.o[0m
[15.820s] [ 31%] [32m[1mLinking CXX static library libgtest_main.a[0m
[15.928s] [ 31%] Built target gtest_main
[19.596s] [ 37%] [32m[1mLinking CXX static library libgtest.a[0m
[19.685s] [ 37%] Built target gtest
[21.826s] [ 43%] [32m[1mLinking CXX shared library libcv_bridge.so[0m
[22.000s] [ 43%] Built target cv_bridge
[22.010s] [35m[1mScanning dependencies of target cv_bridge-utest[0m
[22.017s] [35m[1mScanning dependencies of target cv_bridge_boost[0m
[22.059s] [ 56%] [32mBuilding CXX object test/CMakeFiles/cv_bridge-utest.dir/utest.cpp.o[0m
[22.059s] [ 62%] [32mBuilding CXX object test/CMakeFiles/cv_bridge-utest.dir/test_rgb_colors.cpp.o[0m
[22.060s] [ 56%] [32mBuilding CXX object test/CMakeFiles/cv_bridge-utest.dir/test_compression.cpp.o[0m
[22.060s] [ 68%] [32mBuilding CXX object test/CMakeFiles/cv_bridge-utest.dir/test_endian.cpp.o[0m
[22.066s] [ 75%] [32mBuilding CXX object test/CMakeFiles/cv_bridge-utest.dir/utest2.cpp.o[0m
[22.319s] [ 81%] [32mBuilding CXX object src/CMakeFiles/cv_bridge_boost.dir/module.cpp.o[0m
[22.343s] [ 87%] [32mBuilding CXX object src/CMakeFiles/cv_bridge_boost.dir/module_opencv3.cpp.o[0m
[26.990s] [ 93%] [32m[1mLinking CXX executable cv_bridge-utest[0m
[28.205s] [ 93%] Built target cv_bridge-utest
[32.758s] [100%] [32m[1mLinking CXX shared module boost/cv_bridge_boost.so[0m
[33.097s] [100%] Built target cv_bridge_boost
[33.132s] Invoked command in '/home/choi/robot_ws/build/cv_bridge' returned '0': CMAKE_PREFIX_PATH=${CMAKE_PREFIX_PATH}:/home/choi/gcamp_ros2_ws/install/py_topic_pkg:/home/choi/gcamp_ros2_ws/install/py_service_pkg:/home/choi/gcamp_ros2_ws/install/py_first_pkg:/home/choi/gcamp_ros2_ws/install/py_action_pkg:/opt/ros/foxy:/home/choi/colcon_ws/install/stella_teleop_bluetooth:/home/choi/colcon_ws/install/stella_teleop:/home/choi/colcon_ws/install/stella_camera /usr/bin/cmake --build /home/choi/robot_ws/build/cv_bridge -- -j12 -l12
[33.322s] Invoking command in '/home/choi/robot_ws/build/cv_bridge': CMAKE_PREFIX_PATH=${CMAKE_PREFIX_PATH}:/home/choi/gcamp_ros2_ws/install/py_topic_pkg:/home/choi/gcamp_ros2_ws/install/py_service_pkg:/home/choi/gcamp_ros2_ws/install/py_first_pkg:/home/choi/gcamp_ros2_ws/install/py_action_pkg:/opt/ros/foxy:/home/choi/colcon_ws/install/stella_teleop_bluetooth:/home/choi/colcon_ws/install/stella_teleop:/home/choi/colcon_ws/install/stella_camera /usr/bin/cmake --install /home/choi/robot_ws/build/cv_bridge
[33.359s] -- Install configuration: ""
[33.360s] -- Execute custom install script
[33.360s] -- Symlinking: /home/choi/robot_ws/install/cv_bridge/share/cv_bridge/environment/pythonpath.sh
[33.375s] -- Symlinking: /home/choi/robot_ws/install/cv_bridge/share/cv_bridge/environment/pythonpath.dsv
[33.390s] -- Symlinking: /home/choi/robot_ws/install/cv_bridge/lib/python3.8/site-packages/cv_bridge/__init__.py
[33.404s] -- Symlinking: /home/choi/robot_ws/install/cv_bridge/lib/python3.8/site-packages/cv_bridge/core.py
[33.432s] -- Symlinking: /home/choi/robot_ws/install/cv_bridge/include/cv_bridge/cv_bridge/cv_bridge_export.h
[33.462s] -- Symlinking: /home/choi/robot_ws/install/cv_bridge/lib/python3.8/site-packages/cv_bridge/boost//cv_bridge_boost.so
[33.495s] -- Symlinking: /home/choi/robot_ws/install/cv_bridge/include/cv_bridge/cv_bridge/cv_bridge.h
[33.527s] -- Symlinking: /home/choi/robot_ws/install/cv_bridge/include/cv_bridge/cv_bridge/rgb_colors.h
[33.573s] -- Symlinking: /home/choi/robot_ws/install/cv_bridge/lib/libcv_bridge.so
[33.625s] -- Symlinking: /home/choi/robot_ws/install/cv_bridge/share/ament_index/resource_index/package_run_dependencies/cv_bridge
[33.662s] -- Symlinking: /home/choi/robot_ws/install/cv_bridge/share/ament_index/resource_index/parent_prefix_path/cv_bridge
[33.677s] -- Symlinking: /home/choi/robot_ws/install/cv_bridge/share/cv_bridge/environment/ament_prefix_path.sh
[33.703s] -- Symlinking: /home/choi/robot_ws/install/cv_bridge/share/cv_bridge/environment/ament_prefix_path.dsv
[33.726s] -- Symlinking: /home/choi/robot_ws/install/cv_bridge/share/cv_bridge/environment/path.sh
[33.782s] -- Symlinking: /home/choi/robot_ws/install/cv_bridge/share/cv_bridge/environment/path.dsv
[33.829s] -- Symlinking: /home/choi/robot_ws/install/cv_bridge/share/cv_bridge/local_setup.bash
[33.857s] -- Symlinking: /home/choi/robot_ws/install/cv_bridge/share/cv_bridge/local_setup.sh
[33.876s] -- Symlinking: /home/choi/robot_ws/install/cv_bridge/share/cv_bridge/local_setup.zsh
[33.893s] -- Symlinking: /home/choi/robot_ws/install/cv_bridge/share/cv_bridge/local_setup.dsv
[33.912s] -- Symlinking: /home/choi/robot_ws/install/cv_bridge/share/cv_bridge/package.dsv
[33.932s] -- Symlinking: /home/choi/robot_ws/install/cv_bridge/share/ament_index/resource_index/packages/cv_bridge
[33.953s] -- Symlinking: /home/choi/robot_ws/install/cv_bridge/share/cv_bridge/cmake/cv_bridge-extras.cmake
[33.970s] -- Symlinking: /home/choi/robot_ws/install/cv_bridge/share/cv_bridge/cmake/ament_cmake_export_dependencies-extras.cmake
[33.998s] -- Symlinking: /home/choi/robot_ws/install/cv_bridge/share/cv_bridge/cmake/ament_cmake_export_targets-extras.cmake
[34.016s] -- Symlinking: /home/choi/robot_ws/install/cv_bridge/share/cv_bridge/cmake/cv_bridgeConfig.cmake
[34.043s] -- Symlinking: /home/choi/robot_ws/install/cv_bridge/share/cv_bridge/cmake/cv_bridgeConfig-version.cmake
[34.058s] -- Symlinking: /home/choi/robot_ws/install/cv_bridge/share/cv_bridge/package.xml
[34.170s] Listing '/home/choi/robot_ws/install/cv_bridge/lib/python3.8/site-packages/cv_bridge'...
[34.170s] Compiling '/home/choi/robot_ws/install/cv_bridge/lib/python3.8/site-packages/cv_bridge/__init__.py'...
[34.170s] Listing '/home/choi/robot_ws/install/cv_bridge/lib/python3.8/site-packages/cv_bridge/boost'...
[34.170s] Compiling '/home/choi/robot_ws/install/cv_bridge/lib/python3.8/site-packages/cv_bridge/core.py'...
[34.179s] -- Installing: /home/choi/robot_ws/install/cv_bridge/share/cv_bridge/cmake/export_cv_bridgeExport.cmake
[34.179s] -- Installing: /home/choi/robot_ws/install/cv_bridge/share/cv_bridge/cmake/export_cv_bridgeExport-noconfig.cmake
[34.188s] Invoked command in '/home/choi/robot_ws/build/cv_bridge' returned '0': CMAKE_PREFIX_PATH=${CMAKE_PREFIX_PATH}:/home/choi/gcamp_ros2_ws/install/py_topic_pkg:/home/choi/gcamp_ros2_ws/install/py_service_pkg:/home/choi/gcamp_ros2_ws/install/py_first_pkg:/home/choi/gcamp_ros2_ws/install/py_action_pkg:/opt/ros/foxy:/home/choi/colcon_ws/install/stella_teleop_bluetooth:/home/choi/colcon_ws/install/stella_teleop:/home/choi/colcon_ws/install/stella_camera /usr/bin/cmake --install /home/choi/robot_ws/build/cv_bridge
