[0.081s] Invoking command in '/home/choi/robot_ws/build/choi_stella_cartographer': CMAKE_PREFIX_PATH=${CMAKE_PREFIX_PATH}:/home/choi/gcamp_ros2_ws/install/py_topic_pkg:/home/choi/gcamp_ros2_ws/install/py_service_pkg:/home/choi/gcamp_ros2_ws/install/py_first_pkg:/home/choi/gcamp_ros2_ws/install/py_action_pkg:/opt/ros/foxy:/home/choi/robot_ws/install/opencv_tests:/home/choi/colcon_ws/install/stella_teleop_bluetooth:/home/choi/colcon_ws/install/stella_teleop:/home/choi/colcon_ws/install/stella_camera /usr/bin/cmake --build /home/choi/robot_ws/build/choi_stella_cartographer -- -j12 -l12
[0.590s] Invoked command in '/home/choi/robot_ws/build/choi_stella_cartographer' returned '0': CMAKE_PREFIX_PATH=${CMAKE_PREFIX_PATH}:/home/choi/gcamp_ros2_ws/install/py_topic_pkg:/home/choi/gcamp_ros2_ws/install/py_service_pkg:/home/choi/gcamp_ros2_ws/install/py_first_pkg:/home/choi/gcamp_ros2_ws/install/py_action_pkg:/opt/ros/foxy:/home/choi/robot_ws/install/opencv_tests:/home/choi/colcon_ws/install/stella_teleop_bluetooth:/home/choi/colcon_ws/install/stella_teleop:/home/choi/colcon_ws/install/stella_camera /usr/bin/cmake --build /home/choi/robot_ws/build/choi_stella_cartographer -- -j12 -l12
[0.654s] Invoking command in '/home/choi/robot_ws/build/choi_stella_cartographer': CMAKE_PREFIX_PATH=${CMAKE_PREFIX_PATH}:/home/choi/gcamp_ros2_ws/install/py_topic_pkg:/home/choi/gcamp_ros2_ws/install/py_service_pkg:/home/choi/gcamp_ros2_ws/install/py_first_pkg:/home/choi/gcamp_ros2_ws/install/py_action_pkg:/opt/ros/foxy:/home/choi/robot_ws/install/opencv_tests:/home/choi/colcon_ws/install/stella_teleop_bluetooth:/home/choi/colcon_ws/install/stella_teleop:/home/choi/colcon_ws/install/stella_camera /usr/bin/cmake --install /home/choi/robot_ws/build/choi_stella_cartographer
[0.696s] -- Install configuration: ""
[0.702s] -- Execute custom install script
[0.769s] -- Up-to-date symlink: /home/choi/robot_ws/install/choi_stella_cartographer/share/choi_stella_cartographer/launch/ST_cartographer.launch.py
[0.783s] -- Up-to-date symlink: /home/choi/robot_ws/install/choi_stella_cartographer/share/choi_stella_cartographer/launch/ST_gazebo_launch.py
[0.790s] -- Up-to-date symlink: /home/choi/robot_ws/install/choi_stella_cartographer/share/choi_stella_cartographer/launch/ST_localization.launch.py
[0.791s] -- Up-to-date symlink: /home/choi/robot_ws/install/choi_stella_cartographer/share/choi_stella_cartographer/launch/ST_localization2.launch.py
[0.791s] -- Up-to-date symlink: /home/choi/robot_ws/install/choi_stella_cartographer/share/choi_stella_cartographer/launch/ST_navigation.launch.py
[0.792s] -- Up-to-date symlink: /home/choi/robot_ws/install/choi_stella_cartographer/share/choi_stella_cartographer/launch/ST_navigation2.launch.py
[0.792s] -- Up-to-date symlink: /home/choi/robot_ws/install/choi_stella_cartographer/share/choi_stella_cartographer/launch/ST_rviz_launch.py
[0.792s] -- Up-to-date symlink: /home/choi/robot_ws/install/choi_stella_cartographer/share/choi_stella_cartographer/launch/bringup_launch.py
[0.792s] -- Up-to-date symlink: /home/choi/robot_ws/install/choi_stella_cartographer/share/choi_stella_cartographer/launch/ex_bringup.launch.py
[0.793s] -- Up-to-date symlink: /home/choi/robot_ws/install/choi_stella_cartographer/share/choi_stella_cartographer/launch/localization_launch.py
[0.793s] -- Up-to-date symlink: /home/choi/robot_ws/install/choi_stella_cartographer/share/choi_stella_cartographer/launch/nav2_navigation.launch.py
[0.793s] -- Up-to-date symlink: /home/choi/robot_ws/install/choi_stella_cartographer/share/choi_stella_cartographer/launch/navigation_launch.py
[0.794s] -- Up-to-date symlink: /home/choi/robot_ws/install/choi_stella_cartographer/share/choi_stella_cartographer/launch/occupancy_grid2.launch.py
[0.794s] -- Up-to-date symlink: /home/choi/robot_ws/install/choi_stella_cartographer/share/choi_stella_cartographer/launch/slam_launch.py
[0.794s] -- Up-to-date symlink: /home/choi/robot_ws/install/choi_stella_cartographer/share/choi_stella_cartographer/launch/stella_localization.launch.py
[0.795s] -- Up-to-date symlink: /home/choi/robot_ws/install/choi_stella_cartographer/share/choi_stella_cartographer/launch/망/cartographer_stella.launch.py
[0.796s] -- Up-to-date symlink: /home/choi/robot_ws/install/choi_stella_cartographer/share/choi_stella_cartographer/launch/망/stella_cartographer.launch.py
[0.822s] -- Up-to-date symlink: /home/choi/robot_ws/install/choi_stella_cartographer/share/choi_stella_cartographer/worlds/3obbject
[0.824s] -- Up-to-date symlink: /home/choi/robot_ws/install/choi_stella_cartographer/share/choi_stella_cartographer/worlds/3obbject.world
[0.824s] -- Up-to-date symlink: /home/choi/robot_ws/install/choi_stella_cartographer/share/choi_stella_cartographer/worlds/3object/model.config
[0.825s] -- Up-to-date symlink: /home/choi/robot_ws/install/choi_stella_cartographer/share/choi_stella_cartographer/worlds/3object/model.sdf
[0.826s] -- Up-to-date symlink: /home/choi/robot_ws/install/choi_stella_cartographer/share/choi_stella_cartographer/worlds/empty.world
[0.834s] -- Up-to-date symlink: /home/choi/robot_ws/install/choi_stella_cartographer/share/choi_stella_cartographer/worlds/neworld/model.config
[0.835s] -- Up-to-date symlink: /home/choi/robot_ws/install/choi_stella_cartographer/share/choi_stella_cartographer/worlds/neworld/model.sdf
[0.848s] -- Up-to-date symlink: /home/choi/robot_ws/install/choi_stella_cartographer/share/choi_stella_cartographer/worlds/newworld.world
[0.885s] -- Up-to-date symlink: /home/choi/robot_ws/install/choi_stella_cartographer/share/choi_stella_cartographer/models/CMakeLists.txt
[0.886s] -- Up-to-date symlink: /home/choi/robot_ws/install/choi_stella_cartographer/share/choi_stella_cartographer/models/ground_plane/model.config
[0.886s] -- Up-to-date symlink: /home/choi/robot_ws/install/choi_stella_cartographer/share/choi_stella_cartographer/models/ground_plane/model.sdf
[0.886s] -- Up-to-date symlink: /home/choi/robot_ws/install/choi_stella_cartographer/share/choi_stella_cartographer/models/sun/model.config
[0.887s] -- Up-to-date symlink: /home/choi/robot_ws/install/choi_stella_cartographer/share/choi_stella_cartographer/models/sun/model.sdf
[0.898s] -- Up-to-date symlink: /home/choi/robot_ws/install/choi_stella_cartographer/share/choi_stella_cartographer/meshes/hokuyo.dae
[0.909s] -- Up-to-date symlink: /home/choi/robot_ws/install/choi_stella_cartographer/share/choi_stella_cartographer/urdf/diffST_bot.gazebo
[0.910s] -- Up-to-date symlink: /home/choi/robot_ws/install/choi_stella_cartographer/share/choi_stella_cartographer/urdf/diffST_bot.urdf
[0.910s] -- Up-to-date symlink: /home/choi/robot_ws/install/choi_stella_cartographer/share/choi_stella_cartographer/urdf/diffST_bot.urdf.xacro
[0.911s] -- Up-to-date symlink: /home/choi/robot_ws/install/choi_stella_cartographer/share/choi_stella_cartographer/urdf/stella_bot.gazebo
[0.912s] -- Up-to-date symlink: /home/choi/robot_ws/install/choi_stella_cartographer/share/choi_stella_cartographer/urdf/stella_bot.urdf
[0.912s] -- Up-to-date symlink: /home/choi/robot_ws/install/choi_stella_cartographer/share/choi_stella_cartographer/urdf/stella_bot.xacro
[0.913s] -- Up-to-date symlink: /home/choi/robot_ws/install/choi_stella_cartographer/share/choi_stella_cartographer/urdf/stella_bot2.urdf
[0.931s] -- Up-to-date symlink: /home/choi/robot_ws/install/choi_stella_cartographer/share/choi_stella_cartographer/config/ekf.yaml
[0.934s] -- Up-to-date symlink: /home/choi/robot_ws/install/choi_stella_cartographer/share/choi_stella_cartographer/config/stella2.lua
[0.935s] -- Up-to-date symlink: /home/choi/robot_ws/install/choi_stella_cartographer/share/choi_stella_cartographer/params/nav2_params.yaml
[0.937s] -- Up-to-date symlink: /home/choi/robot_ws/install/choi_stella_cartographer/share/choi_stella_cartographer/maps/map051206.pgm
[0.938s] -- Up-to-date symlink: /home/choi/robot_ws/install/choi_stella_cartographer/share/choi_stella_cartographer/maps/map051206.yaml
[0.950s] -- Up-to-date symlink: /home/choi/robot_ws/install/choi_stella_cartographer/share/choi_stella_cartographer/rviz/nav2_ST.rviz
[0.951s] -- Up-to-date symlink: /home/choi/robot_ws/install/choi_stella_cartographer/share/choi_stella_cartographer/rviz/nav2_default_view.rviz
[0.952s] -- Up-to-date symlink: /home/choi/robot_ws/install/choi_stella_cartographer/share/choi_stella_cartographer/rviz/nav2_real_default.rviz
[0.952s] -- Up-to-date symlink: /home/choi/robot_ws/install/choi_stella_cartographer/share/choi_stella_cartographer/rviz/stellabot3.rviz
[0.954s] -- Up-to-date symlink: /home/choi/robot_ws/install/choi_stella_cartographer/share/ament_index/resource_index/package_run_dependencies/choi_stella_cartographer
[0.954s] -- Up-to-date symlink: /home/choi/robot_ws/install/choi_stella_cartographer/share/ament_index/resource_index/parent_prefix_path/choi_stella_cartographer
[0.955s] -- Up-to-date symlink: /home/choi/robot_ws/install/choi_stella_cartographer/share/choi_stella_cartographer/environment/ament_prefix_path.sh
[0.955s] -- Up-to-date symlink: /home/choi/robot_ws/install/choi_stella_cartographer/share/choi_stella_cartographer/environment/ament_prefix_path.dsv
[0.956s] -- Up-to-date symlink: /home/choi/robot_ws/install/choi_stella_cartographer/share/choi_stella_cartographer/environment/path.sh
[0.956s] -- Up-to-date symlink: /home/choi/robot_ws/install/choi_stella_cartographer/share/choi_stella_cartographer/environment/path.dsv
[0.956s] -- Up-to-date symlink: /home/choi/robot_ws/install/choi_stella_cartographer/share/choi_stella_cartographer/local_setup.bash
[0.957s] -- Up-to-date symlink: /home/choi/robot_ws/install/choi_stella_cartographer/share/choi_stella_cartographer/local_setup.sh
[0.957s] -- Up-to-date symlink: /home/choi/robot_ws/install/choi_stella_cartographer/share/choi_stella_cartographer/local_setup.zsh
[0.958s] -- Up-to-date symlink: /home/choi/robot_ws/install/choi_stella_cartographer/share/choi_stella_cartographer/local_setup.dsv
[0.958s] -- Symlinking: /home/choi/robot_ws/install/choi_stella_cartographer/share/choi_stella_cartographer/package.dsv
[0.979s] -- Up-to-date symlink: /home/choi/robot_ws/install/choi_stella_cartographer/share/ament_index/resource_index/packages/choi_stella_cartographer
[0.980s] -- Up-to-date symlink: /home/choi/robot_ws/install/choi_stella_cartographer/share/choi_stella_cartographer/cmake/choi_stella_cartographerConfig.cmake
[0.981s] -- Up-to-date symlink: /home/choi/robot_ws/install/choi_stella_cartographer/share/choi_stella_cartographer/cmake/choi_stella_cartographerConfig-version.cmake
[0.982s] -- Up-to-date symlink: /home/choi/robot_ws/install/choi_stella_cartographer/share/choi_stella_cartographer/package.xml
[0.987s] Invoked command in '/home/choi/robot_ws/build/choi_stella_cartographer' returned '0': CMAKE_PREFIX_PATH=${CMAKE_PREFIX_PATH}:/home/choi/gcamp_ros2_ws/install/py_topic_pkg:/home/choi/gcamp_ros2_ws/install/py_service_pkg:/home/choi/gcamp_ros2_ws/install/py_first_pkg:/home/choi/gcamp_ros2_ws/install/py_action_pkg:/opt/ros/foxy:/home/choi/robot_ws/install/opencv_tests:/home/choi/colcon_ws/install/stella_teleop_bluetooth:/home/choi/colcon_ws/install/stella_teleop:/home/choi/colcon_ws/install/stella_camera /usr/bin/cmake --install /home/choi/robot_ws/build/choi_stella_cartographer
