[0.041s] Invoking command in '/home/choi/robot_ws/build/gazebo_plugins': AMENT_PREFIX_PATH=/home/choi/robot_ws/install/gazebo_ros:/home/choi/robot_ws/install/camera_info_manager:/home/choi/robot_ws/install/image_transport:/home/choi/robot_ws/install/gazebo_msgs:/home/choi/robot_ws/install/gazebo_dev:/home/choi/robot_ws/install/cv_bridge:/home/choi/robot_ws/install/camera_calibration_parsers:${AMENT_PREFIX_PATH} CMAKE_PREFIX_PATH=/home/choi/robot_ws/install/gazebo_ros:/home/choi/robot_ws/install/camera_info_manager:/home/choi/robot_ws/install/image_transport:/home/choi/robot_ws/install/gazebo_msgs:/home/choi/robot_ws/install/gazebo_dev:/home/choi/robot_ws/install/cv_bridge:/home/choi/robot_ws/install/camera_calibration_parsers:/home/choi/gcamp_ros2_ws/install/stella_action_pkg:/home/choi/gcamp_ros2_ws/install/gcamp_gazebo:/home/choi/gcamp_ros2_ws/install/cpp_service_pkg:/home/choi/gcamp_ros2_ws/install/cpp_action_pkg:/home/choi/gcamp_ros2_ws/install/custom_interfaces:/home/choi/gcamp_ros2_ws/install/cpp_topic_pkg:/home/choi/gcamp_ros2_ws/install/cpp_service_tutorial:/home/choi/gcamp_ros2_ws/install/cpp_first_pkg:/home/choi/robot_ws/install/choi_stella_cartographer:/home/choi/colcon_ws/install/stella_navigation2:/home/choi/colcon_ws/install/stella_include__pkg:/home/choi/colcon_ws/install/stella_bringup:/home/choi/colcon_ws/install/stella_description:/home/choi/colcon_ws/install/stella_cartographer:/home/choi/colcon_ws/install/stella_action_pkg:/home/choi/gcamp_ros2_ws/install/py_topic_pkg:/home/choi/gcamp_ros2_ws/install/py_service_pkg:/home/choi/gcamp_ros2_ws/install/py_first_pkg:/home/choi/gcamp_ros2_ws/install/py_action_pkg:/opt/ros/foxy:/home/choi/colcon_ws/install/stella_teleop_bluetooth:/home/choi/colcon_ws/install/stella_teleop:/home/choi/colcon_ws/install/stella_camera LD_LIBRARY_PATH=/home/choi/robot_ws/install/gazebo_ros/lib:/home/choi/robot_ws/install/camera_info_manager/lib:/home/choi/robot_ws/install/image_transport/lib:/home/choi/robot_ws/install/gazebo_msgs/lib:/home/choi/robot_ws/install/cv_bridge/lib:/home/choi/robot_ws/install/camera_calibration_parsers/lib:${LD_LIBRARY_PATH} PYTHONPATH=/home/choi/robot_ws/install/gazebo_ros/lib/python3.8/site-packages:/home/choi/robot_ws/install/gazebo_msgs/lib/python3.8/site-packages:/home/choi/robot_ws/install/cv_bridge/lib/python3.8/site-packages:${PYTHONPATH} /usr/bin/cmake /home/choi/robot_ws/src/gazebo_ros_pkgs/gazebo_plugins -DAMENT_CMAKE_SYMLINK_INSTALL=1 -DCMAKE_INSTALL_PREFIX=/home/choi/robot_ws/install/gazebo_plugins
[0.133s] -- The C compiler identification is GNU 9.4.0
[0.223s] -- The CXX compiler identification is GNU 9.4.0
[0.229s] -- Check for working C compiler: /usr/bin/cc
[0.334s] -- Check for working C compiler: /usr/bin/cc -- works
[0.336s] -- Detecting C compiler ABI info
[0.455s] -- Detecting C compiler ABI info - done
[0.469s] -- Detecting C compile features
[0.469s] -- Detecting C compile features - done
[0.472s] -- Check for working CXX compiler: /usr/bin/c++
[0.601s] -- Check for working CXX compiler: /usr/bin/c++ -- works
[0.602s] -- Detecting CXX compiler ABI info
[0.741s] -- Detecting CXX compiler ABI info - done
[0.758s] -- Detecting CXX compile features
[0.758s] -- Detecting CXX compile features - done
[0.763s] -- Found ament_cmake: 0.9.9 (/opt/ros/foxy/share/ament_cmake/cmake)
[0.813s] -- Found PythonInterp: /usr/bin/python3 (found suitable version "3.8.10", minimum required is "3") 
[0.813s] -- Using PYTHON_EXECUTABLE: /usr/bin/python3
[1.044s] -- Override CMake install command with custom implementation using symlinks instead of copying resources
[1.093s] -- Found camera_info_manager: 2.3.0 (/home/choi/robot_ws/install/camera_info_manager/share/camera_info_manager/cmake)
[1.175s] -- Using all available rosidl_typesupport_c: rosidl_typesupport_fastrtps_c;rosidl_typesupport_introspection_c
[1.187s] -- Found rosidl_adapter: 1.2.1 (/opt/ros/foxy/share/rosidl_adapter/cmake)
[1.325s] -- Found OpenSSL: /usr/lib/x86_64-linux-gnu/libcrypto.so (found version "1.1.1f")  
[1.364s] -- Found FastRTPS: /opt/ros/foxy/include  
[1.485s] -- Using all available rosidl_typesupport_cpp: rosidl_typesupport_fastrtps_cpp;rosidl_typesupport_introspection_cpp
[1.560s] -- Found rmw_implementation_cmake: 1.0.3 (/opt/ros/foxy/share/rmw_implementation_cmake/cmake)
[1.562s] -- Using RMW implementation 'rmw_fastrtps_cpp' as default
[1.563s] -- Looking for pthread.h
[1.691s] -- Looking for pthread.h - found
[1.691s] -- Performing Test CMAKE_HAVE_LIBC_PTHREAD
[1.819s] -- Performing Test CMAKE_HAVE_LIBC_PTHREAD - Failed
[1.819s] -- Looking for pthread_create in pthreads
[1.927s] -- Looking for pthread_create in pthreads - not found
[1.927s] -- Looking for pthread_create in pthread
[2.066s] -- Looking for pthread_create in pthread - found
[2.068s] -- Found Threads: TRUE  
[2.400s] -- Setting yaml-cpp_DIR to: '/opt/ros/foxy/share/yaml_cpp_vendor/cmake/../../../opt/yaml_cpp_vendor/lib/cmake/yaml-cpp'
[2.468s] -- Found gazebo_dev: 3.5.3 (/home/choi/robot_ws/install/gazebo_dev/share/gazebo_dev/cmake)
[2.477s] -- Found PkgConfig: /usr/bin/pkg-config (found version "0.29.1") 
[2.479s] -- Checking for module 'bullet>=2.82'
[2.507s] --   Found bullet, version 2.88
[2.702s] -- Found ccd: /usr/include (found suitable version "2.0", minimum required is "2.0") 
[2.807s] -- Found fcl: /usr/include (found suitable version "0.5.0", minimum required is "0.3.2") 
[2.915s] -- Found assimp: /usr/include (found version "5.0.0") 
[2.954s] -- Found DART: /usr/include (Required is at least version "6.6") found components: dart 
[3.000s] -- Found Boost: /usr/lib/x86_64-linux-gnu/cmake/Boost-1.71.0/BoostConfig.cmake (found suitable version "1.71.0", minimum required is "1.40.0") found components: thread system filesystem program_options regex iostreams date_time 
[3.025s] -- Found Protobuf: /usr/lib/x86_64-linux-gnu/libprotobuf.so;-lpthread (found version "3.6.1") 
[3.035s] -- Looking for ignition-math6 -- found version 6.10.0
[3.045s] -- Searching for dependencies of ignition-math6
[3.047s] -- Looking for OGRE...
[3.047s] -- OGRE_PREFIX_WATCH changed.
[3.056s] -- Checking for module 'OGRE'
[3.087s] --   Found OGRE, version 1.9.0
[3.160s] -- Found Ogre Ghadamon (1.9.0)
[3.175s] -- Found OGRE: optimized;/usr/lib/x86_64-linux-gnu/libOgreMain.so;debug;/usr/lib/x86_64-linux-gnu/libOgreMain.so
[3.186s] -- Looking for OGRE_Paging...
[3.196s] -- Found OGRE_Paging: optimized;/usr/lib/x86_64-linux-gnu/libOgrePaging.so;debug;/usr/lib/x86_64-linux-gnu/libOgrePaging.so
[3.196s] -- Looking for OGRE_Terrain...
[3.207s] -- Found OGRE_Terrain: optimized;/usr/lib/x86_64-linux-gnu/libOgreTerrain.so;debug;/usr/lib/x86_64-linux-gnu/libOgreTerrain.so
[3.207s] -- Looking for OGRE_Property...
[3.220s] -- Found OGRE_Property: optimized;/usr/lib/x86_64-linux-gnu/libOgreProperty.so;debug;/usr/lib/x86_64-linux-gnu/libOgreProperty.so
[3.221s] -- Looking for OGRE_RTShaderSystem...
[3.231s] -- Found OGRE_RTShaderSystem: optimized;/usr/lib/x86_64-linux-gnu/libOgreRTShaderSystem.so;debug;/usr/lib/x86_64-linux-gnu/libOgreRTShaderSystem.so
[3.231s] -- Looking for OGRE_Volume...
[3.240s] -- Found OGRE_Volume: optimized;/usr/lib/x86_64-linux-gnu/libOgreVolume.so;debug;/usr/lib/x86_64-linux-gnu/libOgreVolume.so
[3.240s] -- Looking for OGRE_Overlay...
[3.250s] -- Found OGRE_Overlay: optimized;/usr/lib/x86_64-linux-gnu/libOgreOverlay.so;debug;/usr/lib/x86_64-linux-gnu/libOgreOverlay.so
[3.472s] -- Looking for ignition-math6 -- found version 6.10.0
[3.476s] -- Looking for ignition-transport8 -- found version 8.2.1
[3.476s] -- Searching for dependencies of ignition-transport8
[3.501s] -- Found Protobuf: /usr/lib/x86_64-linux-gnu/libprotobuf.so;-lpthread (found suitable version "3.6.1", minimum required is "3") 
[3.519s] -- Config-file not installed for ZeroMQ -- checking for pkg-config
[3.527s] -- Checking for module 'libzmq >= 4'
[3.552s] --   Found libzmq , version 4.2.2
[3.616s] -- Found ZeroMQ: TRUE (Required is at least version "4") 
[3.624s] -- Checking for module 'uuid'
[3.655s] --   Found uuid, version 2.34.0
[3.728s] -- Found UUID: TRUE  
[3.732s] -- Looking for ignition-msgs5 -- found version 5.9.0
[3.732s] -- Searching for dependencies of ignition-msgs5
[3.761s] -- Looking for ignition-math6 -- found version 6.10.0
[3.771s] -- Checking for module 'tinyxml2'
[3.801s] --   Found tinyxml2, version 6.2.0
[3.864s] -- Looking for ignition-msgs5 -- found version 5.9.0
[3.869s] -- Looking for ignition-common3 -- found version 3.14.0
[3.869s] -- Searching for dependencies of ignition-common3
[3.870s] -- Looking for dlfcn.h - found
[3.872s] -- Looking for libdl - found
[3.874s] -- Found DL: TRUE  
[3.886s] -- Searching for <ignition-common3> component [graphics]
[3.891s] -- Looking for ignition-common3-graphics -- found version 3.14.0
[3.891s] -- Searching for dependencies of ignition-common3-graphics
[3.892s] -- Looking for ignition-math6 -- found version 6.10.0
[3.897s] -- Looking for ignition-fuel_tools4 -- found version 4.4.0
[3.897s] -- Searching for dependencies of ignition-fuel_tools4
[4.040s] -- Found CURL: /usr/lib/x86_64-linux-gnu/libcurl.so (found version "7.68.0")  
[4.052s] -- Checking for module 'jsoncpp'
[4.082s] --   Found jsoncpp, version 1.7.4
[4.146s] -- Found JSONCPP: TRUE  
[4.156s] -- Checking for module 'libzip'
[4.191s] --   Found libzip, version 1.5.1
[4.264s] -- Found ZIP: TRUE  
[4.265s] -- Looking for ignition-common3 -- found version 3.14.0
[4.265s] -- Looking for ignition-math6 -- found version 6.10.0
[4.266s] -- Looking for ignition-msgs5 -- found version 5.9.0
[4.267s] -- Gazebo version: 11.10
[4.269s] -- Found gazebo_msgs: 3.5.3 (/home/choi/robot_ws/install/gazebo_msgs/share/gazebo_msgs/cmake)
[4.514s] -- Found gazebo_ros: 3.5.3 (/home/choi/robot_ws/install/gazebo_ros/share/gazebo_ros/cmake)
[4.523s] -- Found image_transport: 2.3.0 (/home/choi/robot_ws/install/image_transport/share/image_transport/cmake)
[4.584s] -- Found cv_bridge: 3.0.3 (/home/choi/robot_ws/install/cv_bridge/share/cv_bridge/cmake)
[4.644s] -- Found nav_msgs: 2.0.5 (/opt/ros/foxy/share/nav_msgs/cmake)
[4.732s] -- Found std_srvs: 2.0.5 (/opt/ros/foxy/share/std_srvs/cmake)
[4.776s] -- Found tf2: 0.13.13 (/opt/ros/foxy/share/tf2/cmake)
[4.812s] -- Found tf2_geometry_msgs: 0.13.13 (/opt/ros/foxy/share/tf2_geometry_msgs/cmake)
[4.850s] -- Found eigen3_cmake_module: 0.1.1 (/opt/ros/foxy/share/eigen3_cmake_module/cmake)
[4.853s] -- Found Eigen3: TRUE (found version "3.3.7") 
[6.238s] -- Found ament_cmake_gtest: 0.9.9 (/opt/ros/foxy/share/ament_cmake_gtest/cmake)
[6.245s] -- Found gtest sources under '/opt/ros/foxy/src/gtest_vendor': C++ tests using 'Google Test' will be built
[6.248s] -- Check if compiler accepts -pthread
[6.369s] -- Check if compiler accepts -pthread - yes
[7.099s] -- Found ament_lint_auto: 0.9.6 (/opt/ros/foxy/share/ament_lint_auto/cmake)
[7.204s] -- Added test 'copyright' to check source files copyright and LICENSE
[7.209s] -- Added test 'cppcheck' to perform static code analysis on C / C++ code
[7.214s] -- Configured cppcheck include dirs: /home/choi/robot_ws/src/gazebo_ros_pkgs/gazebo_plugins/include
[7.214s] -- Configured cppcheck exclude dirs and/or files: 
[7.218s] -- Added test 'cpplint' to check C / C++ code against the Google style
[7.219s] -- Configured cpplint exclude dirs and/or files: 
[7.222s] -- Added test 'lint_cmake' to check CMake code style
[7.227s] -- Added test 'uncrustify' to check C / C++ code style
[7.227s] -- Configured uncrustify additional arguments: 
[7.229s] -- Added test 'xmllint' to check XML markup files
[7.238s] -- Configuring done
[8.264s] -- Generating done
[8.270s] -- Build files have been written to: /home/choi/robot_ws/build/gazebo_plugins
[8.291s] Invoked command in '/home/choi/robot_ws/build/gazebo_plugins' returned '0': AMENT_PREFIX_PATH=/home/choi/robot_ws/install/gazebo_ros:/home/choi/robot_ws/install/camera_info_manager:/home/choi/robot_ws/install/image_transport:/home/choi/robot_ws/install/gazebo_msgs:/home/choi/robot_ws/install/gazebo_dev:/home/choi/robot_ws/install/cv_bridge:/home/choi/robot_ws/install/camera_calibration_parsers:${AMENT_PREFIX_PATH} CMAKE_PREFIX_PATH=/home/choi/robot_ws/install/gazebo_ros:/home/choi/robot_ws/install/camera_info_manager:/home/choi/robot_ws/install/image_transport:/home/choi/robot_ws/install/gazebo_msgs:/home/choi/robot_ws/install/gazebo_dev:/home/choi/robot_ws/install/cv_bridge:/home/choi/robot_ws/install/camera_calibration_parsers:/home/choi/gcamp_ros2_ws/install/stella_action_pkg:/home/choi/gcamp_ros2_ws/install/gcamp_gazebo:/home/choi/gcamp_ros2_ws/install/cpp_service_pkg:/home/choi/gcamp_ros2_ws/install/cpp_action_pkg:/home/choi/gcamp_ros2_ws/install/custom_interfaces:/home/choi/gcamp_ros2_ws/install/cpp_topic_pkg:/home/choi/gcamp_ros2_ws/install/cpp_service_tutorial:/home/choi/gcamp_ros2_ws/install/cpp_first_pkg:/home/choi/robot_ws/install/choi_stella_cartographer:/home/choi/colcon_ws/install/stella_navigation2:/home/choi/colcon_ws/install/stella_include__pkg:/home/choi/colcon_ws/install/stella_bringup:/home/choi/colcon_ws/install/stella_description:/home/choi/colcon_ws/install/stella_cartographer:/home/choi/colcon_ws/install/stella_action_pkg:/home/choi/gcamp_ros2_ws/install/py_topic_pkg:/home/choi/gcamp_ros2_ws/install/py_service_pkg:/home/choi/gcamp_ros2_ws/install/py_first_pkg:/home/choi/gcamp_ros2_ws/install/py_action_pkg:/opt/ros/foxy:/home/choi/colcon_ws/install/stella_teleop_bluetooth:/home/choi/colcon_ws/install/stella_teleop:/home/choi/colcon_ws/install/stella_camera LD_LIBRARY_PATH=/home/choi/robot_ws/install/gazebo_ros/lib:/home/choi/robot_ws/install/camera_info_manager/lib:/home/choi/robot_ws/install/image_transport/lib:/home/choi/robot_ws/install/gazebo_msgs/lib:/home/choi/robot_ws/install/cv_bridge/lib:/home/choi/robot_ws/install/camera_calibration_parsers/lib:${LD_LIBRARY_PATH} PYTHONPATH=/home/choi/robot_ws/install/gazebo_ros/lib/python3.8/site-packages:/home/choi/robot_ws/install/gazebo_msgs/lib/python3.8/site-packages:/home/choi/robot_ws/install/cv_bridge/lib/python3.8/site-packages:${PYTHONPATH} /usr/bin/cmake /home/choi/robot_ws/src/gazebo_ros_pkgs/gazebo_plugins -DAMENT_CMAKE_SYMLINK_INSTALL=1 -DCMAKE_INSTALL_PREFIX=/home/choi/robot_ws/install/gazebo_plugins
[8.296s] Invoking command in '/home/choi/robot_ws/build/gazebo_plugins': AMENT_PREFIX_PATH=/home/choi/robot_ws/install/gazebo_ros:/home/choi/robot_ws/install/camera_info_manager:/home/choi/robot_ws/install/image_transport:/home/choi/robot_ws/install/gazebo_msgs:/home/choi/robot_ws/install/gazebo_dev:/home/choi/robot_ws/install/cv_bridge:/home/choi/robot_ws/install/camera_calibration_parsers:${AMENT_PREFIX_PATH} CMAKE_PREFIX_PATH=/home/choi/robot_ws/install/gazebo_ros:/home/choi/robot_ws/install/camera_info_manager:/home/choi/robot_ws/install/image_transport:/home/choi/robot_ws/install/gazebo_msgs:/home/choi/robot_ws/install/gazebo_dev:/home/choi/robot_ws/install/cv_bridge:/home/choi/robot_ws/install/camera_calibration_parsers:/home/choi/gcamp_ros2_ws/install/stella_action_pkg:/home/choi/gcamp_ros2_ws/install/gcamp_gazebo:/home/choi/gcamp_ros2_ws/install/cpp_service_pkg:/home/choi/gcamp_ros2_ws/install/cpp_action_pkg:/home/choi/gcamp_ros2_ws/install/custom_interfaces:/home/choi/gcamp_ros2_ws/install/cpp_topic_pkg:/home/choi/gcamp_ros2_ws/install/cpp_service_tutorial:/home/choi/gcamp_ros2_ws/install/cpp_first_pkg:/home/choi/robot_ws/install/choi_stella_cartographer:/home/choi/colcon_ws/install/stella_navigation2:/home/choi/colcon_ws/install/stella_include__pkg:/home/choi/colcon_ws/install/stella_bringup:/home/choi/colcon_ws/install/stella_description:/home/choi/colcon_ws/install/stella_cartographer:/home/choi/colcon_ws/install/stella_action_pkg:/home/choi/gcamp_ros2_ws/install/py_topic_pkg:/home/choi/gcamp_ros2_ws/install/py_service_pkg:/home/choi/gcamp_ros2_ws/install/py_first_pkg:/home/choi/gcamp_ros2_ws/install/py_action_pkg:/opt/ros/foxy:/home/choi/colcon_ws/install/stella_teleop_bluetooth:/home/choi/colcon_ws/install/stella_teleop:/home/choi/colcon_ws/install/stella_camera LD_LIBRARY_PATH=/home/choi/robot_ws/install/gazebo_ros/lib:/home/choi/robot_ws/install/camera_info_manager/lib:/home/choi/robot_ws/install/image_transport/lib:/home/choi/robot_ws/install/gazebo_msgs/lib:/home/choi/robot_ws/install/cv_bridge/lib:/home/choi/robot_ws/install/camera_calibration_parsers/lib:${LD_LIBRARY_PATH} PYTHONPATH=/home/choi/robot_ws/install/gazebo_ros/lib/python3.8/site-packages:/home/choi/robot_ws/install/gazebo_msgs/lib/python3.8/site-packages:/home/choi/robot_ws/install/cv_bridge/lib/python3.8/site-packages:${PYTHONPATH} /usr/bin/cmake --build /home/choi/robot_ws/build/gazebo_plugins -- -j12 -l12
[8.369s] [35m[1mScanning dependencies of target gazebo_ros_imu_sensor[0m
[8.369s] [35m[1mScanning dependencies of target gazebo_ros_video[0m
[8.370s] [35m[1mScanning dependencies of target gazebo_ros_force[0m
[8.370s] [35m[1mScanning dependencies of target gazebo_ros_gps_sensor[0m
[8.371s] [35m[1mScanning dependencies of target gazebo_ros_p3d[0m
[8.371s] [35m[1mScanning dependencies of target gazebo_ros_template[0m
[8.371s] [35m[1mScanning dependencies of target gazebo_ros_diff_drive[0m
[8.372s] [35m[1mScanning dependencies of target gazebo_ros_ft_sensor[0m
[8.372s] [35m[1mScanning dependencies of target gazebo_ros_tricycle_drive[0m
[8.372s] [35m[1mScanning dependencies of target gazebo_ros_joint_state_publisher[0m
[8.373s] [35m[1mScanning dependencies of target gazebo_ros_ray_sensor[0m
[8.373s] [35m[1mScanning dependencies of target multi_camera_plugin[0m
[8.494s] [  1%] [32mBuilding CXX object CMakeFiles/multi_camera_plugin.dir/src/multi_camera_plugin.cpp.o[0m
[8.532s] [  2%] [32mBuilding CXX object CMakeFiles/gazebo_ros_joint_state_publisher.dir/src/gazebo_ros_joint_state_publisher.cpp.o[0m
[8.542s] [  3%] [32mBuilding CXX object CMakeFiles/gazebo_ros_template.dir/src/gazebo_ros_template.cpp.o[0m
[8.544s] [  4%] [32mBuilding CXX object CMakeFiles/gazebo_ros_gps_sensor.dir/src/gazebo_ros_gps_sensor.cpp.o[0m
[8.559s] [  5%] [32mBuilding CXX object CMakeFiles/gazebo_ros_ft_sensor.dir/src/gazebo_ros_ft_sensor.cpp.o[0m
[8.622s] [  7%] [32mBuilding CXX object CMakeFiles/gazebo_ros_force.dir/src/gazebo_ros_force.cpp.o[0m
[8.644s] [  8%] [32mBuilding CXX object CMakeFiles/gazebo_ros_imu_sensor.dir/src/gazebo_ros_imu_sensor.cpp.o[0m
[8.652s] [  9%] [32mBuilding CXX object CMakeFiles/gazebo_ros_video.dir/src/gazebo_ros_video.cpp.o[0m
[8.662s] [ 10%] [32mBuilding CXX object CMakeFiles/gazebo_ros_ray_sensor.dir/src/gazebo_ros_ray_sensor.cpp.o[0m
[8.809s] [ 11%] [32mBuilding CXX object CMakeFiles/gazebo_ros_diff_drive.dir/src/gazebo_ros_diff_drive.cpp.o[0m
[8.830s] [ 13%] [32mBuilding CXX object CMakeFiles/gazebo_ros_tricycle_drive.dir/src/gazebo_ros_tricycle_drive.cpp.o[0m
[8.850s] [ 14%] [32mBuilding CXX object CMakeFiles/gazebo_ros_p3d.dir/src/gazebo_ros_p3d.cpp.o[0m
[24.312s] [ 15%] [32m[1mLinking CXX shared library libgazebo_ros_template.so[0m
[25.142s] [ 15%] Built target gazebo_ros_template
[25.161s] [35m[1mScanning dependencies of target gazebo_ros_bumper[0m
[25.446s] [ 16%] [32mBuilding CXX object CMakeFiles/gazebo_ros_bumper.dir/src/gazebo_ros_bumper.cpp.o[0m
[26.139s] [ 17%] [32m[1mLinking CXX shared library libgazebo_ros_gps_sensor.so[0m
[26.979s] [ 17%] Built target gazebo_ros_gps_sensor
[26.998s] [35m[1mScanning dependencies of target gazebo_ros_harness[0m
[27.283s] [ 19%] [32mBuilding CXX object CMakeFiles/gazebo_ros_harness.dir/src/gazebo_ros_harness.cpp.o[0m
[27.300s] [ 20%] [32m[1mLinking CXX shared library libgazebo_ros_joint_state_publisher.so[0m
[28.087s] [ 21%] [32m[1mLinking CXX shared library libgazebo_ros_ft_sensor.so[0m
[28.209s] [ 21%] Built target gazebo_ros_joint_state_publisher
[28.226s] [35m[1mScanning dependencies of target gazebo_ros_ackermann_drive[0m
[28.371s] [ 22%] [32m[1mLinking CXX shared library libgazebo_ros_imu_sensor.so[0m
[28.512s] [ 23%] [32mBuilding CXX object CMakeFiles/gazebo_ros_ackermann_drive.dir/src/gazebo_ros_ackermann_drive.cpp.o[0m
[29.093s] [ 23%] Built target gazebo_ros_ft_sensor
[29.112s] [35m[1mScanning dependencies of target gazebo_ros_hand_of_god[0m
[29.254s] [ 25%] [32m[1mLinking CXX shared library libgazebo_ros_p3d.so[0m
[29.354s] [ 26%] [32mBuilding CXX object CMakeFiles/gazebo_ros_hand_of_god.dir/src/gazebo_ros_hand_of_god.cpp.o[0m
[29.365s] [ 26%] Built target gazebo_ros_imu_sensor
[29.394s] [35m[1mScanning dependencies of target gazebo_ros_planar_move[0m
[29.655s] [ 27%] [32mBuilding CXX object CMakeFiles/gazebo_ros_planar_move.dir/src/gazebo_ros_planar_move.cpp.o[0m
[30.690s] [ 27%] Built target gazebo_ros_p3d
[30.714s] [35m[1mScanning dependencies of target gazebo_ros_wheel_slip[0m
[30.992s] [ 28%] [32mBuilding CXX object CMakeFiles/gazebo_ros_wheel_slip.dir/src/gazebo_ros_wheel_slip.cpp.o[0m
[31.068s] [ 29%] [32m[1mLinking CXX shared library libgazebo_ros_force.so[0m
[31.932s] [ 30%] [32m[1mLinking CXX shared library libmulti_camera_plugin.so[0m
[32.219s] [ 30%] Built target gazebo_ros_force
[32.240s] [35m[1mScanning dependencies of target gazebo_ros_vacuum_gripper[0m
[32.487s] [ 30%] Built target multi_camera_plugin
[32.530s] [35m[1mScanning dependencies of target gazebo_ros_joint_pose_trajectory[0m
[32.543s] [ 32%] [32mBuilding CXX object CMakeFiles/gazebo_ros_vacuum_gripper.dir/src/gazebo_ros_vacuum_gripper.cpp.o[0m
[32.655s] [ 33%] [32m[1mLinking CXX shared library libgazebo_ros_ray_sensor.so[0m
[32.776s] [ 34%] [32mBuilding CXX object CMakeFiles/gazebo_ros_joint_pose_trajectory.dir/src/gazebo_ros_joint_pose_trajectory.cpp.o[0m
[33.431s] [ 35%] [32m[1mLinking CXX shared library libgazebo_ros_diff_drive.so[0m
[33.547s] [ 36%] [32m[1mLinking CXX shared library libgazebo_ros_tricycle_drive.so[0m
[34.215s] [ 36%] Built target gazebo_ros_ray_sensor
[34.241s] [35m[1mScanning dependencies of target gazebo_ros_elevator[0m
[34.469s] [ 38%] [32mBuilding CXX object CMakeFiles/gazebo_ros_elevator.dir/src/gazebo_ros_elevator.cpp.o[0m
[35.253s] [ 38%] Built target gazebo_ros_diff_drive
[35.273s] [35m[1mScanning dependencies of target gazebo_ros_projector[0m
[35.367s] [ 38%] Built target gazebo_ros_tricycle_drive
[35.388s] [35m[1mScanning dependencies of target gtest[0m
[35.420s] [ 39%] [32mBuilding CXX object gtest/CMakeFiles/gtest.dir/src/gtest-all.cc.o[0m
[35.482s] [ 40%] [32mBuilding CXX object CMakeFiles/gazebo_ros_projector.dir/src/gazebo_ros_projector.cpp.o[0m
[40.615s] [ 41%] [32m[1mLinking CXX static library libgtest.a[0m
[40.722s] [ 41%] Built target gtest
[40.739s] [35m[1mScanning dependencies of target gtest_main[0m
[40.763s] [ 42%] [32mBuilding CXX object gtest/CMakeFiles/gtest_main.dir/src/gtest_main.cc.o[0m
[41.903s] [ 44%] [32m[1mLinking CXX static library libgtest_main.a[0m
[41.999s] [ 44%] Built target gtest_main
[42.017s] [35m[1mScanning dependencies of target gazebo_ros_camera[0m
[42.318s] [ 45%] [32mBuilding CXX object CMakeFiles/gazebo_ros_camera.dir/src/gazebo_ros_camera.cpp.o[0m
[44.910s] [ 46%] [32m[1mLinking CXX shared library libgazebo_ros_video.so[0m
[45.586s] [ 47%] [32m[1mLinking CXX shared library libgazebo_ros_bumper.so[0m
[46.633s] [ 47%] Built target gazebo_ros_video
[46.655s] [35m[1mScanning dependencies of target test_gazebo_ros_ray_sensor[0m
[46.898s] [ 48%] [32mBuilding CXX object test/CMakeFiles/test_gazebo_ros_ray_sensor.dir/test_gazebo_ros_ray_sensor.cpp.o[0m
[46.910s] [ 48%] Built target gazebo_ros_bumper
[46.959s] [35m[1mScanning dependencies of target test_gazebo_ros_planar_move[0m
[47.210s] [ 50%] [32mBuilding CXX object test/CMakeFiles/test_gazebo_ros_planar_move.dir/test_gazebo_ros_planar_move.cpp.o[0m
[49.019s] [ 51%] [32m[1mLinking CXX shared library libgazebo_ros_hand_of_god.so[0m
[50.052s] [ 52%] [32m[1mLinking CXX shared library libgazebo_ros_wheel_slip.so[0m
[50.144s] [ 52%] Built target gazebo_ros_hand_of_god
[50.184s] [35m[1mScanning dependencies of target test_gazebo_ros_joint_pose_trajectory[0m
[50.475s] [ 53%] [32mBuilding CXX object test/CMakeFiles/test_gazebo_ros_joint_pose_trajectory.dir/test_gazebo_ros_joint_pose_trajectory.cpp.o[0m
[50.831s] [ 53%] Built target gazebo_ros_wheel_slip
[50.850s] [35m[1mScanning dependencies of target test_gazebo_ros_ackermann_drive[0m
[51.111s] [ 54%] [32mBuilding CXX object test/CMakeFiles/test_gazebo_ros_ackermann_drive.dir/test_gazebo_ros_ackermann_drive.cpp.o[0m
[51.218s] [ 55%] [32m[1mLinking CXX shared library libgazebo_ros_harness.so[0m
[52.523s] [ 57%] [32m[1mLinking CXX shared library libgazebo_ros_vacuum_gripper.so[0m
[52.533s] [ 57%] Built target gazebo_ros_harness
[52.554s] [35m[1mScanning dependencies of target test_gazebo_ros_elevator[0m
[52.820s] [ 58%] [32mBuilding CXX object test/CMakeFiles/test_gazebo_ros_elevator.dir/test_gazebo_ros_elevator.cpp.o[0m
[53.078s] [ 59%] [32m[1mLinking CXX shared library libgazebo_ros_elevator.so[0m
[53.455s] [ 60%] [32m[1mLinking CXX shared library libgazebo_ros_planar_move.so[0m
[53.577s] [ 60%] Built target gazebo_ros_vacuum_gripper
[53.597s] [35m[1mScanning dependencies of target test_gazebo_ros_p3d[0m
[53.923s] [ 61%] [32mBuilding CXX object test/CMakeFiles/test_gazebo_ros_p3d.dir/test_gazebo_ros_p3d.cpp.o[0m
[54.191s] [ 61%] Built target gazebo_ros_elevator
[54.194s] [ 63%] [32m[1mLinking CXX shared library libgazebo_ros_ackermann_drive.so[0m
[54.210s] [35m[1mScanning dependencies of target test_gazebo_ros_force[0m
[54.534s] [ 64%] [32mBuilding CXX object test/CMakeFiles/test_gazebo_ros_force.dir/test_gazebo_ros_force.cpp.o[0m
[55.084s] [ 64%] Built target gazebo_ros_planar_move
[55.104s] [35m[1mScanning dependencies of target test_gazebo_ros_tricycle_drive[0m
[55.403s] [ 65%] [32m[1mLinking CXX shared library libgazebo_ros_joint_pose_trajectory.so[0m
[55.419s] [ 66%] [32mBuilding CXX object test/CMakeFiles/test_gazebo_ros_tricycle_drive.dir/test_gazebo_ros_tricycle_drive.cpp.o[0m
[55.846s] [ 66%] Built target gazebo_ros_ackermann_drive
[55.868s] [35m[1mScanning dependencies of target test_gazebo_ros_hand_of_god[0m
[56.180s] [ 67%] [32mBuilding CXX object test/CMakeFiles/test_gazebo_ros_hand_of_god.dir/test_gazebo_ros_hand_of_god.cpp.o[0m
[56.643s] [ 67%] Built target gazebo_ros_joint_pose_trajectory
[56.661s] [35m[1mScanning dependencies of target test_gazebo_ros_vacuum_gripper[0m
[56.917s] [ 69%] [32mBuilding CXX object test/CMakeFiles/test_gazebo_ros_vacuum_gripper.dir/test_gazebo_ros_vacuum_gripper.cpp.o[0m
[58.859s] [ 70%] [32m[1mLinking CXX shared library libgazebo_ros_projector.so[0m
[60.308s] [ 70%] Built target gazebo_ros_projector
[60.328s] [35m[1mScanning dependencies of target test_gazebo_ros_harness[0m
[60.557s] [ 71%] [32mBuilding CXX object test/CMakeFiles/test_gazebo_ros_harness.dir/test_gazebo_ros_harness.cpp.o[0m
[79.226s] [ 72%] [32m[1mLinking CXX shared library libgazebo_ros_camera.so[0m
[81.138s] [ 72%] Built target gazebo_ros_camera
[81.157s] [35m[1mScanning dependencies of target test_gazebo_ros_imu_sensor[0m
[81.465s] [ 73%] [32mBuilding CXX object test/CMakeFiles/test_gazebo_ros_imu_sensor.dir/test_gazebo_ros_imu_sensor.cpp.o[0m
[83.064s] [ 75%] [32m[1mLinking CXX executable test_gazebo_ros_joint_pose_trajectory[0m
[85.174s] [ 76%] [32m[1mLinking CXX executable test_gazebo_ros_planar_move[0m
[85.313s] [ 77%] [32m[1mLinking CXX executable test_gazebo_ros_elevator[0m
[86.123s] [ 77%] Built target test_gazebo_ros_joint_pose_trajectory
[86.142s] [35m[1mScanning dependencies of target test_gazebo_ros_gps_sensor[0m
[86.393s] [ 78%] [32mBuilding CXX object test/CMakeFiles/test_gazebo_ros_gps_sensor.dir/test_gazebo_ros_gps_sensor.cpp.o[0m
[86.639s] [ 79%] [32m[1mLinking CXX executable test_gazebo_ros_force[0m
[88.173s] [ 80%] [32m[1mLinking CXX executable test_gazebo_ros_vacuum_gripper[0m
[88.586s] [ 80%] Built target test_gazebo_ros_elevator
[88.617s] [35m[1mScanning dependencies of target test_gazebo_ros_ft_sensor[0m
[88.693s] [ 80%] Built target test_gazebo_ros_planar_move
[88.713s] [35m[1mScanning dependencies of target test_gazebo_ros_bumper[0m
[88.757s] [ 82%] [32m[1mLinking CXX executable test_gazebo_ros_hand_of_god[0m
[88.817s] [ 83%] [32m[1mLinking CXX executable test_gazebo_ros_ackermann_drive[0m
[88.880s] [ 84%] [32mBuilding CXX object test/CMakeFiles/test_gazebo_ros_ft_sensor.dir/test_gazebo_ros_ft_sensor.cpp.o[0m
[88.972s] [ 85%] [32mBuilding CXX object test/CMakeFiles/test_gazebo_ros_bumper.dir/test_gazebo_ros_bumper.cpp.o[0m
[90.271s] [ 85%] Built target test_gazebo_ros_force
[90.328s] [35m[1mScanning dependencies of target test_gazebo_ros_diff_drive[0m
[90.635s] [ 86%] [32mBuilding CXX object test/CMakeFiles/test_gazebo_ros_diff_drive.dir/test_gazebo_ros_diff_drive.cpp.o[0m
[91.273s] [ 86%] Built target test_gazebo_ros_vacuum_gripper
[91.304s] [35m[1mScanning dependencies of target test_gazebo_ros_joint_state_publisher[0m
[91.580s] [ 88%] [32mBuilding CXX object test/CMakeFiles/test_gazebo_ros_joint_state_publisher.dir/test_gazebo_ros_joint_state_publisher.cpp.o[0m
[91.789s] [ 89%] [32m[1mLinking CXX executable test_gazebo_ros_ray_sensor[0m
[91.907s] [ 89%] Built target test_gazebo_ros_hand_of_god
[92.245s] [ 89%] Built target test_gazebo_ros_ackermann_drive
[92.460s] [ 90%] [32m[1mLinking CXX executable test_gazebo_ros_p3d[0m
[94.413s] [ 91%] [32m[1mLinking CXX executable test_gazebo_ros_tricycle_drive[0m
[95.286s] [ 91%] Built target test_gazebo_ros_ray_sensor
[95.578s] [ 92%] [32m[1mLinking CXX executable test_gazebo_ros_harness[0m
[95.836s] [ 92%] Built target test_gazebo_ros_p3d
[97.484s] [ 92%] Built target test_gazebo_ros_tricycle_drive
[97.641s] [ 92%] Built target test_gazebo_ros_harness
[111.710s] [ 94%] [32m[1mLinking CXX executable test_gazebo_ros_imu_sensor[0m
[113.945s] [ 94%] Built target test_gazebo_ros_imu_sensor
[114.853s] [ 95%] [32m[1mLinking CXX executable test_gazebo_ros_gps_sensor[0m
[116.895s] [ 95%] Built target test_gazebo_ros_gps_sensor
[117.273s] [ 96%] [32m[1mLinking CXX executable test_gazebo_ros_joint_state_publisher[0m
[118.473s] [ 97%] [32m[1mLinking CXX executable test_gazebo_ros_diff_drive[0m
[118.653s] [ 98%] [32m[1mLinking CXX executable test_gazebo_ros_bumper[0m
[119.202s] [ 98%] Built target test_gazebo_ros_joint_state_publisher
[119.783s] [100%] [32m[1mLinking CXX executable test_gazebo_ros_ft_sensor[0m
[120.655s] [100%] Built target test_gazebo_ros_diff_drive
[120.866s] [100%] Built target test_gazebo_ros_bumper
[121.661s] [100%] Built target test_gazebo_ros_ft_sensor
[121.677s] Invoked command in '/home/choi/robot_ws/build/gazebo_plugins' returned '0': AMENT_PREFIX_PATH=/home/choi/robot_ws/install/gazebo_ros:/home/choi/robot_ws/install/camera_info_manager:/home/choi/robot_ws/install/image_transport:/home/choi/robot_ws/install/gazebo_msgs:/home/choi/robot_ws/install/gazebo_dev:/home/choi/robot_ws/install/cv_bridge:/home/choi/robot_ws/install/camera_calibration_parsers:${AMENT_PREFIX_PATH} CMAKE_PREFIX_PATH=/home/choi/robot_ws/install/gazebo_ros:/home/choi/robot_ws/install/camera_info_manager:/home/choi/robot_ws/install/image_transport:/home/choi/robot_ws/install/gazebo_msgs:/home/choi/robot_ws/install/gazebo_dev:/home/choi/robot_ws/install/cv_bridge:/home/choi/robot_ws/install/camera_calibration_parsers:/home/choi/gcamp_ros2_ws/install/stella_action_pkg:/home/choi/gcamp_ros2_ws/install/gcamp_gazebo:/home/choi/gcamp_ros2_ws/install/cpp_service_pkg:/home/choi/gcamp_ros2_ws/install/cpp_action_pkg:/home/choi/gcamp_ros2_ws/install/custom_interfaces:/home/choi/gcamp_ros2_ws/install/cpp_topic_pkg:/home/choi/gcamp_ros2_ws/install/cpp_service_tutorial:/home/choi/gcamp_ros2_ws/install/cpp_first_pkg:/home/choi/robot_ws/install/choi_stella_cartographer:/home/choi/colcon_ws/install/stella_navigation2:/home/choi/colcon_ws/install/stella_include__pkg:/home/choi/colcon_ws/install/stella_bringup:/home/choi/colcon_ws/install/stella_description:/home/choi/colcon_ws/install/stella_cartographer:/home/choi/colcon_ws/install/stella_action_pkg:/home/choi/gcamp_ros2_ws/install/py_topic_pkg:/home/choi/gcamp_ros2_ws/install/py_service_pkg:/home/choi/gcamp_ros2_ws/install/py_first_pkg:/home/choi/gcamp_ros2_ws/install/py_action_pkg:/opt/ros/foxy:/home/choi/colcon_ws/install/stella_teleop_bluetooth:/home/choi/colcon_ws/install/stella_teleop:/home/choi/colcon_ws/install/stella_camera LD_LIBRARY_PATH=/home/choi/robot_ws/install/gazebo_ros/lib:/home/choi/robot_ws/install/camera_info_manager/lib:/home/choi/robot_ws/install/image_transport/lib:/home/choi/robot_ws/install/gazebo_msgs/lib:/home/choi/robot_ws/install/cv_bridge/lib:/home/choi/robot_ws/install/camera_calibration_parsers/lib:${LD_LIBRARY_PATH} PYTHONPATH=/home/choi/robot_ws/install/gazebo_ros/lib/python3.8/site-packages:/home/choi/robot_ws/install/gazebo_msgs/lib/python3.8/site-packages:/home/choi/robot_ws/install/cv_bridge/lib/python3.8/site-packages:${PYTHONPATH} /usr/bin/cmake --build /home/choi/robot_ws/build/gazebo_plugins -- -j12 -l12
[121.798s] Invoking command in '/home/choi/robot_ws/build/gazebo_plugins': AMENT_PREFIX_PATH=/home/choi/robot_ws/install/gazebo_ros:/home/choi/robot_ws/install/camera_info_manager:/home/choi/robot_ws/install/image_transport:/home/choi/robot_ws/install/gazebo_msgs:/home/choi/robot_ws/install/gazebo_dev:/home/choi/robot_ws/install/cv_bridge:/home/choi/robot_ws/install/camera_calibration_parsers:${AMENT_PREFIX_PATH} CMAKE_PREFIX_PATH=/home/choi/robot_ws/install/gazebo_ros:/home/choi/robot_ws/install/camera_info_manager:/home/choi/robot_ws/install/image_transport:/home/choi/robot_ws/install/gazebo_msgs:/home/choi/robot_ws/install/gazebo_dev:/home/choi/robot_ws/install/cv_bridge:/home/choi/robot_ws/install/camera_calibration_parsers:/home/choi/gcamp_ros2_ws/install/stella_action_pkg:/home/choi/gcamp_ros2_ws/install/gcamp_gazebo:/home/choi/gcamp_ros2_ws/install/cpp_service_pkg:/home/choi/gcamp_ros2_ws/install/cpp_action_pkg:/home/choi/gcamp_ros2_ws/install/custom_interfaces:/home/choi/gcamp_ros2_ws/install/cpp_topic_pkg:/home/choi/gcamp_ros2_ws/install/cpp_service_tutorial:/home/choi/gcamp_ros2_ws/install/cpp_first_pkg:/home/choi/robot_ws/install/choi_stella_cartographer:/home/choi/colcon_ws/install/stella_navigation2:/home/choi/colcon_ws/install/stella_include__pkg:/home/choi/colcon_ws/install/stella_bringup:/home/choi/colcon_ws/install/stella_description:/home/choi/colcon_ws/install/stella_cartographer:/home/choi/colcon_ws/install/stella_action_pkg:/home/choi/gcamp_ros2_ws/install/py_topic_pkg:/home/choi/gcamp_ros2_ws/install/py_service_pkg:/home/choi/gcamp_ros2_ws/install/py_first_pkg:/home/choi/gcamp_ros2_ws/install/py_action_pkg:/opt/ros/foxy:/home/choi/colcon_ws/install/stella_teleop_bluetooth:/home/choi/colcon_ws/install/stella_teleop:/home/choi/colcon_ws/install/stella_camera LD_LIBRARY_PATH=/home/choi/robot_ws/install/gazebo_ros/lib:/home/choi/robot_ws/install/camera_info_manager/lib:/home/choi/robot_ws/install/image_transport/lib:/home/choi/robot_ws/install/gazebo_msgs/lib:/home/choi/robot_ws/install/cv_bridge/lib:/home/choi/robot_ws/install/camera_calibration_parsers/lib:${LD_LIBRARY_PATH} PYTHONPATH=/home/choi/robot_ws/install/gazebo_ros/lib/python3.8/site-packages:/home/choi/robot_ws/install/gazebo_msgs/lib/python3.8/site-packages:/home/choi/robot_ws/install/cv_bridge/lib/python3.8/site-packages:${PYTHONPATH} /usr/bin/cmake --install /home/choi/robot_ws/build/gazebo_plugins
[121.808s] -- Install configuration: ""
[121.809s] -- Execute custom install script
[121.809s] -- Symlinking: /home/choi/robot_ws/install/gazebo_plugins/share/gazebo_plugins/environment/library_path.sh
[121.823s] -- Symlinking: /home/choi/robot_ws/install/gazebo_plugins/share/gazebo_plugins/environment/library_path.dsv
[121.838s] -- Symlinking: /home/choi/robot_ws/install/gazebo_plugins/share/gazebo_plugins/environment/gazebo_plugins.sh
[121.853s] -- Symlinking: /home/choi/robot_ws/install/gazebo_plugins/share/gazebo_plugins/environment/gazebo_plugins.dsv
[121.869s] -- Symlinking: /home/choi/robot_ws/install/gazebo_plugins/share/ament_index/resource_index/package_run_dependencies/gazebo_plugins
[121.891s] -- Symlinking: /home/choi/robot_ws/install/gazebo_plugins/share/ament_index/resource_index/parent_prefix_path/gazebo_plugins
[121.903s] -- Symlinking: /home/choi/robot_ws/install/gazebo_plugins/share/gazebo_plugins/environment/ament_prefix_path.sh
[121.916s] -- Symlinking: /home/choi/robot_ws/install/gazebo_plugins/share/gazebo_plugins/environment/ament_prefix_path.dsv
[121.927s] -- Symlinking: /home/choi/robot_ws/install/gazebo_plugins/share/gazebo_plugins/environment/path.sh
[121.938s] -- Symlinking: /home/choi/robot_ws/install/gazebo_plugins/share/gazebo_plugins/environment/path.dsv
[121.948s] -- Symlinking: /home/choi/robot_ws/install/gazebo_plugins/share/gazebo_plugins/local_setup.bash
[121.959s] -- Symlinking: /home/choi/robot_ws/install/gazebo_plugins/share/gazebo_plugins/local_setup.sh
[121.969s] -- Symlinking: /home/choi/robot_ws/install/gazebo_plugins/share/gazebo_plugins/local_setup.zsh
[121.983s] -- Symlinking: /home/choi/robot_ws/install/gazebo_plugins/share/gazebo_plugins/local_setup.dsv
[121.999s] -- Symlinking: /home/choi/robot_ws/install/gazebo_plugins/share/gazebo_plugins/package.dsv
[122.010s] -- Symlinking: /home/choi/robot_ws/install/gazebo_plugins/share/ament_index/resource_index/packages/gazebo_plugins
[122.025s] -- Symlinking: /home/choi/robot_ws/install/gazebo_plugins/share/gazebo_plugins/cmake/ament_cmake_export_libraries-extras.cmake
[122.044s] -- Symlinking: /home/choi/robot_ws/install/gazebo_plugins/share/gazebo_plugins/cmake/ament_cmake_export_include_directories-extras.cmake
[122.060s] -- Symlinking: /home/choi/robot_ws/install/gazebo_plugins/share/gazebo_plugins/cmake/ament_cmake_export_dependencies-extras.cmake
[122.080s] -- Symlinking: /home/choi/robot_ws/install/gazebo_plugins/share/gazebo_plugins/cmake/gazebo_pluginsConfig.cmake
[122.099s] -- Symlinking: /home/choi/robot_ws/install/gazebo_plugins/share/gazebo_plugins/cmake/gazebo_pluginsConfig-version.cmake
[122.117s] -- Symlinking: /home/choi/robot_ws/install/gazebo_plugins/share/gazebo_plugins/package.xml
[122.141s] -- Symlinking: /home/choi/robot_ws/install/gazebo_plugins/include/gazebo_plugins/gazebo_ros_ackermann_drive.hpp
[122.156s] -- Symlinking: /home/choi/robot_ws/install/gazebo_plugins/include/gazebo_plugins/gazebo_ros_bumper.hpp
[122.173s] -- Symlinking: /home/choi/robot_ws/install/gazebo_plugins/include/gazebo_plugins/gazebo_ros_camera.hpp
[122.189s] -- Symlinking: /home/choi/robot_ws/install/gazebo_plugins/include/gazebo_plugins/gazebo_ros_diff_drive.hpp
[122.206s] -- Symlinking: /home/choi/robot_ws/install/gazebo_plugins/include/gazebo_plugins/gazebo_ros_elevator.hpp
[122.217s] -- Symlinking: /home/choi/robot_ws/install/gazebo_plugins/include/gazebo_plugins/gazebo_ros_force.hpp
[122.231s] -- Symlinking: /home/choi/robot_ws/install/gazebo_plugins/include/gazebo_plugins/gazebo_ros_ft_sensor.hpp
[122.244s] -- Symlinking: /home/choi/robot_ws/install/gazebo_plugins/include/gazebo_plugins/gazebo_ros_gps_sensor.hpp
[122.255s] -- Symlinking: /home/choi/robot_ws/install/gazebo_plugins/include/gazebo_plugins/gazebo_ros_hand_of_god.hpp
[122.271s] -- Symlinking: /home/choi/robot_ws/install/gazebo_plugins/include/gazebo_plugins/gazebo_ros_harness.hpp
[122.287s] -- Symlinking: /home/choi/robot_ws/install/gazebo_plugins/include/gazebo_plugins/gazebo_ros_imu_sensor.hpp
[122.298s] -- Symlinking: /home/choi/robot_ws/install/gazebo_plugins/include/gazebo_plugins/gazebo_ros_joint_pose_trajectory.hpp
[122.310s] -- Symlinking: /home/choi/robot_ws/install/gazebo_plugins/include/gazebo_plugins/gazebo_ros_joint_state_publisher.hpp
[122.324s] -- Symlinking: /home/choi/robot_ws/install/gazebo_plugins/include/gazebo_plugins/gazebo_ros_p3d.hpp
[122.338s] -- Symlinking: /home/choi/robot_ws/install/gazebo_plugins/include/gazebo_plugins/gazebo_ros_planar_move.hpp
[122.349s] -- Symlinking: /home/choi/robot_ws/install/gazebo_plugins/include/gazebo_plugins/gazebo_ros_projector.hpp
[122.367s] -- Symlinking: /home/choi/robot_ws/install/gazebo_plugins/include/gazebo_plugins/gazebo_ros_ray_sensor.hpp
[122.388s] -- Symlinking: /home/choi/robot_ws/install/gazebo_plugins/include/gazebo_plugins/gazebo_ros_template.hpp
[122.399s] -- Symlinking: /home/choi/robot_ws/install/gazebo_plugins/include/gazebo_plugins/gazebo_ros_tricycle_drive.hpp
[122.414s] -- Symlinking: /home/choi/robot_ws/install/gazebo_plugins/include/gazebo_plugins/gazebo_ros_vacuum_gripper.hpp
[122.424s] -- Symlinking: /home/choi/robot_ws/install/gazebo_plugins/include/gazebo_plugins/gazebo_ros_video.hpp
[122.435s] -- Symlinking: /home/choi/robot_ws/install/gazebo_plugins/include/gazebo_plugins/gazebo_ros_wheel_slip.hpp
[122.452s] -- Symlinking: /home/choi/robot_ws/install/gazebo_plugins/include/gazebo_plugins/multi_camera_plugin.hpp
[122.466s] -- Symlinking: /home/choi/robot_ws/install/gazebo_plugins/lib/libgazebo_ros_ackermann_drive.so
[122.481s] -- Symlinking: /home/choi/robot_ws/install/gazebo_plugins/lib/libgazebo_ros_bumper.so
[122.492s] -- Symlinking: /home/choi/robot_ws/install/gazebo_plugins/lib/libgazebo_ros_camera.so
[122.504s] -- Symlinking: /home/choi/robot_ws/install/gazebo_plugins/lib/libgazebo_ros_diff_drive.so
[122.519s] -- Symlinking: /home/choi/robot_ws/install/gazebo_plugins/lib/libgazebo_ros_elevator.so
[122.531s] -- Symlinking: /home/choi/robot_ws/install/gazebo_plugins/lib/libgazebo_ros_force.so
[122.552s] -- Symlinking: /home/choi/robot_ws/install/gazebo_plugins/lib/libgazebo_ros_ft_sensor.so
[122.564s] -- Symlinking: /home/choi/robot_ws/install/gazebo_plugins/lib/libgazebo_ros_hand_of_god.so
[122.575s] -- Symlinking: /home/choi/robot_ws/install/gazebo_plugins/lib/libgazebo_ros_harness.so
[122.588s] -- Symlinking: /home/choi/robot_ws/install/gazebo_plugins/lib/libgazebo_ros_imu_sensor.so
[122.599s] -- Symlinking: /home/choi/robot_ws/install/gazebo_plugins/lib/libgazebo_ros_gps_sensor.so
[122.611s] -- Symlinking: /home/choi/robot_ws/install/gazebo_plugins/lib/libgazebo_ros_joint_pose_trajectory.so
[122.624s] -- Symlinking: /home/choi/robot_ws/install/gazebo_plugins/lib/libgazebo_ros_joint_state_publisher.so
[122.635s] -- Symlinking: /home/choi/robot_ws/install/gazebo_plugins/lib/libgazebo_ros_planar_move.so
[122.651s] -- Symlinking: /home/choi/robot_ws/install/gazebo_plugins/lib/libgazebo_ros_projector.so
[122.670s] -- Symlinking: /home/choi/robot_ws/install/gazebo_plugins/lib/libgazebo_ros_ray_sensor.so
[122.684s] -- Symlinking: /home/choi/robot_ws/install/gazebo_plugins/lib/libgazebo_ros_p3d.so
[122.701s] -- Symlinking: /home/choi/robot_ws/install/gazebo_plugins/lib/libgazebo_ros_template.so
[122.714s] -- Symlinking: /home/choi/robot_ws/install/gazebo_plugins/lib/libgazebo_ros_tricycle_drive.so
[122.728s] -- Symlinking: /home/choi/robot_ws/install/gazebo_plugins/lib/libgazebo_ros_vacuum_gripper.so
[122.740s] -- Symlinking: /home/choi/robot_ws/install/gazebo_plugins/lib/libgazebo_ros_video.so
[122.752s] -- Symlinking: /home/choi/robot_ws/install/gazebo_plugins/lib/libmulti_camera_plugin.so
[122.765s] -- Symlinking: /home/choi/robot_ws/install/gazebo_plugins/lib/libgazebo_ros_wheel_slip.so
[122.777s] -- Symlinking: /home/choi/robot_ws/install/gazebo_plugins/share/gazebo_plugins//worlds/gazebo_ros_ackermann_drive_demo.world
[122.791s] -- Symlinking: /home/choi/robot_ws/install/gazebo_plugins/share/gazebo_plugins//worlds/gazebo_ros_bumper_demo.world
[122.803s] -- Symlinking: /home/choi/robot_ws/install/gazebo_plugins/share/gazebo_plugins//worlds/gazebo_ros_camera_demo.world
[122.824s] -- Symlinking: /home/choi/robot_ws/install/gazebo_plugins/share/gazebo_plugins//worlds/gazebo_ros_camera_distortion_barrel_demo.world
[122.842s] -- Symlinking: /home/choi/robot_ws/install/gazebo_plugins/share/gazebo_plugins//worlds/gazebo_ros_camera_distortion_pincushion_demo.world
[122.856s] -- Symlinking: /home/choi/robot_ws/install/gazebo_plugins/share/gazebo_plugins//worlds/gazebo_ros_camera_triggered_demo.world
[122.870s] -- Symlinking: /home/choi/robot_ws/install/gazebo_plugins/share/gazebo_plugins//worlds/gazebo_ros_depth_camera_demo.world
[122.884s] -- Symlinking: /home/choi/robot_ws/install/gazebo_plugins/share/gazebo_plugins//worlds/gazebo_ros_diff_drive_demo.world
[122.896s] -- Symlinking: /home/choi/robot_ws/install/gazebo_plugins/share/gazebo_plugins//worlds/gazebo_ros_elevator_demo.world
[122.910s] -- Symlinking: /home/choi/robot_ws/install/gazebo_plugins/share/gazebo_plugins//worlds/gazebo_ros_force_demo.world
[122.925s] -- Symlinking: /home/choi/robot_ws/install/gazebo_plugins/share/gazebo_plugins//worlds/gazebo_ros_ft_sensor_demo.world
[122.935s] -- Symlinking: /home/choi/robot_ws/install/gazebo_plugins/share/gazebo_plugins//worlds/gazebo_ros_gps_sensor_demo.world
[122.947s] -- Symlinking: /home/choi/robot_ws/install/gazebo_plugins/share/gazebo_plugins//worlds/gazebo_ros_hand_of_god_demo.world
[122.962s] -- Symlinking: /home/choi/robot_ws/install/gazebo_plugins/share/gazebo_plugins//worlds/gazebo_ros_harness_demo.world
[122.981s] -- Symlinking: /home/choi/robot_ws/install/gazebo_plugins/share/gazebo_plugins//worlds/gazebo_ros_joint_pose_trajectory_demo.world
[122.992s] -- Symlinking: /home/choi/robot_ws/install/gazebo_plugins/share/gazebo_plugins//worlds/gazebo_ros_joint_state_publisher_demo.world
[123.004s] -- Symlinking: /home/choi/robot_ws/install/gazebo_plugins/share/gazebo_plugins//worlds/gazebo_ros_multi_camera_demo.world
[123.019s] -- Symlinking: /home/choi/robot_ws/install/gazebo_plugins/share/gazebo_plugins//worlds/gazebo_ros_multicamera_demo.world
[123.043s] -- Symlinking: /home/choi/robot_ws/install/gazebo_plugins/share/gazebo_plugins//worlds/gazebo_ros_p3d_demo.world
[123.057s] -- Symlinking: /home/choi/robot_ws/install/gazebo_plugins/share/gazebo_plugins//worlds/gazebo_ros_planar_move_demo.world
[123.068s] -- Symlinking: /home/choi/robot_ws/install/gazebo_plugins/share/gazebo_plugins//worlds/gazebo_ros_projector_demo.world
[123.079s] -- Symlinking: /home/choi/robot_ws/install/gazebo_plugins/share/gazebo_plugins//worlds/gazebo_ros_ray_sensor_demo.world
[123.091s] -- Symlinking: /home/choi/robot_ws/install/gazebo_plugins/share/gazebo_plugins//worlds/gazebo_ros_skid_steer_drive_demo.world
[123.108s] -- Symlinking: /home/choi/robot_ws/install/gazebo_plugins/share/gazebo_plugins//worlds/gazebo_ros_template_demo.world
[123.125s] -- Symlinking: /home/choi/robot_ws/install/gazebo_plugins/share/gazebo_plugins//worlds/gazebo_ros_tricycle_drive_demo.world
[123.137s] -- Symlinking: /home/choi/robot_ws/install/gazebo_plugins/share/gazebo_plugins//worlds/gazebo_ros_vacuum_gripper_demo.world
[123.148s] -- Symlinking: /home/choi/robot_ws/install/gazebo_plugins/share/gazebo_plugins//worlds/gazebo_ros_video_demo.world
[123.166s] -- Symlinking: /home/choi/robot_ws/install/gazebo_plugins/share/gazebo_plugins//worlds/gazebo_ros_wheel_slip_demo.world
[123.188s] Invoked command in '/home/choi/robot_ws/build/gazebo_plugins' returned '0': AMENT_PREFIX_PATH=/home/choi/robot_ws/install/gazebo_ros:/home/choi/robot_ws/install/camera_info_manager:/home/choi/robot_ws/install/image_transport:/home/choi/robot_ws/install/gazebo_msgs:/home/choi/robot_ws/install/gazebo_dev:/home/choi/robot_ws/install/cv_bridge:/home/choi/robot_ws/install/camera_calibration_parsers:${AMENT_PREFIX_PATH} CMAKE_PREFIX_PATH=/home/choi/robot_ws/install/gazebo_ros:/home/choi/robot_ws/install/camera_info_manager:/home/choi/robot_ws/install/image_transport:/home/choi/robot_ws/install/gazebo_msgs:/home/choi/robot_ws/install/gazebo_dev:/home/choi/robot_ws/install/cv_bridge:/home/choi/robot_ws/install/camera_calibration_parsers:/home/choi/gcamp_ros2_ws/install/stella_action_pkg:/home/choi/gcamp_ros2_ws/install/gcamp_gazebo:/home/choi/gcamp_ros2_ws/install/cpp_service_pkg:/home/choi/gcamp_ros2_ws/install/cpp_action_pkg:/home/choi/gcamp_ros2_ws/install/custom_interfaces:/home/choi/gcamp_ros2_ws/install/cpp_topic_pkg:/home/choi/gcamp_ros2_ws/install/cpp_service_tutorial:/home/choi/gcamp_ros2_ws/install/cpp_first_pkg:/home/choi/robot_ws/install/choi_stella_cartographer:/home/choi/colcon_ws/install/stella_navigation2:/home/choi/colcon_ws/install/stella_include__pkg:/home/choi/colcon_ws/install/stella_bringup:/home/choi/colcon_ws/install/stella_description:/home/choi/colcon_ws/install/stella_cartographer:/home/choi/colcon_ws/install/stella_action_pkg:/home/choi/gcamp_ros2_ws/install/py_topic_pkg:/home/choi/gcamp_ros2_ws/install/py_service_pkg:/home/choi/gcamp_ros2_ws/install/py_first_pkg:/home/choi/gcamp_ros2_ws/install/py_action_pkg:/opt/ros/foxy:/home/choi/colcon_ws/install/stella_teleop_bluetooth:/home/choi/colcon_ws/install/stella_teleop:/home/choi/colcon_ws/install/stella_camera LD_LIBRARY_PATH=/home/choi/robot_ws/install/gazebo_ros/lib:/home/choi/robot_ws/install/camera_info_manager/lib:/home/choi/robot_ws/install/image_transport/lib:/home/choi/robot_ws/install/gazebo_msgs/lib:/home/choi/robot_ws/install/cv_bridge/lib:/home/choi/robot_ws/install/camera_calibration_parsers/lib:${LD_LIBRARY_PATH} PYTHONPATH=/home/choi/robot_ws/install/gazebo_ros/lib/python3.8/site-packages:/home/choi/robot_ws/install/gazebo_msgs/lib/python3.8/site-packages:/home/choi/robot_ws/install/cv_bridge/lib/python3.8/site-packages:${PYTHONPATH} /usr/bin/cmake --install /home/choi/robot_ws/build/gazebo_plugins
