[0.062s] Invoking command in '/home/choi/robot_ws/build/choi_stella_cartographer': CMAKE_PREFIX_PATH=${CMAKE_PREFIX_PATH}:/home/choi/gcamp_ros2_ws/install/py_topic_pkg:/home/choi/gcamp_ros2_ws/install/py_service_pkg:/home/choi/gcamp_ros2_ws/install/py_first_pkg:/home/choi/gcamp_ros2_ws/install/py_action_pkg:/opt/ros/foxy:/home/choi/robot_ws/install/opencv_tests:/home/choi/colcon_ws/install/stella_teleop_bluetooth:/home/choi/colcon_ws/install/stella_teleop:/home/choi/colcon_ws/install/stella_camera /usr/bin/cmake --build /home/choi/robot_ws/build/choi_stella_cartographer -- -j12 -l12
[0.503s] Invoked command in '/home/choi/robot_ws/build/choi_stella_cartographer' returned '0': CMAKE_PREFIX_PATH=${CMAKE_PREFIX_PATH}:/home/choi/gcamp_ros2_ws/install/py_topic_pkg:/home/choi/gcamp_ros2_ws/install/py_service_pkg:/home/choi/gcamp_ros2_ws/install/py_first_pkg:/home/choi/gcamp_ros2_ws/install/py_action_pkg:/opt/ros/foxy:/home/choi/robot_ws/install/opencv_tests:/home/choi/colcon_ws/install/stella_teleop_bluetooth:/home/choi/colcon_ws/install/stella_teleop:/home/choi/colcon_ws/install/stella_camera /usr/bin/cmake --build /home/choi/robot_ws/build/choi_stella_cartographer -- -j12 -l12
[0.572s] Invoking command in '/home/choi/robot_ws/build/choi_stella_cartographer': CMAKE_PREFIX_PATH=${CMAKE_PREFIX_PATH}:/home/choi/gcamp_ros2_ws/install/py_topic_pkg:/home/choi/gcamp_ros2_ws/install/py_service_pkg:/home/choi/gcamp_ros2_ws/install/py_first_pkg:/home/choi/gcamp_ros2_ws/install/py_action_pkg:/opt/ros/foxy:/home/choi/robot_ws/install/opencv_tests:/home/choi/colcon_ws/install/stella_teleop_bluetooth:/home/choi/colcon_ws/install/stella_teleop:/home/choi/colcon_ws/install/stella_camera /usr/bin/cmake --install /home/choi/robot_ws/build/choi_stella_cartographer
[0.604s] -- Install configuration: ""
[0.610s] -- Execute custom install script
[0.611s] -- Up-to-date symlink: /home/choi/robot_ws/install/choi_stella_cartographer/share/choi_stella_cartographer/launch/ST_cartographer.launch.py
[0.612s] -- Up-to-date symlink: /home/choi/robot_ws/install/choi_stella_cartographer/share/choi_stella_cartographer/launch/ST_localization.launch.py
[0.612s] -- Up-to-date symlink: /home/choi/robot_ws/install/choi_stella_cartographer/share/choi_stella_cartographer/launch/ST_simulation.launch.py
[0.612s] -- Up-to-date symlink: /home/choi/robot_ws/install/choi_stella_cartographer/share/choi_stella_cartographer/launch/bringup_launch.py
[0.613s] -- Up-to-date symlink: /home/choi/robot_ws/install/choi_stella_cartographer/share/choi_stella_cartographer/launch/localization_launch.py
[0.613s] -- Up-to-date symlink: /home/choi/robot_ws/install/choi_stella_cartographer/share/choi_stella_cartographer/launch/navigation_launch.py
[0.613s] -- Up-to-date symlink: /home/choi/robot_ws/install/choi_stella_cartographer/share/choi_stella_cartographer/launch/occupancy_grid2.launch.py
[0.613s] -- Up-to-date symlink: /home/choi/robot_ws/install/choi_stella_cartographer/share/choi_stella_cartographer/launch/rviz_launch.py
[0.614s] -- Up-to-date symlink: /home/choi/robot_ws/install/choi_stella_cartographer/share/choi_stella_cartographer/launch/slam_launch.py
[0.614s] -- Up-to-date symlink: /home/choi/robot_ws/install/choi_stella_cartographer/share/choi_stella_cartographer/launch/stella_localization.launch.py
[0.614s] -- Up-to-date symlink: /home/choi/robot_ws/install/choi_stella_cartographer/share/choi_stella_cartographer/launch/망/cartographer_stella.launch.py
[0.615s] -- Up-to-date symlink: /home/choi/robot_ws/install/choi_stella_cartographer/share/choi_stella_cartographer/launch/망/stella_cartographer.launch.py
[0.616s] -- Up-to-date symlink: /home/choi/robot_ws/install/choi_stella_cartographer/share/choi_stella_cartographer/worlds/3obbject
[0.616s] -- Up-to-date symlink: /home/choi/robot_ws/install/choi_stella_cartographer/share/choi_stella_cartographer/worlds/3obbject.world
[0.616s] -- Up-to-date symlink: /home/choi/robot_ws/install/choi_stella_cartographer/share/choi_stella_cartographer/worlds/3object/model.config
[0.617s] -- Up-to-date symlink: /home/choi/robot_ws/install/choi_stella_cartographer/share/choi_stella_cartographer/worlds/3object/model.sdf
[0.617s] -- Up-to-date symlink: /home/choi/robot_ws/install/choi_stella_cartographer/share/choi_stella_cartographer/worlds/empty.world
[0.618s] -- Up-to-date symlink: /home/choi/robot_ws/install/choi_stella_cartographer/share/choi_stella_cartographer/worlds/neworld/model.config
[0.618s] -- Up-to-date symlink: /home/choi/robot_ws/install/choi_stella_cartographer/share/choi_stella_cartographer/worlds/neworld/model.sdf
[0.618s] -- Up-to-date symlink: /home/choi/robot_ws/install/choi_stella_cartographer/share/choi_stella_cartographer/worlds/newworld.world
[0.619s] -- Up-to-date symlink: /home/choi/robot_ws/install/choi_stella_cartographer/share/choi_stella_cartographer/models/CMakeLists.txt
[0.620s] -- Up-to-date symlink: /home/choi/robot_ws/install/choi_stella_cartographer/share/choi_stella_cartographer/models/ground_plane/model.config
[0.620s] -- Up-to-date symlink: /home/choi/robot_ws/install/choi_stella_cartographer/share/choi_stella_cartographer/models/ground_plane/model.sdf
[0.620s] -- Up-to-date symlink: /home/choi/robot_ws/install/choi_stella_cartographer/share/choi_stella_cartographer/models/sun/model.config
[0.620s] -- Up-to-date symlink: /home/choi/robot_ws/install/choi_stella_cartographer/share/choi_stella_cartographer/models/sun/model.sdf
[0.621s] -- Up-to-date symlink: /home/choi/robot_ws/install/choi_stella_cartographer/share/choi_stella_cartographer/meshes/hokuyo.dae
[0.621s] -- Up-to-date symlink: /home/choi/robot_ws/install/choi_stella_cartographer/share/choi_stella_cartographer/urdf/stella_bot.gazebo
[0.622s] -- Up-to-date symlink: /home/choi/robot_ws/install/choi_stella_cartographer/share/choi_stella_cartographer/urdf/stella_bot.urdf
[0.622s] -- Up-to-date symlink: /home/choi/robot_ws/install/choi_stella_cartographer/share/choi_stella_cartographer/urdf/stella_bot.xacro
[0.622s] -- Up-to-date symlink: /home/choi/robot_ws/install/choi_stella_cartographer/share/choi_stella_cartographer/urdf/stella_bot2.urdf
[0.622s] -- Up-to-date symlink: /home/choi/robot_ws/install/choi_stella_cartographer/share/choi_stella_cartographer/config/ekf.yaml
[0.623s] -- Up-to-date symlink: /home/choi/robot_ws/install/choi_stella_cartographer/share/choi_stella_cartographer/config/stella2.lua
[0.623s] -- Up-to-date symlink: /home/choi/robot_ws/install/choi_stella_cartographer/share/choi_stella_cartographer/params/nav2_params.yaml
[0.623s] -- Up-to-date symlink: /home/choi/robot_ws/install/choi_stella_cartographer/share/choi_stella_cartographer/maps/map051206.pgm
[0.624s] -- Up-to-date symlink: /home/choi/robot_ws/install/choi_stella_cartographer/share/choi_stella_cartographer/maps/map051206.yaml
[0.625s] -- Up-to-date symlink: /home/choi/robot_ws/install/choi_stella_cartographer/share/ament_index/resource_index/package_run_dependencies/choi_stella_cartographer
[0.626s] -- Up-to-date symlink: /home/choi/robot_ws/install/choi_stella_cartographer/share/ament_index/resource_index/parent_prefix_path/choi_stella_cartographer
[0.626s] -- Up-to-date symlink: /home/choi/robot_ws/install/choi_stella_cartographer/share/choi_stella_cartographer/environment/ament_prefix_path.sh
[0.626s] -- Up-to-date symlink: /home/choi/robot_ws/install/choi_stella_cartographer/share/choi_stella_cartographer/environment/ament_prefix_path.dsv
[0.627s] -- Up-to-date symlink: /home/choi/robot_ws/install/choi_stella_cartographer/share/choi_stella_cartographer/environment/path.sh
[0.627s] -- Up-to-date symlink: /home/choi/robot_ws/install/choi_stella_cartographer/share/choi_stella_cartographer/environment/path.dsv
[0.627s] -- Up-to-date symlink: /home/choi/robot_ws/install/choi_stella_cartographer/share/choi_stella_cartographer/local_setup.bash
[0.627s] -- Up-to-date symlink: /home/choi/robot_ws/install/choi_stella_cartographer/share/choi_stella_cartographer/local_setup.sh
[0.628s] -- Up-to-date symlink: /home/choi/robot_ws/install/choi_stella_cartographer/share/choi_stella_cartographer/local_setup.zsh
[0.628s] -- Up-to-date symlink: /home/choi/robot_ws/install/choi_stella_cartographer/share/choi_stella_cartographer/local_setup.dsv
[0.628s] -- Symlinking: /home/choi/robot_ws/install/choi_stella_cartographer/share/choi_stella_cartographer/package.dsv
[0.646s] -- Up-to-date symlink: /home/choi/robot_ws/install/choi_stella_cartographer/share/ament_index/resource_index/packages/choi_stella_cartographer
[0.647s] -- Up-to-date symlink: /home/choi/robot_ws/install/choi_stella_cartographer/share/choi_stella_cartographer/cmake/choi_stella_cartographerConfig.cmake
[0.648s] -- Up-to-date symlink: /home/choi/robot_ws/install/choi_stella_cartographer/share/choi_stella_cartographer/cmake/choi_stella_cartographerConfig-version.cmake
[0.648s] -- Up-to-date symlink: /home/choi/robot_ws/install/choi_stella_cartographer/share/choi_stella_cartographer/package.xml
[0.653s] Invoked command in '/home/choi/robot_ws/build/choi_stella_cartographer' returned '0': CMAKE_PREFIX_PATH=${CMAKE_PREFIX_PATH}:/home/choi/gcamp_ros2_ws/install/py_topic_pkg:/home/choi/gcamp_ros2_ws/install/py_service_pkg:/home/choi/gcamp_ros2_ws/install/py_first_pkg:/home/choi/gcamp_ros2_ws/install/py_action_pkg:/opt/ros/foxy:/home/choi/robot_ws/install/opencv_tests:/home/choi/colcon_ws/install/stella_teleop_bluetooth:/home/choi/colcon_ws/install/stella_teleop:/home/choi/colcon_ws/install/stella_camera /usr/bin/cmake --install /home/choi/robot_ws/build/choi_stella_cartographer
