[0.060s] Invoking command in '/home/choi/robot_ws/build/choi_stella_cartographer': CMAKE_PREFIX_PATH=${CMAKE_PREFIX_PATH}:/home/choi/gcamp_ros2_ws/install/py_topic_pkg:/home/choi/gcamp_ros2_ws/install/py_service_pkg:/home/choi/gcamp_ros2_ws/install/py_first_pkg:/home/choi/gcamp_ros2_ws/install/py_action_pkg:/opt/ros/foxy:/home/choi/robot_ws/install/opencv_tests:/home/choi/colcon_ws/install/stella_teleop_bluetooth:/home/choi/colcon_ws/install/stella_teleop:/home/choi/colcon_ws/install/stella_camera /usr/bin/cmake --build /home/choi/robot_ws/build/choi_stella_cartographer -- -j12 -l12
[0.557s] Invoked command in '/home/choi/robot_ws/build/choi_stella_cartographer' returned '0': CMAKE_PREFIX_PATH=${CMAKE_PREFIX_PATH}:/home/choi/gcamp_ros2_ws/install/py_topic_pkg:/home/choi/gcamp_ros2_ws/install/py_service_pkg:/home/choi/gcamp_ros2_ws/install/py_first_pkg:/home/choi/gcamp_ros2_ws/install/py_action_pkg:/opt/ros/foxy:/home/choi/robot_ws/install/opencv_tests:/home/choi/colcon_ws/install/stella_teleop_bluetooth:/home/choi/colcon_ws/install/stella_teleop:/home/choi/colcon_ws/install/stella_camera /usr/bin/cmake --build /home/choi/robot_ws/build/choi_stella_cartographer -- -j12 -l12
[0.624s] Invoking command in '/home/choi/robot_ws/build/choi_stella_cartographer': CMAKE_PREFIX_PATH=${CMAKE_PREFIX_PATH}:/home/choi/gcamp_ros2_ws/install/py_topic_pkg:/home/choi/gcamp_ros2_ws/install/py_service_pkg:/home/choi/gcamp_ros2_ws/install/py_first_pkg:/home/choi/gcamp_ros2_ws/install/py_action_pkg:/opt/ros/foxy:/home/choi/robot_ws/install/opencv_tests:/home/choi/colcon_ws/install/stella_teleop_bluetooth:/home/choi/colcon_ws/install/stella_teleop:/home/choi/colcon_ws/install/stella_camera /usr/bin/cmake --install /home/choi/robot_ws/build/choi_stella_cartographer
[0.640s] -- Install configuration: ""
[0.645s] -- Execute custom install script
[0.654s] -- Up-to-date symlink: /home/choi/robot_ws/install/choi_stella_cartographer/share/choi_stella_cartographer/launch/ST_cartographer.launch.py
[0.659s] -- Up-to-date symlink: /home/choi/robot_ws/install/choi_stella_cartographer/share/choi_stella_cartographer/launch/ST_localization.launch.py
[0.660s] -- Symlinking: /home/choi/robot_ws/install/choi_stella_cartographer/share/choi_stella_cartographer/launch/ST_navigation.launch.py
[0.677s] -- Up-to-date symlink: /home/choi/robot_ws/install/choi_stella_cartographer/share/choi_stella_cartographer/launch/ST_simulation.launch.py
[0.685s] -- Up-to-date symlink: /home/choi/robot_ws/install/choi_stella_cartographer/share/choi_stella_cartographer/launch/bringup_launch.py
[0.685s] -- Up-to-date symlink: /home/choi/robot_ws/install/choi_stella_cartographer/share/choi_stella_cartographer/launch/localization_launch.py
[0.686s] -- Up-to-date symlink: /home/choi/robot_ws/install/choi_stella_cartographer/share/choi_stella_cartographer/launch/navigation_launch.py
[0.688s] -- Up-to-date symlink: /home/choi/robot_ws/install/choi_stella_cartographer/share/choi_stella_cartographer/launch/occupancy_grid2.launch.py
[0.688s] -- Up-to-date symlink: /home/choi/robot_ws/install/choi_stella_cartographer/share/choi_stella_cartographer/launch/rviz_launch.py
[0.689s] -- Up-to-date symlink: /home/choi/robot_ws/install/choi_stella_cartographer/share/choi_stella_cartographer/launch/slam_launch.py
[0.690s] -- Up-to-date symlink: /home/choi/robot_ws/install/choi_stella_cartographer/share/choi_stella_cartographer/launch/stella_localization.launch.py
[0.691s] -- Up-to-date symlink: /home/choi/robot_ws/install/choi_stella_cartographer/share/choi_stella_cartographer/launch/망/cartographer_stella.launch.py
[0.691s] -- Up-to-date symlink: /home/choi/robot_ws/install/choi_stella_cartographer/share/choi_stella_cartographer/launch/망/stella_cartographer.launch.py
[0.707s] -- Up-to-date symlink: /home/choi/robot_ws/install/choi_stella_cartographer/share/choi_stella_cartographer/worlds/3obbject
[0.710s] -- Up-to-date symlink: /home/choi/robot_ws/install/choi_stella_cartographer/share/choi_stella_cartographer/worlds/3obbject.world
[0.710s] -- Up-to-date symlink: /home/choi/robot_ws/install/choi_stella_cartographer/share/choi_stella_cartographer/worlds/3object/model.config
[0.711s] -- Up-to-date symlink: /home/choi/robot_ws/install/choi_stella_cartographer/share/choi_stella_cartographer/worlds/3object/model.sdf
[0.712s] -- Up-to-date symlink: /home/choi/robot_ws/install/choi_stella_cartographer/share/choi_stella_cartographer/worlds/empty.world
[0.720s] -- Up-to-date symlink: /home/choi/robot_ws/install/choi_stella_cartographer/share/choi_stella_cartographer/worlds/neworld/model.config
[0.720s] -- Up-to-date symlink: /home/choi/robot_ws/install/choi_stella_cartographer/share/choi_stella_cartographer/worlds/neworld/model.sdf
[0.733s] -- Up-to-date symlink: /home/choi/robot_ws/install/choi_stella_cartographer/share/choi_stella_cartographer/worlds/newworld.world
[0.738s] -- Up-to-date symlink: /home/choi/robot_ws/install/choi_stella_cartographer/share/choi_stella_cartographer/models/CMakeLists.txt
[0.739s] -- Up-to-date symlink: /home/choi/robot_ws/install/choi_stella_cartographer/share/choi_stella_cartographer/models/ground_plane/model.config
[0.739s] -- Up-to-date symlink: /home/choi/robot_ws/install/choi_stella_cartographer/share/choi_stella_cartographer/models/ground_plane/model.sdf
[0.740s] -- Up-to-date symlink: /home/choi/robot_ws/install/choi_stella_cartographer/share/choi_stella_cartographer/models/sun/model.config
[0.740s] -- Up-to-date symlink: /home/choi/robot_ws/install/choi_stella_cartographer/share/choi_stella_cartographer/models/sun/model.sdf
[0.750s] -- Up-to-date symlink: /home/choi/robot_ws/install/choi_stella_cartographer/share/choi_stella_cartographer/meshes/hokuyo.dae
[0.752s] -- Up-to-date symlink: /home/choi/robot_ws/install/choi_stella_cartographer/share/choi_stella_cartographer/urdf/diffST_bot.gazebo
[0.752s] -- Up-to-date symlink: /home/choi/robot_ws/install/choi_stella_cartographer/share/choi_stella_cartographer/urdf/diffST_bot.urdf
[0.753s] -- Up-to-date symlink: /home/choi/robot_ws/install/choi_stella_cartographer/share/choi_stella_cartographer/urdf/diffST_bot.urdf.xacro
[0.753s] -- Up-to-date symlink: /home/choi/robot_ws/install/choi_stella_cartographer/share/choi_stella_cartographer/urdf/stella_bot.gazebo
[0.754s] -- Up-to-date symlink: /home/choi/robot_ws/install/choi_stella_cartographer/share/choi_stella_cartographer/urdf/stella_bot.urdf
[0.754s] -- Up-to-date symlink: /home/choi/robot_ws/install/choi_stella_cartographer/share/choi_stella_cartographer/urdf/stella_bot.xacro
[0.755s] -- Up-to-date symlink: /home/choi/robot_ws/install/choi_stella_cartographer/share/choi_stella_cartographer/urdf/stella_bot2.urdf
[0.767s] -- Up-to-date symlink: /home/choi/robot_ws/install/choi_stella_cartographer/share/choi_stella_cartographer/config/ekf.yaml
[0.770s] -- Up-to-date symlink: /home/choi/robot_ws/install/choi_stella_cartographer/share/choi_stella_cartographer/config/stella2.lua
[0.778s] -- Up-to-date symlink: /home/choi/robot_ws/install/choi_stella_cartographer/share/choi_stella_cartographer/params/nav2_params.yaml
[0.779s] -- Up-to-date symlink: /home/choi/robot_ws/install/choi_stella_cartographer/share/choi_stella_cartographer/maps/map051206.pgm
[0.779s] -- Up-to-date symlink: /home/choi/robot_ws/install/choi_stella_cartographer/share/choi_stella_cartographer/maps/map051206.yaml
[0.783s] -- Up-to-date symlink: /home/choi/robot_ws/install/choi_stella_cartographer/share/choi_stella_cartographer/rviz/nav2_ST.rviz
[0.784s] -- Up-to-date symlink: /home/choi/robot_ws/install/choi_stella_cartographer/share/choi_stella_cartographer/rviz/nav2_default_view.rviz
[0.784s] -- Up-to-date symlink: /home/choi/robot_ws/install/choi_stella_cartographer/share/choi_stella_cartographer/rviz/stellabot3.rviz
[0.794s] -- Up-to-date symlink: /home/choi/robot_ws/install/choi_stella_cartographer/share/ament_index/resource_index/package_run_dependencies/choi_stella_cartographer
[0.795s] -- Up-to-date symlink: /home/choi/robot_ws/install/choi_stella_cartographer/share/ament_index/resource_index/parent_prefix_path/choi_stella_cartographer
[0.795s] -- Up-to-date symlink: /home/choi/robot_ws/install/choi_stella_cartographer/share/choi_stella_cartographer/environment/ament_prefix_path.sh
[0.796s] -- Up-to-date symlink: /home/choi/robot_ws/install/choi_stella_cartographer/share/choi_stella_cartographer/environment/ament_prefix_path.dsv
[0.796s] -- Up-to-date symlink: /home/choi/robot_ws/install/choi_stella_cartographer/share/choi_stella_cartographer/environment/path.sh
[0.797s] -- Up-to-date symlink: /home/choi/robot_ws/install/choi_stella_cartographer/share/choi_stella_cartographer/environment/path.dsv
[0.798s] -- Up-to-date symlink: /home/choi/robot_ws/install/choi_stella_cartographer/share/choi_stella_cartographer/local_setup.bash
[0.799s] -- Up-to-date symlink: /home/choi/robot_ws/install/choi_stella_cartographer/share/choi_stella_cartographer/local_setup.sh
[0.800s] -- Up-to-date symlink: /home/choi/robot_ws/install/choi_stella_cartographer/share/choi_stella_cartographer/local_setup.zsh
[0.800s] -- Up-to-date symlink: /home/choi/robot_ws/install/choi_stella_cartographer/share/choi_stella_cartographer/local_setup.dsv
[0.801s] -- Symlinking: /home/choi/robot_ws/install/choi_stella_cartographer/share/choi_stella_cartographer/package.dsv
[0.821s] -- Up-to-date symlink: /home/choi/robot_ws/install/choi_stella_cartographer/share/ament_index/resource_index/packages/choi_stella_cartographer
[0.821s] -- Up-to-date symlink: /home/choi/robot_ws/install/choi_stella_cartographer/share/choi_stella_cartographer/cmake/choi_stella_cartographerConfig.cmake
[0.822s] -- Up-to-date symlink: /home/choi/robot_ws/install/choi_stella_cartographer/share/choi_stella_cartographer/cmake/choi_stella_cartographerConfig-version.cmake
[0.823s] -- Up-to-date symlink: /home/choi/robot_ws/install/choi_stella_cartographer/share/choi_stella_cartographer/package.xml
[0.827s] Invoked command in '/home/choi/robot_ws/build/choi_stella_cartographer' returned '0': CMAKE_PREFIX_PATH=${CMAKE_PREFIX_PATH}:/home/choi/gcamp_ros2_ws/install/py_topic_pkg:/home/choi/gcamp_ros2_ws/install/py_service_pkg:/home/choi/gcamp_ros2_ws/install/py_first_pkg:/home/choi/gcamp_ros2_ws/install/py_action_pkg:/opt/ros/foxy:/home/choi/robot_ws/install/opencv_tests:/home/choi/colcon_ws/install/stella_teleop_bluetooth:/home/choi/colcon_ws/install/stella_teleop:/home/choi/colcon_ws/install/stella_camera /usr/bin/cmake --install /home/choi/robot_ws/build/choi_stella_cartographer
