[0.087s] Invoking command in '/home/choi/robot_ws/build/choi_stella_cartographer': CMAKE_PREFIX_PATH=${CMAKE_PREFIX_PATH}:/home/choi/gcamp_ros2_ws/install/py_topic_pkg:/home/choi/gcamp_ros2_ws/install/py_service_pkg:/home/choi/gcamp_ros2_ws/install/py_first_pkg:/home/choi/gcamp_ros2_ws/install/py_action_pkg:/opt/ros/foxy:/home/choi/robot_ws/install/opencv_tests:/home/choi/colcon_ws/install/stella_teleop_bluetooth:/home/choi/colcon_ws/install/stella_teleop:/home/choi/colcon_ws/install/stella_camera /usr/bin/cmake --build /home/choi/robot_ws/build/choi_stella_cartographer -- -j12 -l12
[0.676s] Invoked command in '/home/choi/robot_ws/build/choi_stella_cartographer' returned '0': CMAKE_PREFIX_PATH=${CMAKE_PREFIX_PATH}:/home/choi/gcamp_ros2_ws/install/py_topic_pkg:/home/choi/gcamp_ros2_ws/install/py_service_pkg:/home/choi/gcamp_ros2_ws/install/py_first_pkg:/home/choi/gcamp_ros2_ws/install/py_action_pkg:/opt/ros/foxy:/home/choi/robot_ws/install/opencv_tests:/home/choi/colcon_ws/install/stella_teleop_bluetooth:/home/choi/colcon_ws/install/stella_teleop:/home/choi/colcon_ws/install/stella_camera /usr/bin/cmake --build /home/choi/robot_ws/build/choi_stella_cartographer -- -j12 -l12
[0.741s] Invoking command in '/home/choi/robot_ws/build/choi_stella_cartographer': CMAKE_PREFIX_PATH=${CMAKE_PREFIX_PATH}:/home/choi/gcamp_ros2_ws/install/py_topic_pkg:/home/choi/gcamp_ros2_ws/install/py_service_pkg:/home/choi/gcamp_ros2_ws/install/py_first_pkg:/home/choi/gcamp_ros2_ws/install/py_action_pkg:/opt/ros/foxy:/home/choi/robot_ws/install/opencv_tests:/home/choi/colcon_ws/install/stella_teleop_bluetooth:/home/choi/colcon_ws/install/stella_teleop:/home/choi/colcon_ws/install/stella_camera /usr/bin/cmake --install /home/choi/robot_ws/build/choi_stella_cartographer
[0.760s] -- Install configuration: ""
[0.777s] -- Execute custom install script
[0.778s] -- Up-to-date symlink: /home/choi/robot_ws/install/choi_stella_cartographer/share/choi_stella_cartographer/launch/ST_cartographer.launch.py
[0.778s] -- Up-to-date symlink: /home/choi/robot_ws/install/choi_stella_cartographer/share/choi_stella_cartographer/launch/cartographer_stella.launch.py
[0.779s] -- Up-to-date symlink: /home/choi/robot_ws/install/choi_stella_cartographer/share/choi_stella_cartographer/launch/occupancy_grid2.launch.py
[0.779s] -- Up-to-date symlink: /home/choi/robot_ws/install/choi_stella_cartographer/share/choi_stella_cartographer/launch/stella_cartographer.launch.py
[0.779s] -- Up-to-date symlink: /home/choi/robot_ws/install/choi_stella_cartographer/share/choi_stella_cartographer/worlds/3obbject
[0.779s] -- Up-to-date symlink: /home/choi/robot_ws/install/choi_stella_cartographer/share/choi_stella_cartographer/worlds/3obbject.world
[0.780s] -- Up-to-date symlink: /home/choi/robot_ws/install/choi_stella_cartographer/share/choi_stella_cartographer/worlds/3object/model.config
[0.780s] -- Up-to-date symlink: /home/choi/robot_ws/install/choi_stella_cartographer/share/choi_stella_cartographer/worlds/3object/model.sdf
[0.780s] -- Up-to-date symlink: /home/choi/robot_ws/install/choi_stella_cartographer/share/choi_stella_cartographer/worlds/empty.world
[0.780s] -- Up-to-date symlink: /home/choi/robot_ws/install/choi_stella_cartographer/share/choi_stella_cartographer/worlds/neworld/model.config
[0.781s] -- Up-to-date symlink: /home/choi/robot_ws/install/choi_stella_cartographer/share/choi_stella_cartographer/worlds/neworld/model.sdf
[0.781s] -- Up-to-date symlink: /home/choi/robot_ws/install/choi_stella_cartographer/share/choi_stella_cartographer/worlds/newworld.world
[0.781s] -- Up-to-date symlink: /home/choi/robot_ws/install/choi_stella_cartographer/share/choi_stella_cartographer/models/CMakeLists.txt
[0.782s] -- Up-to-date symlink: /home/choi/robot_ws/install/choi_stella_cartographer/share/choi_stella_cartographer/models/ground_plane/model.config
[0.782s] -- Up-to-date symlink: /home/choi/robot_ws/install/choi_stella_cartographer/share/choi_stella_cartographer/models/ground_plane/model.sdf
[0.783s] -- Up-to-date symlink: /home/choi/robot_ws/install/choi_stella_cartographer/share/choi_stella_cartographer/models/sun/model.config
[0.783s] -- Up-to-date symlink: /home/choi/robot_ws/install/choi_stella_cartographer/share/choi_stella_cartographer/models/sun/model.sdf
[0.784s] -- Up-to-date symlink: /home/choi/robot_ws/install/choi_stella_cartographer/share/choi_stella_cartographer/meshes/hokuyo.dae
[0.785s] -- Up-to-date symlink: /home/choi/robot_ws/install/choi_stella_cartographer/share/choi_stella_cartographer/urdf/stella_bot.gazebo
[0.786s] -- Up-to-date symlink: /home/choi/robot_ws/install/choi_stella_cartographer/share/choi_stella_cartographer/urdf/stella_bot.urdf
[0.786s] -- Up-to-date symlink: /home/choi/robot_ws/install/choi_stella_cartographer/share/choi_stella_cartographer/urdf/stella_bot.xacro
[0.786s] -- Up-to-date symlink: /home/choi/robot_ws/install/choi_stella_cartographer/share/choi_stella_cartographer/urdf/stella_bot2.urdf
[0.787s] -- Symlinking: /home/choi/robot_ws/install/choi_stella_cartographer/share/choi_stella_cartographer/config/ekf.yaml
[0.821s] -- Up-to-date symlink: /home/choi/robot_ws/install/choi_stella_cartographer/share/choi_stella_cartographer/config/stella2.lua
[0.822s] -- Up-to-date symlink: /home/choi/robot_ws/install/choi_stella_cartographer/share/ament_index/resource_index/package_run_dependencies/choi_stella_cartographer
[0.822s] -- Up-to-date symlink: /home/choi/robot_ws/install/choi_stella_cartographer/share/ament_index/resource_index/parent_prefix_path/choi_stella_cartographer
[0.823s] -- Up-to-date symlink: /home/choi/robot_ws/install/choi_stella_cartographer/share/choi_stella_cartographer/environment/ament_prefix_path.sh
[0.824s] -- Up-to-date symlink: /home/choi/robot_ws/install/choi_stella_cartographer/share/choi_stella_cartographer/environment/ament_prefix_path.dsv
[0.824s] -- Up-to-date symlink: /home/choi/robot_ws/install/choi_stella_cartographer/share/choi_stella_cartographer/environment/path.sh
[0.825s] -- Up-to-date symlink: /home/choi/robot_ws/install/choi_stella_cartographer/share/choi_stella_cartographer/environment/path.dsv
[0.826s] -- Up-to-date symlink: /home/choi/robot_ws/install/choi_stella_cartographer/share/choi_stella_cartographer/local_setup.bash
[0.826s] -- Up-to-date symlink: /home/choi/robot_ws/install/choi_stella_cartographer/share/choi_stella_cartographer/local_setup.sh
[0.827s] -- Up-to-date symlink: /home/choi/robot_ws/install/choi_stella_cartographer/share/choi_stella_cartographer/local_setup.zsh
[0.828s] -- Up-to-date symlink: /home/choi/robot_ws/install/choi_stella_cartographer/share/choi_stella_cartographer/local_setup.dsv
[0.828s] -- Symlinking: /home/choi/robot_ws/install/choi_stella_cartographer/share/choi_stella_cartographer/package.dsv
[0.850s] -- Up-to-date symlink: /home/choi/robot_ws/install/choi_stella_cartographer/share/ament_index/resource_index/packages/choi_stella_cartographer
[0.850s] -- Up-to-date symlink: /home/choi/robot_ws/install/choi_stella_cartographer/share/choi_stella_cartographer/cmake/choi_stella_cartographerConfig.cmake
[0.851s] -- Up-to-date symlink: /home/choi/robot_ws/install/choi_stella_cartographer/share/choi_stella_cartographer/cmake/choi_stella_cartographerConfig-version.cmake
[0.851s] -- Up-to-date symlink: /home/choi/robot_ws/install/choi_stella_cartographer/share/choi_stella_cartographer/package.xml
[0.855s] Invoked command in '/home/choi/robot_ws/build/choi_stella_cartographer' returned '0': CMAKE_PREFIX_PATH=${CMAKE_PREFIX_PATH}:/home/choi/gcamp_ros2_ws/install/py_topic_pkg:/home/choi/gcamp_ros2_ws/install/py_service_pkg:/home/choi/gcamp_ros2_ws/install/py_first_pkg:/home/choi/gcamp_ros2_ws/install/py_action_pkg:/opt/ros/foxy:/home/choi/robot_ws/install/opencv_tests:/home/choi/colcon_ws/install/stella_teleop_bluetooth:/home/choi/colcon_ws/install/stella_teleop:/home/choi/colcon_ws/install/stella_camera /usr/bin/cmake --install /home/choi/robot_ws/build/choi_stella_cartographer
